[2019-12-04 08:37:22] local.ERROR: SQLSTATE[HY000] [2002] Connection refused (SQL: select count(*) as aggregate from `products`) {"exception":"[object] (Illuminate\\Database\\QueryException(code: 2002): SQLSTATE[HY000] [2002] Connection refused (SQL: select count(*) as aggregate from `products`) at /Volumes/KHAC QUANG/ELEDEVO ACEDEMY/Project Demo/quangdemo1/vendor/laravel/framework/src/Illuminate/Database/Connection.php:664, PDOException(code: 2002): SQLSTATE[HY000] [2002] Connection refused at /Volumes/KHAC QUANG/ELEDEVO ACEDEMY/Project Demo/quangdemo1/vendor/laravel/framework/src/Illuminate/Database/Connectors/Connector.php:70)
[stacktrace]
#0 /Volumes/KHAC QUANG/ELEDEVO ACEDEMY/Project Demo/quangdemo1/vendor/laravel/framework/src/Illuminate/Database/Connection.php(624): Illuminate\\Database\\Connection->runQueryCallback('select count(*)...', Array, Object(Closure))
#1 /Volumes/KHAC QUANG/ELEDEVO ACEDEMY/Project Demo/quangdemo1/vendor/laravel/framework/src/Illuminate/Database/Connection.php(333): Illuminate\\Database\\Connection->run('select count(*)...', Array, Object(Closure))
#2 /Volumes/KHAC QUANG/ELEDEVO ACEDEMY/Project Demo/quangdemo1/vendor/laravel/framework/src/Illuminate/Database/Query/Builder.php(2130): Illuminate\\Database\\Connection->select('select count(*)...', Array, true)
#3 /Volumes/KHAC QUANG/ELEDEVO ACEDEMY/Project Demo/quangdemo1/vendor/laravel/framework/src/Illuminate/Database/Query/Builder.php(2118): Illuminate\\Database\\Query\\Builder->runSelect()
#4 /Volumes/KHAC QUANG/ELEDEVO ACEDEMY/Project Demo/quangdemo1/vendor/laravel/framework/src/Illuminate/Database/Query/Builder.php(2604): Illuminate\\Database\\Query\\Builder->Illuminate\\Database\\Query\\{closure}()
#5 /Volumes/KHAC QUANG/ELEDEVO ACEDEMY/Project Demo/quangdemo1/vendor/laravel/framework/src/Illuminate/Database/Query/Builder.php(2119): Illuminate\\Database\\Query\\Builder->onceWithColumns(Array, Object(Closure))
#6 /Volumes/KHAC QUANG/ELEDEVO ACEDEMY/Project Demo/quangdemo1/vendor/laravel/framework/src/Illuminate/Database/Query/Builder.php(2217): Illuminate\\Database\\Query\\Builder->get()
#7 /Volumes/KHAC QUANG/ELEDEVO ACEDEMY/Project Demo/quangdemo1/vendor/laravel/framework/src/Illuminate/Database/Query/Builder.php(2188): Illuminate\\Database\\Query\\Builder->runPaginationCountQuery(Array)
#8 /Volumes/KHAC QUANG/ELEDEVO ACEDEMY/Project Demo/quangdemo1/vendor/laravel/framework/src/Illuminate/Database/Query/Builder.php(2147): Illuminate\\Database\\Query\\Builder->getCountForPagination()
#9 /Volumes/KHAC QUANG/ELEDEVO ACEDEMY/Project Demo/quangdemo1/app/Http/Controllers/ProductController.php(18): Illuminate\\Database\\Query\\Builder->paginate(5)
#10 [internal function]: App\\Http\\Controllers\\ProductController->index(Object(Illuminate\\Http\\Request))
#11 /Volumes/KHAC QUANG/ELEDEVO ACEDEMY/Project Demo/quangdemo1/vendor/laravel/framework/src/Illuminate/Routing/Controller.php(54): call_user_func_array(Array, Array)
#12 /Volumes/KHAC QUANG/ELEDEVO ACEDEMY/Project Demo/quangdemo1/vendor/laravel/framework/src/Illuminate/Routing/ControllerDispatcher.php(45): Illuminate\\Routing\\Controller->callAction('index', Array)
#13 /Volumes/KHAC QUANG/ELEDEVO ACEDEMY/Project Demo/quangdemo1/vendor/laravel/framework/src/Illuminate/Routing/Route.php(219): Illuminate\\Routing\\ControllerDispatcher->dispatch(Object(Illuminate\\Routing\\Route), Object(App\\Http\\Controllers\\ProductController), 'index')
#14 /Volumes/KHAC QUANG/ELEDEVO ACEDEMY/Project Demo/quangdemo1/vendor/laravel/framework/src/Illuminate/Routing/Route.php(176): Illuminate\\Routing\\Route->runController()
#15 /Volumes/KHAC QUANG/ELEDEVO ACEDEMY/Project Demo/quangdemo1/vendor/laravel/framework/src/Illuminate/Routing/Router.php(680): Illuminate\\Routing\\Route->run()
#16 /Volumes/KHAC QUANG/ELEDEVO ACEDEMY/Project Demo/quangdemo1/vendor/laravel/framework/src/Illuminate/Routing/Pipeline.php(30): Illuminate\\Routing\\Router->Illuminate\\Routing\\{closure}(Object(Illuminate\\Http\\Request))
#17 /Volumes/KHAC QUANG/ELEDEVO ACEDEMY/Project Demo/quangdemo1/vendor/laravel/framework/src/Illuminate/Routing/Middleware/SubstituteBindings.php(41): Illuminate\\Routing\\Pipeline->Illuminate\\Routing\\{closure}(Object(Illuminate\\Http\\Request))
#18 /Volumes/KHAC QUANG/ELEDEVO ACEDEMY/Project Demo/quangdemo1/vendor/laravel/framework/src/Illuminate/Pipeline/Pipeline.php(163): Illuminate\\Routing\\Middleware\\SubstituteBindings->handle(Object(Illuminate\\Http\\Request), Object(Closure))
#19 /Volumes/KHAC QUANG/ELEDEVO ACEDEMY/Project Demo/quangdemo1/vendor/laravel/framework/src/Illuminate/Routing/Pipeline.php(53): Illuminate\\Pipeline\\Pipeline->Illuminate\\Pipeline\\{closure}(Object(Illuminate\\Http\\Request))
#20 /Volumes/KHAC QUANG/ELEDEVO ACEDEMY/Project Demo/quangdemo1/vendor/laravel/framework/src/Illuminate/Foundation/Http/Middleware/VerifyCsrfToken.php(75): Illuminate\\Routing\\Pipeline->Illuminate\\Routing\\{closure}(Object(Illuminate\\Http\\Request))
#21 /Volumes/KHAC QUANG/ELEDEVO ACEDEMY/Project Demo/quangdemo1/vendor/laravel/framework/src/Illuminate/Pipeline/Pipeline.php(163): Illuminate\\Foundation\\Http\\Middleware\\VerifyCsrfToken->handle(Object(Illuminate\\Http\\Request), Object(Closure))
#22 /Volumes/KHAC QUANG/ELEDEVO ACEDEMY/Project Demo/quangdemo1/vendor/laravel/framework/src/Illuminate/Routing/Pipeline.php(53): Illuminate\\Pipeline\\Pipeline->Illuminate\\Pipeline\\{closure}(Object(Illuminate\\Http\\Request))
#23 /Volumes/KHAC QUANG/ELEDEVO ACEDEMY/Project Demo/quangdemo1/vendor/laravel/framework/src/Illuminate/View/Middleware/ShareErrorsFromSession.php(49): Illuminate\\Routing\\Pipeline->Illuminate\\Routing\\{closure}(Object(Illuminate\\Http\\Request))
#24 /Volumes/KHAC QUANG/ELEDEVO ACEDEMY/Project Demo/quangdemo1/vendor/laravel/framework/src/Illuminate/Pipeline/Pipeline.php(163): Illuminate\\View\\Middleware\\ShareErrorsFromSession->handle(Object(Illuminate\\Http\\Request), Object(Closure))
#25 /Volumes/KHAC QUANG/ELEDEVO ACEDEMY/Project Demo/quangdemo1/vendor/laravel/framework/src/Illuminate/Routing/Pipeline.php(53): Illuminate\\Pipeline\\Pipeline->Illuminate\\Pipeline\\{closure}(Object(Illuminate\\Http\\Request))
#26 /Volumes/KHAC QUANG/ELEDEVO ACEDEMY/Project Demo/quangdemo1/vendor/laravel/framework/src/Illuminate/Session/Middleware/StartSession.php(56): Illuminate\\Routing\\Pipeline->Illuminate\\Routing\\{closure}(Object(Illuminate\\Http\\Request))
#27 /Volumes/KHAC QUANG/ELEDEVO ACEDEMY/Project Demo/quangdemo1/vendor/laravel/framework/src/Illuminate/Pipeline/Pipeline.php(163): Illuminate\\Session\\Middleware\\StartSession->handle(Object(Illuminate\\Http\\Request), Object(Closure))
#28 /Volumes/KHAC QUANG/ELEDEVO ACEDEMY/Project Demo/quangdemo1/vendor/laravel/framework/src/Illuminate/Routing/Pipeline.php(53): Illuminate\\Pipeline\\Pipeline->Illuminate\\Pipeline\\{closure}(Object(Illuminate\\Http\\Request))
#29 /Volumes/KHAC QUANG/ELEDEVO ACEDEMY/Project Demo/quangdemo1/vendor/laravel/framework/src/Illuminate/Cookie/Middleware/AddQueuedCookiesToResponse.php(37): Illuminate\\Routing\\Pipeline->Illuminate\\Routing\\{closure}(Object(Illuminate\\Http\\Request))
#30 /Volumes/KHAC QUANG/ELEDEVO ACEDEMY/Project Demo/quangdemo1/vendor/laravel/framework/src/Illuminate/Pipeline/Pipeline.php(163): Illuminate\\Cookie\\Middleware\\AddQueuedCookiesToResponse->handle(Object(Illuminate\\Http\\Request), Object(Closure))
#31 /Volumes/KHAC QUANG/ELEDEVO ACEDEMY/Project Demo/quangdemo1/vendor/laravel/framework/src/Illuminate/Routing/Pipeline.php(53): Illuminate\\Pipeline\\Pipeline->Illuminate\\Pipeline\\{closure}(Object(Illuminate\\Http\\Request))
#32 /Volumes/KHAC QUANG/ELEDEVO ACEDEMY/Project Demo/quangdemo1/vendor/laravel/framework/src/Illuminate/Cookie/Middleware/EncryptCookies.php(66): Illuminate\\Routing\\Pipeline->Illuminate\\Routing\\{closure}(Object(Illuminate\\Http\\Request))
#33 /Volumes/KHAC QUANG/ELEDEVO ACEDEMY/Project Demo/quangdemo1/vendor/laravel/framework/src/Illuminate/Pipeline/Pipeline.php(163): Illuminate\\Cookie\\Middleware\\EncryptCookies->handle(Object(Illuminate\\Http\\Request), Object(Closure))
#34 /Volumes/KHAC QUANG/ELEDEVO ACEDEMY/Project Demo/quangdemo1/vendor/laravel/framework/src/Illuminate/Routing/Pipeline.php(53): Illuminate\\Pipeline\\Pipeline->Illuminate\\Pipeline\\{closure}(Object(Illuminate\\Http\\Request))
#35 /Volumes/KHAC QUANG/ELEDEVO ACEDEMY/Project Demo/quangdemo1/vendor/laravel/framework/src/Illuminate/Pipeline/Pipeline.php(104): Illuminate\\Routing\\Pipeline->Illuminate\\Routing\\{closure}(Object(Illuminate\\Http\\Request))
#36 /Volumes/KHAC QUANG/ELEDEVO ACEDEMY/Project Demo/quangdemo1/vendor/laravel/framework/src/Illuminate/Routing/Router.php(682): Illuminate\\Pipeline\\Pipeline->then(Object(Closure))
#37 /Volumes/KHAC QUANG/ELEDEVO ACEDEMY/Project Demo/quangdemo1/vendor/laravel/framework/src/Illuminate/Routing/Router.php(657): Illuminate\\Routing\\Router->runRouteWithinStack(Object(Illuminate\\Routing\\Route), Object(Illuminate\\Http\\Request))
#38 /Volumes/KHAC QUANG/ELEDEVO ACEDEMY/Project Demo/quangdemo1/vendor/laravel/framework/src/Illuminate/Routing/Router.php(623): Illuminate\\Routing\\Router->runRoute(Object(Illuminate\\Http\\Request), Object(Illuminate\\Routing\\Route))
#39 /Volumes/KHAC QUANG/ELEDEVO ACEDEMY/Project Demo/quangdemo1/vendor/laravel/framework/src/Illuminate/Routing/Router.php(612): Illuminate\\Routing\\Router->dispatchToRoute(Object(Illuminate\\Http\\Request))
#40 /Volumes/KHAC QUANG/ELEDEVO ACEDEMY/Project Demo/quangdemo1/vendor/laravel/framework/src/Illuminate/Foundation/Http/Kernel.php(176): Illuminate\\Routing\\Router->dispatch(Object(Illuminate\\Http\\Request))
#41 /Volumes/KHAC QUANG/ELEDEVO ACEDEMY/Project Demo/quangdemo1/vendor/laravel/framework/src/Illuminate/Routing/Pipeline.php(30): Illuminate\\Foundation\\Http\\Kernel->Illuminate\\Foundation\\Http\\{closure}(Object(Illuminate\\Http\\Request))
#42 /Volumes/KHAC QUANG/ELEDEVO ACEDEMY/Project Demo/quangdemo1/vendor/laravel/framework/src/Illuminate/Foundation/Http/Middleware/TransformsRequest.php(21): Illuminate\\Routing\\Pipeline->Illuminate\\Routing\\{closure}(Object(Illuminate\\Http\\Request))
#43 /Volumes/KHAC QUANG/ELEDEVO ACEDEMY/Project Demo/quangdemo1/vendor/laravel/framework/src/Illuminate/Pipeline/Pipeline.php(163): Illuminate\\Foundation\\Http\\Middleware\\TransformsRequest->handle(Object(Illuminate\\Http\\Request), Object(Closure))
#44 /Volumes/KHAC QUANG/ELEDEVO ACEDEMY/Project Demo/quangdemo1/vendor/laravel/framework/src/Illuminate/Routing/Pipeline.php(53): Illuminate\\Pipeline\\Pipeline->Illuminate\\Pipeline\\{closure}(Object(Illuminate\\Http\\Request))
#45 /Volumes/KHAC QUANG/ELEDEVO ACEDEMY/Project Demo/quangdemo1/vendor/laravel/framework/src/Illuminate/Foundation/Http/Middleware/TransformsRequest.php(21): Illuminate\\Routing\\Pipeline->Illuminate\\Routing\\{closure}(Object(Illuminate\\Http\\Request))
#46 /Volumes/KHAC QUANG/ELEDEVO ACEDEMY/Project Demo/quangdemo1/vendor/laravel/framework/src/Illuminate/Pipeline/Pipeline.php(163): Illuminate\\Foundation\\Http\\Middleware\\TransformsRequest->handle(Object(Illuminate\\Http\\Request), Object(Closure))
#47 /Volumes/KHAC QUANG/ELEDEVO ACEDEMY/Project Demo/quangdemo1/vendor/laravel/framework/src/Illuminate/Routing/Pipeline.php(53): Illuminate\\Pipeline\\Pipeline->Illuminate\\Pipeline\\{closure}(Object(Illuminate\\Http\\Request))
#48 /Volumes/KHAC QUANG/ELEDEVO ACEDEMY/Project Demo/quangdemo1/vendor/laravel/framework/src/Illuminate/Foundation/Http/Middleware/ValidatePostSize.php(27): Illuminate\\Routing\\Pipeline->Illuminate\\Routing\\{closure}(Object(Illuminate\\Http\\Request))
#49 /Volumes/KHAC QUANG/ELEDEVO ACEDEMY/Project Demo/quangdemo1/vendor/laravel/framework/src/Illuminate/Pipeline/Pipeline.php(163): Illuminate\\Foundation\\Http\\Middleware\\ValidatePostSize->handle(Object(Illuminate\\Http\\Request), Object(Closure))
#50 /Volumes/KHAC QUANG/ELEDEVO ACEDEMY/Project Demo/quangdemo1/vendor/laravel/framework/src/Illuminate/Routing/Pipeline.php(53): Illuminate\\Pipeline\\Pipeline->Illuminate\\Pipeline\\{closure}(Object(Illuminate\\Http\\Request))
#51 /Volumes/KHAC QUANG/ELEDEVO ACEDEMY/Project Demo/quangdemo1/vendor/laravel/framework/src/Illuminate/Foundation/Http/Middleware/CheckForMaintenanceMode.php(62): Illuminate\\Routing\\Pipeline->Illuminate\\Routing\\{closure}(Object(Illuminate\\Http\\Request))
#52 /Volumes/KHAC QUANG/ELEDEVO ACEDEMY/Project Demo/quangdemo1/vendor/laravel/framework/src/Illuminate/Pipeline/Pipeline.php(163): Illuminate\\Foundation\\Http\\Middleware\\CheckForMaintenanceMode->handle(Object(Illuminate\\Http\\Request), Object(Closure))
#53 /Volumes/KHAC QUANG/ELEDEVO ACEDEMY/Project Demo/quangdemo1/vendor/laravel/framework/src/Illuminate/Routing/Pipeline.php(53): Illuminate\\Pipeline\\Pipeline->Illuminate\\Pipeline\\{closure}(Object(Illuminate\\Http\\Request))
#54 /Volumes/KHAC QUANG/ELEDEVO ACEDEMY/Project Demo/quangdemo1/vendor/fideloper/proxy/src/TrustProxies.php(57): Illuminate\\Routing\\Pipeline->Illuminate\\Routing\\{closure}(Object(Illuminate\\Http\\Request))
#55 /Volumes/KHAC QUANG/ELEDEVO ACEDEMY/Project Demo/quangdemo1/vendor/laravel/framework/src/Illuminate/Pipeline/Pipeline.php(163): Fideloper\\Proxy\\TrustProxies->handle(Object(Illuminate\\Http\\Request), Object(Closure))
#56 /Volumes/KHAC QUANG/ELEDEVO ACEDEMY/Project Demo/quangdemo1/vendor/laravel/framework/src/Illuminate/Routing/Pipeline.php(53): Illuminate\\Pipeline\\Pipeline->Illuminate\\Pipeline\\{closure}(Object(Illuminate\\Http\\Request))
#57 /Volumes/KHAC QUANG/ELEDEVO ACEDEMY/Project Demo/quangdemo1/vendor/laravel/framework/src/Illuminate/Pipeline/Pipeline.php(104): Illuminate\\Routing\\Pipeline->Illuminate\\Routing\\{closure}(Object(Illuminate\\Http\\Request))
#58 /Volumes/KHAC QUANG/ELEDEVO ACEDEMY/Project Demo/quangdemo1/vendor/laravel/framework/src/Illuminate/Foundation/Http/Kernel.php(151): Illuminate\\Pipeline\\Pipeline->then(Object(Closure))
#59 /Volumes/KHAC QUANG/ELEDEVO ACEDEMY/Project Demo/quangdemo1/vendor/laravel/framework/src/Illuminate/Foundation/Http/Kernel.php(116): Illuminate\\Foundation\\Http\\Kernel->sendRequestThroughRouter(Object(Illuminate\\Http\\Request))
#60 /Volumes/KHAC QUANG/ELEDEVO ACEDEMY/Project Demo/quangdemo1/public/index.php(54): Illuminate\\Foundation\\Http\\Kernel->handle(Object(Illuminate\\Http\\Request))
#61 /Volumes/KHAC QUANG/ELEDEVO ACEDEMY/Project Demo/quangdemo1/server.php(21): require_once('/Volumes/KHAC Q...')
#62 {main}
"} 
[2019-12-04 09:11:54] local.ERROR: SQLSTATE[HY000] [2002] Connection refused (SQL: select count(*) as aggregate from `products`) {"exception":"[object] (Illuminate\\Database\\QueryException(code: 2002): SQLSTATE[HY000] [2002] Connection refused (SQL: select count(*) as aggregate from `products`) at /Volumes/KHAC QUANG/ELEDEVO ACEDEMY/Project Demo/quangdemo1/vendor/laravel/framework/src/Illuminate/Database/Connection.php:664, PDOException(code: 2002): SQLSTATE[HY000] [2002] Connection refused at /Volumes/KHAC QUANG/ELEDEVO ACEDEMY/Project Demo/quangdemo1/vendor/laravel/framework/src/Illuminate/Database/Connectors/Connector.php:70)
[stacktrace]
#0 /Volumes/KHAC QUANG/ELEDEVO ACEDEMY/Project Demo/quangdemo1/vendor/laravel/framework/src/Illuminate/Database/Connection.php(624): Illuminate\\Database\\Connection->runQueryCallback('select count(*)...', Array, Object(Closure))
#1 /Volumes/KHAC QUANG/ELEDEVO ACEDEMY/Project Demo/quangdemo1/vendor/laravel/framework/src/Illuminate/Database/Connection.php(333): Illuminate\\Database\\Connection->run('select count(*)...', Array, Object(Closure))
#2 /Volumes/KHAC QUANG/ELEDEVO ACEDEMY/Project Demo/quangdemo1/vendor/laravel/framework/src/Illuminate/Database/Query/Builder.php(2130): Illuminate\\Database\\Connection->select('select count(*)...', Array, true)
#3 /Volumes/KHAC QUANG/ELEDEVO ACEDEMY/Project Demo/quangdemo1/vendor/laravel/framework/src/Illuminate/Database/Query/Builder.php(2118): Illuminate\\Database\\Query\\Builder->runSelect()
#4 /Volumes/KHAC QUANG/ELEDEVO ACEDEMY/Project Demo/quangdemo1/vendor/laravel/framework/src/Illuminate/Database/Query/Builder.php(2604): Illuminate\\Database\\Query\\Builder->Illuminate\\Database\\Query\\{closure}()
#5 /Volumes/KHAC QUANG/ELEDEVO ACEDEMY/Project Demo/quangdemo1/vendor/laravel/framework/src/Illuminate/Database/Query/Builder.php(2119): Illuminate\\Database\\Query\\Builder->onceWithColumns(Array, Object(Closure))
#6 /Volumes/KHAC QUANG/ELEDEVO ACEDEMY/Project Demo/quangdemo1/vendor/laravel/framework/src/Illuminate/Database/Query/Builder.php(2217): Illuminate\\Database\\Query\\Builder->get()
#7 /Volumes/KHAC QUANG/ELEDEVO ACEDEMY/Project Demo/quangdemo1/vendor/laravel/framework/src/Illuminate/Database/Query/Builder.php(2188): Illuminate\\Database\\Query\\Builder->runPaginationCountQuery(Array)
#8 /Volumes/KHAC QUANG/ELEDEVO ACEDEMY/Project Demo/quangdemo1/vendor/laravel/framework/src/Illuminate/Database/Query/Builder.php(2147): Illuminate\\Database\\Query\\Builder->getCountForPagination()
#9 /Volumes/KHAC QUANG/ELEDEVO ACEDEMY/Project Demo/quangdemo1/app/Http/Controllers/ProductController.php(18): Illuminate\\Database\\Query\\Builder->paginate(5)
#10 [internal function]: App\\Http\\Controllers\\ProductController->index(Object(Illuminate\\Http\\Request))
#11 /Volumes/KHAC QUANG/ELEDEVO ACEDEMY/Project Demo/quangdemo1/vendor/laravel/framework/src/Illuminate/Routing/Controller.php(54): call_user_func_array(Array, Array)
#12 /Volumes/KHAC QUANG/ELEDEVO ACEDEMY/Project Demo/quangdemo1/vendor/laravel/framework/src/Illuminate/Routing/ControllerDispatcher.php(45): Illuminate\\Routing\\Controller->callAction('index', Array)
#13 /Volumes/KHAC QUANG/ELEDEVO ACEDEMY/Project Demo/quangdemo1/vendor/laravel/framework/src/Illuminate/Routing/Route.php(219): Illuminate\\Routing\\ControllerDispatcher->dispatch(Object(Illuminate\\Routing\\Route), Object(App\\Http\\Controllers\\ProductController), 'index')
#14 /Volumes/KHAC QUANG/ELEDEVO ACEDEMY/Project Demo/quangdemo1/vendor/laravel/framework/src/Illuminate/Routing/Route.php(176): Illuminate\\Routing\\Route->runController()
#15 /Volumes/KHAC QUANG/ELEDEVO ACEDEMY/Project Demo/quangdemo1/vendor/laravel/framework/src/Illuminate/Routing/Router.php(680): Illuminate\\Routing\\Route->run()
#16 /Volumes/KHAC QUANG/ELEDEVO ACEDEMY/Project Demo/quangdemo1/vendor/laravel/framework/src/Illuminate/Routing/Pipeline.php(30): Illuminate\\Routing\\Router->Illuminate\\Routing\\{closure}(Object(Illuminate\\Http\\Request))
#17 /Volumes/KHAC QUANG/ELEDEVO ACEDEMY/Project Demo/quangdemo1/vendor/laravel/framework/src/Illuminate/Routing/Middleware/SubstituteBindings.php(41): Illuminate\\Routing\\Pipeline->Illuminate\\Routing\\{closure}(Object(Illuminate\\Http\\Request))
#18 /Volumes/KHAC QUANG/ELEDEVO ACEDEMY/Project Demo/quangdemo1/vendor/laravel/framework/src/Illuminate/Pipeline/Pipeline.php(163): Illuminate\\Routing\\Middleware\\SubstituteBindings->handle(Object(Illuminate\\Http\\Request), Object(Closure))
#19 /Volumes/KHAC QUANG/ELEDEVO ACEDEMY/Project Demo/quangdemo1/vendor/laravel/framework/src/Illuminate/Routing/Pipeline.php(53): Illuminate\\Pipeline\\Pipeline->Illuminate\\Pipeline\\{closure}(Object(Illuminate\\Http\\Request))
#20 /Volumes/KHAC QUANG/ELEDEVO ACEDEMY/Project Demo/quangdemo1/vendor/laravel/framework/src/Illuminate/Foundation/Http/Middleware/VerifyCsrfToken.php(75): Illuminate\\Routing\\Pipeline->Illuminate\\Routing\\{closure}(Object(Illuminate\\Http\\Request))
#21 /Volumes/KHAC QUANG/ELEDEVO ACEDEMY/Project Demo/quangdemo1/vendor/laravel/framework/src/Illuminate/Pipeline/Pipeline.php(163): Illuminate\\Foundation\\Http\\Middleware\\VerifyCsrfToken->handle(Object(Illuminate\\Http\\Request), Object(Closure))
#22 /Volumes/KHAC QUANG/ELEDEVO ACEDEMY/Project Demo/quangdemo1/vendor/laravel/framework/src/Illuminate/Routing/Pipeline.php(53): Illuminate\\Pipeline\\Pipeline->Illuminate\\Pipeline\\{closure}(Object(Illuminate\\Http\\Request))
#23 /Volumes/KHAC QUANG/ELEDEVO ACEDEMY/Project Demo/quangdemo1/vendor/laravel/framework/src/Illuminate/View/Middleware/ShareErrorsFromSession.php(49): Illuminate\\Routing\\Pipeline->Illuminate\\Routing\\{closure}(Object(Illuminate\\Http\\Request))
#24 /Volumes/KHAC QUANG/ELEDEVO ACEDEMY/Project Demo/quangdemo1/vendor/laravel/framework/src/Illuminate/Pipeline/Pipeline.php(163): Illuminate\\View\\Middleware\\ShareErrorsFromSession->handle(Object(Illuminate\\Http\\Request), Object(Closure))
#25 /Volumes/KHAC QUANG/ELEDEVO ACEDEMY/Project Demo/quangdemo1/vendor/laravel/framework/src/Illuminate/Routing/Pipeline.php(53): Illuminate\\Pipeline\\Pipeline->Illuminate\\Pipeline\\{closure}(Object(Illuminate\\Http\\Request))
#26 /Volumes/KHAC QUANG/ELEDEVO ACEDEMY/Project Demo/quangdemo1/vendor/laravel/framework/src/Illuminate/Session/Middleware/StartSession.php(56): Illuminate\\Routing\\Pipeline->Illuminate\\Routing\\{closure}(Object(Illuminate\\Http\\Request))
#27 /Volumes/KHAC QUANG/ELEDEVO ACEDEMY/Project Demo/quangdemo1/vendor/laravel/framework/src/Illuminate/Pipeline/Pipeline.php(163): Illuminate\\Session\\Middleware\\StartSession->handle(Object(Illuminate\\Http\\Request), Object(Closure))
#28 /Volumes/KHAC QUANG/ELEDEVO ACEDEMY/Project Demo/quangdemo1/vendor/laravel/framework/src/Illuminate/Routing/Pipeline.php(53): Illuminate\\Pipeline\\Pipeline->Illuminate\\Pipeline\\{closure}(Object(Illuminate\\Http\\Request))
#29 /Volumes/KHAC QUANG/ELEDEVO ACEDEMY/Project Demo/quangdemo1/vendor/laravel/framework/src/Illuminate/Cookie/Middleware/AddQueuedCookiesToResponse.php(37): Illuminate\\Routing\\Pipeline->Illuminate\\Routing\\{closure}(Object(Illuminate\\Http\\Request))
#30 /Volumes/KHAC QUANG/ELEDEVO ACEDEMY/Project Demo/quangdemo1/vendor/laravel/framework/src/Illuminate/Pipeline/Pipeline.php(163): Illuminate\\Cookie\\Middleware\\AddQueuedCookiesToResponse->handle(Object(Illuminate\\Http\\Request), Object(Closure))
#31 /Volumes/KHAC QUANG/ELEDEVO ACEDEMY/Project Demo/quangdemo1/vendor/laravel/framework/src/Illuminate/Routing/Pipeline.php(53): Illuminate\\Pipeline\\Pipeline->Illuminate\\Pipeline\\{closure}(Object(Illuminate\\Http\\Request))
#32 /Volumes/KHAC QUANG/ELEDEVO ACEDEMY/Project Demo/quangdemo1/vendor/laravel/framework/src/Illuminate/Cookie/Middleware/EncryptCookies.php(66): Illuminate\\Routing\\Pipeline->Illuminate\\Routing\\{closure}(Object(Illuminate\\Http\\Request))
#33 /Volumes/KHAC QUANG/ELEDEVO ACEDEMY/Project Demo/quangdemo1/vendor/laravel/framework/src/Illuminate/Pipeline/Pipeline.php(163): Illuminate\\Cookie\\Middleware\\EncryptCookies->handle(Object(Illuminate\\Http\\Request), Object(Closure))
#34 /Volumes/KHAC QUANG/ELEDEVO ACEDEMY/Project Demo/quangdemo1/vendor/laravel/framework/src/Illuminate/Routing/Pipeline.php(53): Illuminate\\Pipeline\\Pipeline->Illuminate\\Pipeline\\{closure}(Object(Illuminate\\Http\\Request))
#35 /Volumes/KHAC QUANG/ELEDEVO ACEDEMY/Project Demo/quangdemo1/vendor/laravel/framework/src/Illuminate/Pipeline/Pipeline.php(104): Illuminate\\Routing\\Pipeline->Illuminate\\Routing\\{closure}(Object(Illuminate\\Http\\Request))
#36 /Volumes/KHAC QUANG/ELEDEVO ACEDEMY/Project Demo/quangdemo1/vendor/laravel/framework/src/Illuminate/Routing/Router.php(682): Illuminate\\Pipeline\\Pipeline->then(Object(Closure))
#37 /Volumes/KHAC QUANG/ELEDEVO ACEDEMY/Project Demo/quangdemo1/vendor/laravel/framework/src/Illuminate/Routing/Router.php(657): Illuminate\\Routing\\Router->runRouteWithinStack(Object(Illuminate\\Routing\\Route), Object(Illuminate\\Http\\Request))
#38 /Volumes/KHAC QUANG/ELEDEVO ACEDEMY/Project Demo/quangdemo1/vendor/laravel/framework/src/Illuminate/Routing/Router.php(623): Illuminate\\Routing\\Router->runRoute(Object(Illuminate\\Http\\Request), Object(Illuminate\\Routing\\Route))
#39 /Volumes/KHAC QUANG/ELEDEVO ACEDEMY/Project Demo/quangdemo1/vendor/laravel/framework/src/Illuminate/Routing/Router.php(612): Illuminate\\Routing\\Router->dispatchToRoute(Object(Illuminate\\Http\\Request))
#40 /Volumes/KHAC QUANG/ELEDEVO ACEDEMY/Project Demo/quangdemo1/vendor/laravel/framework/src/Illuminate/Foundation/Http/Kernel.php(176): Illuminate\\Routing\\Router->dispatch(Object(Illuminate\\Http\\Request))
#41 /Volumes/KHAC QUANG/ELEDEVO ACEDEMY/Project Demo/quangdemo1/vendor/laravel/framework/src/Illuminate/Routing/Pipeline.php(30): Illuminate\\Foundation\\Http\\Kernel->Illuminate\\Foundation\\Http\\{closure}(Object(Illuminate\\Http\\Request))
#42 /Volumes/KHAC QUANG/ELEDEVO ACEDEMY/Project Demo/quangdemo1/vendor/laravel/framework/src/Illuminate/Foundation/Http/Middleware/TransformsRequest.php(21): Illuminate\\Routing\\Pipeline->Illuminate\\Routing\\{closure}(Object(Illuminate\\Http\\Request))
#43 /Volumes/KHAC QUANG/ELEDEVO ACEDEMY/Project Demo/quangdemo1/vendor/laravel/framework/src/Illuminate/Pipeline/Pipeline.php(163): Illuminate\\Foundation\\Http\\Middleware\\TransformsRequest->handle(Object(Illuminate\\Http\\Request), Object(Closure))
#44 /Volumes/KHAC QUANG/ELEDEVO ACEDEMY/Project Demo/quangdemo1/vendor/laravel/framework/src/Illuminate/Routing/Pipeline.php(53): Illuminate\\Pipeline\\Pipeline->Illuminate\\Pipeline\\{closure}(Object(Illuminate\\Http\\Request))
#45 /Volumes/KHAC QUANG/ELEDEVO ACEDEMY/Project Demo/quangdemo1/vendor/laravel/framework/src/Illuminate/Foundation/Http/Middleware/TransformsRequest.php(21): Illuminate\\Routing\\Pipeline->Illuminate\\Routing\\{closure}(Object(Illuminate\\Http\\Request))
#46 /Volumes/KHAC QUANG/ELEDEVO ACEDEMY/Project Demo/quangdemo1/vendor/laravel/framework/src/Illuminate/Pipeline/Pipeline.php(163): Illuminate\\Foundation\\Http\\Middleware\\TransformsRequest->handle(Object(Illuminate\\Http\\Request), Object(Closure))
#47 /Volumes/KHAC QUANG/ELEDEVO ACEDEMY/Project Demo/quangdemo1/vendor/laravel/framework/src/Illuminate/Routing/Pipeline.php(53): Illuminate\\Pipeline\\Pipeline->Illuminate\\Pipeline\\{closure}(Object(Illuminate\\Http\\Request))
#48 /Volumes/KHAC QUANG/ELEDEVO ACEDEMY/Project Demo/quangdemo1/vendor/laravel/framework/src/Illuminate/Foundation/Http/Middleware/ValidatePostSize.php(27): Illuminate\\Routing\\Pipeline->Illuminate\\Routing\\{closure}(Object(Illuminate\\Http\\Request))
#49 /Volumes/KHAC QUANG/ELEDEVO ACEDEMY/Project Demo/quangdemo1/vendor/laravel/framework/src/Illuminate/Pipeline/Pipeline.php(163): Illuminate\\Foundation\\Http\\Middleware\\ValidatePostSize->handle(Object(Illuminate\\Http\\Request), Object(Closure))
#50 /Volumes/KHAC QUANG/ELEDEVO ACEDEMY/Project Demo/quangdemo1/vendor/laravel/framework/src/Illuminate/Routing/Pipeline.php(53): Illuminate\\Pipeline\\Pipeline->Illuminate\\Pipeline\\{closure}(Object(Illuminate\\Http\\Request))
#51 /Volumes/KHAC QUANG/ELEDEVO ACEDEMY/Project Demo/quangdemo1/vendor/laravel/framework/src/Illuminate/Foundation/Http/Middleware/CheckForMaintenanceMode.php(62): Illuminate\\Routing\\Pipeline->Illuminate\\Routing\\{closure}(Object(Illuminate\\Http\\Request))
#52 /Volumes/KHAC QUANG/ELEDEVO ACEDEMY/Project Demo/quangdemo1/vendor/laravel/framework/src/Illuminate/Pipeline/Pipeline.php(163): Illuminate\\Foundation\\Http\\Middleware\\CheckForMaintenanceMode->handle(Object(Illuminate\\Http\\Request), Object(Closure))
#53 /Volumes/KHAC QUANG/ELEDEVO ACEDEMY/Project Demo/quangdemo1/vendor/laravel/framework/src/Illuminate/Routing/Pipeline.php(53): Illuminate\\Pipeline\\Pipeline->Illuminate\\Pipeline\\{closure}(Object(Illuminate\\Http\\Request))
#54 /Volumes/KHAC QUANG/ELEDEVO ACEDEMY/Project Demo/quangdemo1/vendor/fideloper/proxy/src/TrustProxies.php(57): Illuminate\\Routing\\Pipeline->Illuminate\\Routing\\{closure}(Object(Illuminate\\Http\\Request))
#55 /Volumes/KHAC QUANG/ELEDEVO ACEDEMY/Project Demo/quangdemo1/vendor/laravel/framework/src/Illuminate/Pipeline/Pipeline.php(163): Fideloper\\Proxy\\TrustProxies->handle(Object(Illuminate\\Http\\Request), Object(Closure))
#56 /Volumes/KHAC QUANG/ELEDEVO ACEDEMY/Project Demo/quangdemo1/vendor/laravel/framework/src/Illuminate/Routing/Pipeline.php(53): Illuminate\\Pipeline\\Pipeline->Illuminate\\Pipeline\\{closure}(Object(Illuminate\\Http\\Request))
#57 /Volumes/KHAC QUANG/ELEDEVO ACEDEMY/Project Demo/quangdemo1/vendor/laravel/framework/src/Illuminate/Pipeline/Pipeline.php(104): Illuminate\\Routing\\Pipeline->Illuminate\\Routing\\{closure}(Object(Illuminate\\Http\\Request))
#58 /Volumes/KHAC QUANG/ELEDEVO ACEDEMY/Project Demo/quangdemo1/vendor/laravel/framework/src/Illuminate/Foundation/Http/Kernel.php(151): Illuminate\\Pipeline\\Pipeline->then(Object(Closure))
#59 /Volumes/KHAC QUANG/ELEDEVO ACEDEMY/Project Demo/quangdemo1/vendor/laravel/framework/src/Illuminate/Foundation/Http/Kernel.php(116): Illuminate\\Foundation\\Http\\Kernel->sendRequestThroughRouter(Object(Illuminate\\Http\\Request))
#60 /Volumes/KHAC QUANG/ELEDEVO ACEDEMY/Project Demo/quangdemo1/public/index.php(54): Illuminate\\Foundation\\Http\\Kernel->handle(Object(Illuminate\\Http\\Request))
#61 /Volumes/KHAC QUANG/ELEDEVO ACEDEMY/Project Demo/quangdemo1/server.php(21): require_once('/Volumes/KHAC Q...')
#62 {main}
"} 
[2019-12-04 09:24:22] local.ERROR: SQLSTATE[42S22]: Column not found: 1054 Unknown column 'price1' in 'field list' (SQL: insert into `products` (`name`, `price1`, `quantity`, `description`, `expired`) values (name1, 1, 1, desc1, 2019-01-01)) {"exception":"[object] (Illuminate\\Database\\QueryException(code: 42S22): SQLSTATE[42S22]: Column not found: 1054 Unknown column 'price1' in 'field list' (SQL: insert into `products` (`name`, `price1`, `quantity`, `description`, `expired`) values (name1, 1, 1, desc1, 2019-01-01)) at /Volumes/KHAC QUANG/ELEDEVO ACEDEMY/Project Demo/quangdemo1/vendor/laravel/framework/src/Illuminate/Database/Connection.php:664, PDOException(code: 42S22): SQLSTATE[42S22]: Column not found: 1054 Unknown column 'price1' in 'field list' at /Volumes/KHAC QUANG/ELEDEVO ACEDEMY/Project Demo/quangdemo1/vendor/laravel/framework/src/Illuminate/Database/Connection.php:452)
[stacktrace]
#0 /Volumes/KHAC QUANG/ELEDEVO ACEDEMY/Project Demo/quangdemo1/vendor/laravel/framework/src/Illuminate/Database/Connection.php(624): Illuminate\\Database\\Connection->runQueryCallback('insert into `pr...', Array, Object(Closure))
#1 /Volumes/KHAC QUANG/ELEDEVO ACEDEMY/Project Demo/quangdemo1/vendor/laravel/framework/src/Illuminate/Database/Connection.php(459): Illuminate\\Database\\Connection->run('insert into `pr...', Array, Object(Closure))
#2 /Volumes/KHAC QUANG/ELEDEVO ACEDEMY/Project Demo/quangdemo1/vendor/laravel/framework/src/Illuminate/Database/Connection.php(411): Illuminate\\Database\\Connection->statement('insert into `pr...', Array)
#3 /Volumes/KHAC QUANG/ELEDEVO ACEDEMY/Project Demo/quangdemo1/vendor/laravel/framework/src/Illuminate/Database/Query/Builder.php(2646): Illuminate\\Database\\Connection->insert('insert into `pr...', Array)
#4 /Volumes/KHAC QUANG/ELEDEVO ACEDEMY/Project Demo/quangdemo1/app/Http/Controllers/ProductController.php(54): Illuminate\\Database\\Query\\Builder->insert(Array)
#5 [internal function]: App\\Http\\Controllers\\ProductController->create(Object(Illuminate\\Http\\Request))
#6 /Volumes/KHAC QUANG/ELEDEVO ACEDEMY/Project Demo/quangdemo1/vendor/laravel/framework/src/Illuminate/Routing/Controller.php(54): call_user_func_array(Array, Array)
#7 /Volumes/KHAC QUANG/ELEDEVO ACEDEMY/Project Demo/quangdemo1/vendor/laravel/framework/src/Illuminate/Routing/ControllerDispatcher.php(45): Illuminate\\Routing\\Controller->callAction('create', Array)
#8 /Volumes/KHAC QUANG/ELEDEVO ACEDEMY/Project Demo/quangdemo1/vendor/laravel/framework/src/Illuminate/Routing/Route.php(219): Illuminate\\Routing\\ControllerDispatcher->dispatch(Object(Illuminate\\Routing\\Route), Object(App\\Http\\Controllers\\ProductController), 'create')
#9 /Volumes/KHAC QUANG/ELEDEVO ACEDEMY/Project Demo/quangdemo1/vendor/laravel/framework/src/Illuminate/Routing/Route.php(176): Illuminate\\Routing\\Route->runController()
#10 /Volumes/KHAC QUANG/ELEDEVO ACEDEMY/Project Demo/quangdemo1/vendor/laravel/framework/src/Illuminate/Routing/Router.php(680): Illuminate\\Routing\\Route->run()
#11 /Volumes/KHAC QUANG/ELEDEVO ACEDEMY/Project Demo/quangdemo1/vendor/laravel/framework/src/Illuminate/Routing/Pipeline.php(30): Illuminate\\Routing\\Router->Illuminate\\Routing\\{closure}(Object(Illuminate\\Http\\Request))
#12 /Volumes/KHAC QUANG/ELEDEVO ACEDEMY/Project Demo/quangdemo1/vendor/laravel/framework/src/Illuminate/Routing/Middleware/SubstituteBindings.php(41): Illuminate\\Routing\\Pipeline->Illuminate\\Routing\\{closure}(Object(Illuminate\\Http\\Request))
#13 /Volumes/KHAC QUANG/ELEDEVO ACEDEMY/Project Demo/quangdemo1/vendor/laravel/framework/src/Illuminate/Pipeline/Pipeline.php(163): Illuminate\\Routing\\Middleware\\SubstituteBindings->handle(Object(Illuminate\\Http\\Request), Object(Closure))
#14 /Volumes/KHAC QUANG/ELEDEVO ACEDEMY/Project Demo/quangdemo1/vendor/laravel/framework/src/Illuminate/Routing/Pipeline.php(53): Illuminate\\Pipeline\\Pipeline->Illuminate\\Pipeline\\{closure}(Object(Illuminate\\Http\\Request))
#15 /Volumes/KHAC QUANG/ELEDEVO ACEDEMY/Project Demo/quangdemo1/vendor/laravel/framework/src/Illuminate/Foundation/Http/Middleware/VerifyCsrfToken.php(75): Illuminate\\Routing\\Pipeline->Illuminate\\Routing\\{closure}(Object(Illuminate\\Http\\Request))
#16 /Volumes/KHAC QUANG/ELEDEVO ACEDEMY/Project Demo/quangdemo1/vendor/laravel/framework/src/Illuminate/Pipeline/Pipeline.php(163): Illuminate\\Foundation\\Http\\Middleware\\VerifyCsrfToken->handle(Object(Illuminate\\Http\\Request), Object(Closure))
#17 /Volumes/KHAC QUANG/ELEDEVO ACEDEMY/Project Demo/quangdemo1/vendor/laravel/framework/src/Illuminate/Routing/Pipeline.php(53): Illuminate\\Pipeline\\Pipeline->Illuminate\\Pipeline\\{closure}(Object(Illuminate\\Http\\Request))
#18 /Volumes/KHAC QUANG/ELEDEVO ACEDEMY/Project Demo/quangdemo1/vendor/laravel/framework/src/Illuminate/View/Middleware/ShareErrorsFromSession.php(49): Illuminate\\Routing\\Pipeline->Illuminate\\Routing\\{closure}(Object(Illuminate\\Http\\Request))
#19 /Volumes/KHAC QUANG/ELEDEVO ACEDEMY/Project Demo/quangdemo1/vendor/laravel/framework/src/Illuminate/Pipeline/Pipeline.php(163): Illuminate\\View\\Middleware\\ShareErrorsFromSession->handle(Object(Illuminate\\Http\\Request), Object(Closure))
#20 /Volumes/KHAC QUANG/ELEDEVO ACEDEMY/Project Demo/quangdemo1/vendor/laravel/framework/src/Illuminate/Routing/Pipeline.php(53): Illuminate\\Pipeline\\Pipeline->Illuminate\\Pipeline\\{closure}(Object(Illuminate\\Http\\Request))
#21 /Volumes/KHAC QUANG/ELEDEVO ACEDEMY/Project Demo/quangdemo1/vendor/laravel/framework/src/Illuminate/Session/Middleware/StartSession.php(56): Illuminate\\Routing\\Pipeline->Illuminate\\Routing\\{closure}(Object(Illuminate\\Http\\Request))
#22 /Volumes/KHAC QUANG/ELEDEVO ACEDEMY/Project Demo/quangdemo1/vendor/laravel/framework/src/Illuminate/Pipeline/Pipeline.php(163): Illuminate\\Session\\Middleware\\StartSession->handle(Object(Illuminate\\Http\\Request), Object(Closure))
#23 /Volumes/KHAC QUANG/ELEDEVO ACEDEMY/Project Demo/quangdemo1/vendor/laravel/framework/src/Illuminate/Routing/Pipeline.php(53): Illuminate\\Pipeline\\Pipeline->Illuminate\\Pipeline\\{closure}(Object(Illuminate\\Http\\Request))
#24 /Volumes/KHAC QUANG/ELEDEVO ACEDEMY/Project Demo/quangdemo1/vendor/laravel/framework/src/Illuminate/Cookie/Middleware/AddQueuedCookiesToResponse.php(37): Illuminate\\Routing\\Pipeline->Illuminate\\Routing\\{closure}(Object(Illuminate\\Http\\Request))
#25 /Volumes/KHAC QUANG/ELEDEVO ACEDEMY/Project Demo/quangdemo1/vendor/laravel/framework/src/Illuminate/Pipeline/Pipeline.php(163): Illuminate\\Cookie\\Middleware\\AddQueuedCookiesToResponse->handle(Object(Illuminate\\Http\\Request), Object(Closure))
#26 /Volumes/KHAC QUANG/ELEDEVO ACEDEMY/Project Demo/quangdemo1/vendor/laravel/framework/src/Illuminate/Routing/Pipeline.php(53): Illuminate\\Pipeline\\Pipeline->Illuminate\\Pipeline\\{closure}(Object(Illuminate\\Http\\Request))
#27 /Volumes/KHAC QUANG/ELEDEVO ACEDEMY/Project Demo/quangdemo1/vendor/laravel/framework/src/Illuminate/Cookie/Middleware/EncryptCookies.php(66): Illuminate\\Routing\\Pipeline->Illuminate\\Routing\\{closure}(Object(Illuminate\\Http\\Request))
#28 /Volumes/KHAC QUANG/ELEDEVO ACEDEMY/Project Demo/quangdemo1/vendor/laravel/framework/src/Illuminate/Pipeline/Pipeline.php(163): Illuminate\\Cookie\\Middleware\\EncryptCookies->handle(Object(Illuminate\\Http\\Request), Object(Closure))
#29 /Volumes/KHAC QUANG/ELEDEVO ACEDEMY/Project Demo/quangdemo1/vendor/laravel/framework/src/Illuminate/Routing/Pipeline.php(53): Illuminate\\Pipeline\\Pipeline->Illuminate\\Pipeline\\{closure}(Object(Illuminate\\Http\\Request))
#30 /Volumes/KHAC QUANG/ELEDEVO ACEDEMY/Project Demo/quangdemo1/vendor/laravel/framework/src/Illuminate/Pipeline/Pipeline.php(104): Illuminate\\Routing\\Pipeline->Illuminate\\Routing\\{closure}(Object(Illuminate\\Http\\Request))
#31 /Volumes/KHAC QUANG/ELEDEVO ACEDEMY/Project Demo/quangdemo1/vendor/laravel/framework/src/Illuminate/Routing/Router.php(682): Illuminate\\Pipeline\\Pipeline->then(Object(Closure))
#32 /Volumes/KHAC QUANG/ELEDEVO ACEDEMY/Project Demo/quangdemo1/vendor/laravel/framework/src/Illuminate/Routing/Router.php(657): Illuminate\\Routing\\Router->runRouteWithinStack(Object(Illuminate\\Routing\\Route), Object(Illuminate\\Http\\Request))
#33 /Volumes/KHAC QUANG/ELEDEVO ACEDEMY/Project Demo/quangdemo1/vendor/laravel/framework/src/Illuminate/Routing/Router.php(623): Illuminate\\Routing\\Router->runRoute(Object(Illuminate\\Http\\Request), Object(Illuminate\\Routing\\Route))
#34 /Volumes/KHAC QUANG/ELEDEVO ACEDEMY/Project Demo/quangdemo1/vendor/laravel/framework/src/Illuminate/Routing/Router.php(612): Illuminate\\Routing\\Router->dispatchToRoute(Object(Illuminate\\Http\\Request))
#35 /Volumes/KHAC QUANG/ELEDEVO ACEDEMY/Project Demo/quangdemo1/vendor/laravel/framework/src/Illuminate/Foundation/Http/Kernel.php(176): Illuminate\\Routing\\Router->dispatch(Object(Illuminate\\Http\\Request))
#36 /Volumes/KHAC QUANG/ELEDEVO ACEDEMY/Project Demo/quangdemo1/vendor/laravel/framework/src/Illuminate/Routing/Pipeline.php(30): Illuminate\\Foundation\\Http\\Kernel->Illuminate\\Foundation\\Http\\{closure}(Object(Illuminate\\Http\\Request))
#37 /Volumes/KHAC QUANG/ELEDEVO ACEDEMY/Project Demo/quangdemo1/vendor/laravel/framework/src/Illuminate/Foundation/Http/Middleware/TransformsRequest.php(21): Illuminate\\Routing\\Pipeline->Illuminate\\Routing\\{closure}(Object(Illuminate\\Http\\Request))
#38 /Volumes/KHAC QUANG/ELEDEVO ACEDEMY/Project Demo/quangdemo1/vendor/laravel/framework/src/Illuminate/Pipeline/Pipeline.php(163): Illuminate\\Foundation\\Http\\Middleware\\TransformsRequest->handle(Object(Illuminate\\Http\\Request), Object(Closure))
#39 /Volumes/KHAC QUANG/ELEDEVO ACEDEMY/Project Demo/quangdemo1/vendor/laravel/framework/src/Illuminate/Routing/Pipeline.php(53): Illuminate\\Pipeline\\Pipeline->Illuminate\\Pipeline\\{closure}(Object(Illuminate\\Http\\Request))
#40 /Volumes/KHAC QUANG/ELEDEVO ACEDEMY/Project Demo/quangdemo1/vendor/laravel/framework/src/Illuminate/Foundation/Http/Middleware/TransformsRequest.php(21): Illuminate\\Routing\\Pipeline->Illuminate\\Routing\\{closure}(Object(Illuminate\\Http\\Request))
#41 /Volumes/KHAC QUANG/ELEDEVO ACEDEMY/Project Demo/quangdemo1/vendor/laravel/framework/src/Illuminate/Pipeline/Pipeline.php(163): Illuminate\\Foundation\\Http\\Middleware\\TransformsRequest->handle(Object(Illuminate\\Http\\Request), Object(Closure))
#42 /Volumes/KHAC QUANG/ELEDEVO ACEDEMY/Project Demo/quangdemo1/vendor/laravel/framework/src/Illuminate/Routing/Pipeline.php(53): Illuminate\\Pipeline\\Pipeline->Illuminate\\Pipeline\\{closure}(Object(Illuminate\\Http\\Request))
#43 /Volumes/KHAC QUANG/ELEDEVO ACEDEMY/Project Demo/quangdemo1/vendor/laravel/framework/src/Illuminate/Foundation/Http/Middleware/ValidatePostSize.php(27): Illuminate\\Routing\\Pipeline->Illuminate\\Routing\\{closure}(Object(Illuminate\\Http\\Request))
#44 /Volumes/KHAC QUANG/ELEDEVO ACEDEMY/Project Demo/quangdemo1/vendor/laravel/framework/src/Illuminate/Pipeline/Pipeline.php(163): Illuminate\\Foundation\\Http\\Middleware\\ValidatePostSize->handle(Object(Illuminate\\Http\\Request), Object(Closure))
#45 /Volumes/KHAC QUANG/ELEDEVO ACEDEMY/Project Demo/quangdemo1/vendor/laravel/framework/src/Illuminate/Routing/Pipeline.php(53): Illuminate\\Pipeline\\Pipeline->Illuminate\\Pipeline\\{closure}(Object(Illuminate\\Http\\Request))
#46 /Volumes/KHAC QUANG/ELEDEVO ACEDEMY/Project Demo/quangdemo1/vendor/laravel/framework/src/Illuminate/Foundation/Http/Middleware/CheckForMaintenanceMode.php(62): Illuminate\\Routing\\Pipeline->Illuminate\\Routing\\{closure}(Object(Illuminate\\Http\\Request))
#47 /Volumes/KHAC QUANG/ELEDEVO ACEDEMY/Project Demo/quangdemo1/vendor/laravel/framework/src/Illuminate/Pipeline/Pipeline.php(163): Illuminate\\Foundation\\Http\\Middleware\\CheckForMaintenanceMode->handle(Object(Illuminate\\Http\\Request), Object(Closure))
#48 /Volumes/KHAC QUANG/ELEDEVO ACEDEMY/Project Demo/quangdemo1/vendor/laravel/framework/src/Illuminate/Routing/Pipeline.php(53): Illuminate\\Pipeline\\Pipeline->Illuminate\\Pipeline\\{closure}(Object(Illuminate\\Http\\Request))
#49 /Volumes/KHAC QUANG/ELEDEVO ACEDEMY/Project Demo/quangdemo1/vendor/fideloper/proxy/src/TrustProxies.php(57): Illuminate\\Routing\\Pipeline->Illuminate\\Routing\\{closure}(Object(Illuminate\\Http\\Request))
#50 /Volumes/KHAC QUANG/ELEDEVO ACEDEMY/Project Demo/quangdemo1/vendor/laravel/framework/src/Illuminate/Pipeline/Pipeline.php(163): Fideloper\\Proxy\\TrustProxies->handle(Object(Illuminate\\Http\\Request), Object(Closure))
#51 /Volumes/KHAC QUANG/ELEDEVO ACEDEMY/Project Demo/quangdemo1/vendor/laravel/framework/src/Illuminate/Routing/Pipeline.php(53): Illuminate\\Pipeline\\Pipeline->Illuminate\\Pipeline\\{closure}(Object(Illuminate\\Http\\Request))
#52 /Volumes/KHAC QUANG/ELEDEVO ACEDEMY/Project Demo/quangdemo1/vendor/laravel/framework/src/Illuminate/Pipeline/Pipeline.php(104): Illuminate\\Routing\\Pipeline->Illuminate\\Routing\\{closure}(Object(Illuminate\\Http\\Request))
#53 /Volumes/KHAC QUANG/ELEDEVO ACEDEMY/Project Demo/quangdemo1/vendor/laravel/framework/src/Illuminate/Foundation/Http/Kernel.php(151): Illuminate\\Pipeline\\Pipeline->then(Object(Closure))
#54 /Volumes/KHAC QUANG/ELEDEVO ACEDEMY/Project Demo/quangdemo1/vendor/laravel/framework/src/Illuminate/Foundation/Http/Kernel.php(116): Illuminate\\Foundation\\Http\\Kernel->sendRequestThroughRouter(Object(Illuminate\\Http\\Request))
#55 /Volumes/KHAC QUANG/ELEDEVO ACEDEMY/Project Demo/quangdemo1/public/index.php(54): Illuminate\\Foundation\\Http\\Kernel->handle(Object(Illuminate\\Http\\Request))
#56 /Volumes/KHAC QUANG/ELEDEVO ACEDEMY/Project Demo/quangdemo1/server.php(21): require_once('/Volumes/KHAC Q...')
#57 {main}
"} 
