[2020-01-07 11:50:49] local.ERROR: SQLSTATE[HY000] [2002] Connection refused (SQL: select count(*) as aggregate from `products`) {"exception":"[object] (Illuminate\\Database\\QueryException(code: 2002): SQLSTATE[HY000] [2002] Connection refused (SQL: select count(*) as aggregate from `products`) at /Volumes/KHAC QUANG/ELEDEVO ACEDEMY/Project Demo/quangdemo1/vendor/laravel/framework/src/Illuminate/Database/Connection.php:664, PDOException(code: 2002): SQLSTATE[HY000] [2002] Connection refused at /Volumes/KHAC QUANG/ELEDEVO ACEDEMY/Project Demo/quangdemo1/vendor/laravel/framework/src/Illuminate/Database/Connectors/Connector.php:70)
[stacktrace]
#0 /Volumes/KHAC QUANG/ELEDEVO ACEDEMY/Project Demo/quangdemo1/vendor/laravel/framework/src/Illuminate/Database/Connection.php(624): Illuminate\\Database\\Connection->runQueryCallback('select count(*)...', Array, Object(Closure))
#1 /Volumes/KHAC QUANG/ELEDEVO ACEDEMY/Project Demo/quangdemo1/vendor/laravel/framework/src/Illuminate/Database/Connection.php(333): Illuminate\\Database\\Connection->run('select count(*)...', Array, Object(Closure))
#2 /Volumes/KHAC QUANG/ELEDEVO ACEDEMY/Project Demo/quangdemo1/vendor/laravel/framework/src/Illuminate/Database/Query/Builder.php(2130): Illuminate\\Database\\Connection->select('select count(*)...', Array, true)
#3 /Volumes/KHAC QUANG/ELEDEVO ACEDEMY/Project Demo/quangdemo1/vendor/laravel/framework/src/Illuminate/Database/Query/Builder.php(2118): Illuminate\\Database\\Query\\Builder->runSelect()
#4 /Volumes/KHAC QUANG/ELEDEVO ACEDEMY/Project Demo/quangdemo1/vendor/laravel/framework/src/Illuminate/Database/Query/Builder.php(2604): Illuminate\\Database\\Query\\Builder->Illuminate\\Database\\Query\\{closure}()
#5 /Volumes/KHAC QUANG/ELEDEVO ACEDEMY/Project Demo/quangdemo1/vendor/laravel/framework/src/Illuminate/Database/Query/Builder.php(2119): Illuminate\\Database\\Query\\Builder->onceWithColumns(Array, Object(Closure))
#6 /Volumes/KHAC QUANG/ELEDEVO ACEDEMY/Project Demo/quangdemo1/vendor/laravel/framework/src/Illuminate/Database/Query/Builder.php(2217): Illuminate\\Database\\Query\\Builder->get()
#7 /Volumes/KHAC QUANG/ELEDEVO ACEDEMY/Project Demo/quangdemo1/vendor/laravel/framework/src/Illuminate/Database/Query/Builder.php(2188): Illuminate\\Database\\Query\\Builder->runPaginationCountQuery(Array)
#8 /Volumes/KHAC QUANG/ELEDEVO ACEDEMY/Project Demo/quangdemo1/vendor/laravel/framework/src/Illuminate/Database/Query/Builder.php(2147): Illuminate\\Database\\Query\\Builder->getCountForPagination()
#9 /Volumes/KHAC QUANG/ELEDEVO ACEDEMY/Project Demo/quangdemo1/app/Http/Controllers/ProductController.php(21): Illuminate\\Database\\Query\\Builder->paginate(5)
#10 [internal function]: App\\Http\\Controllers\\ProductController->index(Object(Illuminate\\Http\\Request))
#11 /Volumes/KHAC QUANG/ELEDEVO ACEDEMY/Project Demo/quangdemo1/vendor/laravel/framework/src/Illuminate/Routing/Controller.php(54): call_user_func_array(Array, Array)
#12 /Volumes/KHAC QUANG/ELEDEVO ACEDEMY/Project Demo/quangdemo1/vendor/laravel/framework/src/Illuminate/Routing/ControllerDispatcher.php(45): Illuminate\\Routing\\Controller->callAction('index', Array)
#13 /Volumes/KHAC QUANG/ELEDEVO ACEDEMY/Project Demo/quangdemo1/vendor/laravel/framework/src/Illuminate/Routing/Route.php(219): Illuminate\\Routing\\ControllerDispatcher->dispatch(Object(Illuminate\\Routing\\Route), Object(App\\Http\\Controllers\\ProductController), 'index')
#14 /Volumes/KHAC QUANG/ELEDEVO ACEDEMY/Project Demo/quangdemo1/vendor/laravel/framework/src/Illuminate/Routing/Route.php(176): Illuminate\\Routing\\Route->runController()
#15 /Volumes/KHAC QUANG/ELEDEVO ACEDEMY/Project Demo/quangdemo1/vendor/laravel/framework/src/Illuminate/Routing/Router.php(680): Illuminate\\Routing\\Route->run()
#16 /Volumes/KHAC QUANG/ELEDEVO ACEDEMY/Project Demo/quangdemo1/vendor/laravel/framework/src/Illuminate/Routing/Pipeline.php(30): Illuminate\\Routing\\Router->Illuminate\\Routing\\{closure}(Object(Illuminate\\Http\\Request))
#17 /Volumes/KHAC QUANG/ELEDEVO ACEDEMY/Project Demo/quangdemo1/vendor/laravel/framework/src/Illuminate/Routing/Middleware/SubstituteBindings.php(41): Illuminate\\Routing\\Pipeline->Illuminate\\Routing\\{closure}(Object(Illuminate\\Http\\Request))
#18 /Volumes/KHAC QUANG/ELEDEVO ACEDEMY/Project Demo/quangdemo1/vendor/laravel/framework/src/Illuminate/Pipeline/Pipeline.php(163): Illuminate\\Routing\\Middleware\\SubstituteBindings->handle(Object(Illuminate\\Http\\Request), Object(Closure))
#19 /Volumes/KHAC QUANG/ELEDEVO ACEDEMY/Project Demo/quangdemo1/vendor/laravel/framework/src/Illuminate/Routing/Pipeline.php(53): Illuminate\\Pipeline\\Pipeline->Illuminate\\Pipeline\\{closure}(Object(Illuminate\\Http\\Request))
#20 /Volumes/KHAC QUANG/ELEDEVO ACEDEMY/Project Demo/quangdemo1/vendor/laravel/framework/src/Illuminate/Foundation/Http/Middleware/VerifyCsrfToken.php(75): Illuminate\\Routing\\Pipeline->Illuminate\\Routing\\{closure}(Object(Illuminate\\Http\\Request))
#21 /Volumes/KHAC QUANG/ELEDEVO ACEDEMY/Project Demo/quangdemo1/vendor/laravel/framework/src/Illuminate/Pipeline/Pipeline.php(163): Illuminate\\Foundation\\Http\\Middleware\\VerifyCsrfToken->handle(Object(Illuminate\\Http\\Request), Object(Closure))
#22 /Volumes/KHAC QUANG/ELEDEVO ACEDEMY/Project Demo/quangdemo1/vendor/laravel/framework/src/Illuminate/Routing/Pipeline.php(53): Illuminate\\Pipeline\\Pipeline->Illuminate\\Pipeline\\{closure}(Object(Illuminate\\Http\\Request))
#23 /Volumes/KHAC QUANG/ELEDEVO ACEDEMY/Project Demo/quangdemo1/vendor/laravel/framework/src/Illuminate/View/Middleware/ShareErrorsFromSession.php(49): Illuminate\\Routing\\Pipeline->Illuminate\\Routing\\{closure}(Object(Illuminate\\Http\\Request))
#24 /Volumes/KHAC QUANG/ELEDEVO ACEDEMY/Project Demo/quangdemo1/vendor/laravel/framework/src/Illuminate/Pipeline/Pipeline.php(163): Illuminate\\View\\Middleware\\ShareErrorsFromSession->handle(Object(Illuminate\\Http\\Request), Object(Closure))
#25 /Volumes/KHAC QUANG/ELEDEVO ACEDEMY/Project Demo/quangdemo1/vendor/laravel/framework/src/Illuminate/Routing/Pipeline.php(53): Illuminate\\Pipeline\\Pipeline->Illuminate\\Pipeline\\{closure}(Object(Illuminate\\Http\\Request))
#26 /Volumes/KHAC QUANG/ELEDEVO ACEDEMY/Project Demo/quangdemo1/vendor/laravel/framework/src/Illuminate/Session/Middleware/StartSession.php(56): Illuminate\\Routing\\Pipeline->Illuminate\\Routing\\{closure}(Object(Illuminate\\Http\\Request))
#27 /Volumes/KHAC QUANG/ELEDEVO ACEDEMY/Project Demo/quangdemo1/vendor/laravel/framework/src/Illuminate/Pipeline/Pipeline.php(163): Illuminate\\Session\\Middleware\\StartSession->handle(Object(Illuminate\\Http\\Request), Object(Closure))
#28 /Volumes/KHAC QUANG/ELEDEVO ACEDEMY/Project Demo/quangdemo1/vendor/laravel/framework/src/Illuminate/Routing/Pipeline.php(53): Illuminate\\Pipeline\\Pipeline->Illuminate\\Pipeline\\{closure}(Object(Illuminate\\Http\\Request))
#29 /Volumes/KHAC QUANG/ELEDEVO ACEDEMY/Project Demo/quangdemo1/vendor/laravel/framework/src/Illuminate/Cookie/Middleware/AddQueuedCookiesToResponse.php(37): Illuminate\\Routing\\Pipeline->Illuminate\\Routing\\{closure}(Object(Illuminate\\Http\\Request))
#30 /Volumes/KHAC QUANG/ELEDEVO ACEDEMY/Project Demo/quangdemo1/vendor/laravel/framework/src/Illuminate/Pipeline/Pipeline.php(163): Illuminate\\Cookie\\Middleware\\AddQueuedCookiesToResponse->handle(Object(Illuminate\\Http\\Request), Object(Closure))
#31 /Volumes/KHAC QUANG/ELEDEVO ACEDEMY/Project Demo/quangdemo1/vendor/laravel/framework/src/Illuminate/Routing/Pipeline.php(53): Illuminate\\Pipeline\\Pipeline->Illuminate\\Pipeline\\{closure}(Object(Illuminate\\Http\\Request))
#32 /Volumes/KHAC QUANG/ELEDEVO ACEDEMY/Project Demo/quangdemo1/vendor/laravel/framework/src/Illuminate/Cookie/Middleware/EncryptCookies.php(66): Illuminate\\Routing\\Pipeline->Illuminate\\Routing\\{closure}(Object(Illuminate\\Http\\Request))
#33 /Volumes/KHAC QUANG/ELEDEVO ACEDEMY/Project Demo/quangdemo1/vendor/laravel/framework/src/Illuminate/Pipeline/Pipeline.php(163): Illuminate\\Cookie\\Middleware\\EncryptCookies->handle(Object(Illuminate\\Http\\Request), Object(Closure))
#34 /Volumes/KHAC QUANG/ELEDEVO ACEDEMY/Project Demo/quangdemo1/vendor/laravel/framework/src/Illuminate/Routing/Pipeline.php(53): Illuminate\\Pipeline\\Pipeline->Illuminate\\Pipeline\\{closure}(Object(Illuminate\\Http\\Request))
#35 /Volumes/KHAC QUANG/ELEDEVO ACEDEMY/Project Demo/quangdemo1/vendor/laravel/framework/src/Illuminate/Pipeline/Pipeline.php(104): Illuminate\\Routing\\Pipeline->Illuminate\\Routing\\{closure}(Object(Illuminate\\Http\\Request))
#36 /Volumes/KHAC QUANG/ELEDEVO ACEDEMY/Project Demo/quangdemo1/vendor/laravel/framework/src/Illuminate/Routing/Router.php(682): Illuminate\\Pipeline\\Pipeline->then(Object(Closure))
#37 /Volumes/KHAC QUANG/ELEDEVO ACEDEMY/Project Demo/quangdemo1/vendor/laravel/framework/src/Illuminate/Routing/Router.php(657): Illuminate\\Routing\\Router->runRouteWithinStack(Object(Illuminate\\Routing\\Route), Object(Illuminate\\Http\\Request))
#38 /Volumes/KHAC QUANG/ELEDEVO ACEDEMY/Project Demo/quangdemo1/vendor/laravel/framework/src/Illuminate/Routing/Router.php(623): Illuminate\\Routing\\Router->runRoute(Object(Illuminate\\Http\\Request), Object(Illuminate\\Routing\\Route))
#39 /Volumes/KHAC QUANG/ELEDEVO ACEDEMY/Project Demo/quangdemo1/vendor/laravel/framework/src/Illuminate/Routing/Router.php(612): Illuminate\\Routing\\Router->dispatchToRoute(Object(Illuminate\\Http\\Request))
#40 /Volumes/KHAC QUANG/ELEDEVO ACEDEMY/Project Demo/quangdemo1/vendor/laravel/framework/src/Illuminate/Foundation/Http/Kernel.php(176): Illuminate\\Routing\\Router->dispatch(Object(Illuminate\\Http\\Request))
#41 /Volumes/KHAC QUANG/ELEDEVO ACEDEMY/Project Demo/quangdemo1/vendor/laravel/framework/src/Illuminate/Routing/Pipeline.php(30): Illuminate\\Foundation\\Http\\Kernel->Illuminate\\Foundation\\Http\\{closure}(Object(Illuminate\\Http\\Request))
#42 /Volumes/KHAC QUANG/ELEDEVO ACEDEMY/Project Demo/quangdemo1/vendor/laravel/framework/src/Illuminate/Foundation/Http/Middleware/TransformsRequest.php(21): Illuminate\\Routing\\Pipeline->Illuminate\\Routing\\{closure}(Object(Illuminate\\Http\\Request))
#43 /Volumes/KHAC QUANG/ELEDEVO ACEDEMY/Project Demo/quangdemo1/vendor/laravel/framework/src/Illuminate/Pipeline/Pipeline.php(163): Illuminate\\Foundation\\Http\\Middleware\\TransformsRequest->handle(Object(Illuminate\\Http\\Request), Object(Closure))
#44 /Volumes/KHAC QUANG/ELEDEVO ACEDEMY/Project Demo/quangdemo1/vendor/laravel/framework/src/Illuminate/Routing/Pipeline.php(53): Illuminate\\Pipeline\\Pipeline->Illuminate\\Pipeline\\{closure}(Object(Illuminate\\Http\\Request))
#45 /Volumes/KHAC QUANG/ELEDEVO ACEDEMY/Project Demo/quangdemo1/vendor/laravel/framework/src/Illuminate/Foundation/Http/Middleware/TransformsRequest.php(21): Illuminate\\Routing\\Pipeline->Illuminate\\Routing\\{closure}(Object(Illuminate\\Http\\Request))
#46 /Volumes/KHAC QUANG/ELEDEVO ACEDEMY/Project Demo/quangdemo1/vendor/laravel/framework/src/Illuminate/Pipeline/Pipeline.php(163): Illuminate\\Foundation\\Http\\Middleware\\TransformsRequest->handle(Object(Illuminate\\Http\\Request), Object(Closure))
#47 /Volumes/KHAC QUANG/ELEDEVO ACEDEMY/Project Demo/quangdemo1/vendor/laravel/framework/src/Illuminate/Routing/Pipeline.php(53): Illuminate\\Pipeline\\Pipeline->Illuminate\\Pipeline\\{closure}(Object(Illuminate\\Http\\Request))
#48 /Volumes/KHAC QUANG/ELEDEVO ACEDEMY/Project Demo/quangdemo1/vendor/laravel/framework/src/Illuminate/Foundation/Http/Middleware/ValidatePostSize.php(27): Illuminate\\Routing\\Pipeline->Illuminate\\Routing\\{closure}(Object(Illuminate\\Http\\Request))
#49 /Volumes/KHAC QUANG/ELEDEVO ACEDEMY/Project Demo/quangdemo1/vendor/laravel/framework/src/Illuminate/Pipeline/Pipeline.php(163): Illuminate\\Foundation\\Http\\Middleware\\ValidatePostSize->handle(Object(Illuminate\\Http\\Request), Object(Closure))
#50 /Volumes/KHAC QUANG/ELEDEVO ACEDEMY/Project Demo/quangdemo1/vendor/laravel/framework/src/Illuminate/Routing/Pipeline.php(53): Illuminate\\Pipeline\\Pipeline->Illuminate\\Pipeline\\{closure}(Object(Illuminate\\Http\\Request))
#51 /Volumes/KHAC QUANG/ELEDEVO ACEDEMY/Project Demo/quangdemo1/vendor/laravel/framework/src/Illuminate/Foundation/Http/Middleware/CheckForMaintenanceMode.php(62): Illuminate\\Routing\\Pipeline->Illuminate\\Routing\\{closure}(Object(Illuminate\\Http\\Request))
#52 /Volumes/KHAC QUANG/ELEDEVO ACEDEMY/Project Demo/quangdemo1/vendor/laravel/framework/src/Illuminate/Pipeline/Pipeline.php(163): Illuminate\\Foundation\\Http\\Middleware\\CheckForMaintenanceMode->handle(Object(Illuminate\\Http\\Request), Object(Closure))
#53 /Volumes/KHAC QUANG/ELEDEVO ACEDEMY/Project Demo/quangdemo1/vendor/laravel/framework/src/Illuminate/Routing/Pipeline.php(53): Illuminate\\Pipeline\\Pipeline->Illuminate\\Pipeline\\{closure}(Object(Illuminate\\Http\\Request))
#54 /Volumes/KHAC QUANG/ELEDEVO ACEDEMY/Project Demo/quangdemo1/vendor/fideloper/proxy/src/TrustProxies.php(57): Illuminate\\Routing\\Pipeline->Illuminate\\Routing\\{closure}(Object(Illuminate\\Http\\Request))
#55 /Volumes/KHAC QUANG/ELEDEVO ACEDEMY/Project Demo/quangdemo1/vendor/laravel/framework/src/Illuminate/Pipeline/Pipeline.php(163): Fideloper\\Proxy\\TrustProxies->handle(Object(Illuminate\\Http\\Request), Object(Closure))
#56 /Volumes/KHAC QUANG/ELEDEVO ACEDEMY/Project Demo/quangdemo1/vendor/laravel/framework/src/Illuminate/Routing/Pipeline.php(53): Illuminate\\Pipeline\\Pipeline->Illuminate\\Pipeline\\{closure}(Object(Illuminate\\Http\\Request))
#57 /Volumes/KHAC QUANG/ELEDEVO ACEDEMY/Project Demo/quangdemo1/vendor/laravel/framework/src/Illuminate/Pipeline/Pipeline.php(104): Illuminate\\Routing\\Pipeline->Illuminate\\Routing\\{closure}(Object(Illuminate\\Http\\Request))
#58 /Volumes/KHAC QUANG/ELEDEVO ACEDEMY/Project Demo/quangdemo1/vendor/laravel/framework/src/Illuminate/Foundation/Http/Kernel.php(151): Illuminate\\Pipeline\\Pipeline->then(Object(Closure))
#59 /Volumes/KHAC QUANG/ELEDEVO ACEDEMY/Project Demo/quangdemo1/vendor/laravel/framework/src/Illuminate/Foundation/Http/Kernel.php(116): Illuminate\\Foundation\\Http\\Kernel->sendRequestThroughRouter(Object(Illuminate\\Http\\Request))
#60 /Volumes/KHAC QUANG/ELEDEVO ACEDEMY/Project Demo/quangdemo1/public/index.php(54): Illuminate\\Foundation\\Http\\Kernel->handle(Object(Illuminate\\Http\\Request))
#61 /Volumes/KHAC QUANG/ELEDEVO ACEDEMY/Project Demo/quangdemo1/server.php(21): require_once('/Volumes/KHAC Q...')
#62 {main}
"} 
[2020-01-07 11:51:36] local.ERROR: SQLSTATE[42S02]: Base table or view not found: 1146 Table 'projectdemo.products' doesn't exist (SQL: select count(*) as aggregate from `products`) {"exception":"[object] (Illuminate\\Database\\QueryException(code: 42S02): SQLSTATE[42S02]: Base table or view not found: 1146 Table 'projectdemo.products' doesn't exist (SQL: select count(*) as aggregate from `products`) at /Volumes/KHAC QUANG/ELEDEVO ACEDEMY/Project Demo/quangdemo1/vendor/laravel/framework/src/Illuminate/Database/Connection.php:664, PDOException(code: 42S02): SQLSTATE[42S02]: Base table or view not found: 1146 Table 'projectdemo.products' doesn't exist at /Volumes/KHAC QUANG/ELEDEVO ACEDEMY/Project Demo/quangdemo1/vendor/laravel/framework/src/Illuminate/Database/Connection.php:326)
[stacktrace]
#0 /Volumes/KHAC QUANG/ELEDEVO ACEDEMY/Project Demo/quangdemo1/vendor/laravel/framework/src/Illuminate/Database/Connection.php(624): Illuminate\\Database\\Connection->runQueryCallback('select count(*)...', Array, Object(Closure))
#1 /Volumes/KHAC QUANG/ELEDEVO ACEDEMY/Project Demo/quangdemo1/vendor/laravel/framework/src/Illuminate/Database/Connection.php(333): Illuminate\\Database\\Connection->run('select count(*)...', Array, Object(Closure))
#2 /Volumes/KHAC QUANG/ELEDEVO ACEDEMY/Project Demo/quangdemo1/vendor/laravel/framework/src/Illuminate/Database/Query/Builder.php(2130): Illuminate\\Database\\Connection->select('select count(*)...', Array, true)
#3 /Volumes/KHAC QUANG/ELEDEVO ACEDEMY/Project Demo/quangdemo1/vendor/laravel/framework/src/Illuminate/Database/Query/Builder.php(2118): Illuminate\\Database\\Query\\Builder->runSelect()
#4 /Volumes/KHAC QUANG/ELEDEVO ACEDEMY/Project Demo/quangdemo1/vendor/laravel/framework/src/Illuminate/Database/Query/Builder.php(2604): Illuminate\\Database\\Query\\Builder->Illuminate\\Database\\Query\\{closure}()
#5 /Volumes/KHAC QUANG/ELEDEVO ACEDEMY/Project Demo/quangdemo1/vendor/laravel/framework/src/Illuminate/Database/Query/Builder.php(2119): Illuminate\\Database\\Query\\Builder->onceWithColumns(Array, Object(Closure))
#6 /Volumes/KHAC QUANG/ELEDEVO ACEDEMY/Project Demo/quangdemo1/vendor/laravel/framework/src/Illuminate/Database/Query/Builder.php(2217): Illuminate\\Database\\Query\\Builder->get()
#7 /Volumes/KHAC QUANG/ELEDEVO ACEDEMY/Project Demo/quangdemo1/vendor/laravel/framework/src/Illuminate/Database/Query/Builder.php(2188): Illuminate\\Database\\Query\\Builder->runPaginationCountQuery(Array)
#8 /Volumes/KHAC QUANG/ELEDEVO ACEDEMY/Project Demo/quangdemo1/vendor/laravel/framework/src/Illuminate/Database/Query/Builder.php(2147): Illuminate\\Database\\Query\\Builder->getCountForPagination()
#9 /Volumes/KHAC QUANG/ELEDEVO ACEDEMY/Project Demo/quangdemo1/app/Http/Controllers/ProductController.php(17): Illuminate\\Database\\Query\\Builder->paginate(5)
#10 [internal function]: App\\Http\\Controllers\\ProductController->index(Object(Illuminate\\Http\\Request))
#11 /Volumes/KHAC QUANG/ELEDEVO ACEDEMY/Project Demo/quangdemo1/vendor/laravel/framework/src/Illuminate/Routing/Controller.php(54): call_user_func_array(Array, Array)
#12 /Volumes/KHAC QUANG/ELEDEVO ACEDEMY/Project Demo/quangdemo1/vendor/laravel/framework/src/Illuminate/Routing/ControllerDispatcher.php(45): Illuminate\\Routing\\Controller->callAction('index', Array)
#13 /Volumes/KHAC QUANG/ELEDEVO ACEDEMY/Project Demo/quangdemo1/vendor/laravel/framework/src/Illuminate/Routing/Route.php(219): Illuminate\\Routing\\ControllerDispatcher->dispatch(Object(Illuminate\\Routing\\Route), Object(App\\Http\\Controllers\\ProductController), 'index')
#14 /Volumes/KHAC QUANG/ELEDEVO ACEDEMY/Project Demo/quangdemo1/vendor/laravel/framework/src/Illuminate/Routing/Route.php(176): Illuminate\\Routing\\Route->runController()
#15 /Volumes/KHAC QUANG/ELEDEVO ACEDEMY/Project Demo/quangdemo1/vendor/laravel/framework/src/Illuminate/Routing/Router.php(680): Illuminate\\Routing\\Route->run()
#16 /Volumes/KHAC QUANG/ELEDEVO ACEDEMY/Project Demo/quangdemo1/vendor/laravel/framework/src/Illuminate/Routing/Pipeline.php(30): Illuminate\\Routing\\Router->Illuminate\\Routing\\{closure}(Object(Illuminate\\Http\\Request))
#17 /Volumes/KHAC QUANG/ELEDEVO ACEDEMY/Project Demo/quangdemo1/vendor/laravel/framework/src/Illuminate/Routing/Middleware/SubstituteBindings.php(41): Illuminate\\Routing\\Pipeline->Illuminate\\Routing\\{closure}(Object(Illuminate\\Http\\Request))
#18 /Volumes/KHAC QUANG/ELEDEVO ACEDEMY/Project Demo/quangdemo1/vendor/laravel/framework/src/Illuminate/Pipeline/Pipeline.php(163): Illuminate\\Routing\\Middleware\\SubstituteBindings->handle(Object(Illuminate\\Http\\Request), Object(Closure))
#19 /Volumes/KHAC QUANG/ELEDEVO ACEDEMY/Project Demo/quangdemo1/vendor/laravel/framework/src/Illuminate/Routing/Pipeline.php(53): Illuminate\\Pipeline\\Pipeline->Illuminate\\Pipeline\\{closure}(Object(Illuminate\\Http\\Request))
#20 /Volumes/KHAC QUANG/ELEDEVO ACEDEMY/Project Demo/quangdemo1/vendor/laravel/framework/src/Illuminate/Foundation/Http/Middleware/VerifyCsrfToken.php(75): Illuminate\\Routing\\Pipeline->Illuminate\\Routing\\{closure}(Object(Illuminate\\Http\\Request))
#21 /Volumes/KHAC QUANG/ELEDEVO ACEDEMY/Project Demo/quangdemo1/vendor/laravel/framework/src/Illuminate/Pipeline/Pipeline.php(163): Illuminate\\Foundation\\Http\\Middleware\\VerifyCsrfToken->handle(Object(Illuminate\\Http\\Request), Object(Closure))
#22 /Volumes/KHAC QUANG/ELEDEVO ACEDEMY/Project Demo/quangdemo1/vendor/laravel/framework/src/Illuminate/Routing/Pipeline.php(53): Illuminate\\Pipeline\\Pipeline->Illuminate\\Pipeline\\{closure}(Object(Illuminate\\Http\\Request))
#23 /Volumes/KHAC QUANG/ELEDEVO ACEDEMY/Project Demo/quangdemo1/vendor/laravel/framework/src/Illuminate/View/Middleware/ShareErrorsFromSession.php(49): Illuminate\\Routing\\Pipeline->Illuminate\\Routing\\{closure}(Object(Illuminate\\Http\\Request))
#24 /Volumes/KHAC QUANG/ELEDEVO ACEDEMY/Project Demo/quangdemo1/vendor/laravel/framework/src/Illuminate/Pipeline/Pipeline.php(163): Illuminate\\View\\Middleware\\ShareErrorsFromSession->handle(Object(Illuminate\\Http\\Request), Object(Closure))
#25 /Volumes/KHAC QUANG/ELEDEVO ACEDEMY/Project Demo/quangdemo1/vendor/laravel/framework/src/Illuminate/Routing/Pipeline.php(53): Illuminate\\Pipeline\\Pipeline->Illuminate\\Pipeline\\{closure}(Object(Illuminate\\Http\\Request))
#26 /Volumes/KHAC QUANG/ELEDEVO ACEDEMY/Project Demo/quangdemo1/vendor/laravel/framework/src/Illuminate/Session/Middleware/StartSession.php(56): Illuminate\\Routing\\Pipeline->Illuminate\\Routing\\{closure}(Object(Illuminate\\Http\\Request))
#27 /Volumes/KHAC QUANG/ELEDEVO ACEDEMY/Project Demo/quangdemo1/vendor/laravel/framework/src/Illuminate/Pipeline/Pipeline.php(163): Illuminate\\Session\\Middleware\\StartSession->handle(Object(Illuminate\\Http\\Request), Object(Closure))
#28 /Volumes/KHAC QUANG/ELEDEVO ACEDEMY/Project Demo/quangdemo1/vendor/laravel/framework/src/Illuminate/Routing/Pipeline.php(53): Illuminate\\Pipeline\\Pipeline->Illuminate\\Pipeline\\{closure}(Object(Illuminate\\Http\\Request))
#29 /Volumes/KHAC QUANG/ELEDEVO ACEDEMY/Project Demo/quangdemo1/vendor/laravel/framework/src/Illuminate/Cookie/Middleware/AddQueuedCookiesToResponse.php(37): Illuminate\\Routing\\Pipeline->Illuminate\\Routing\\{closure}(Object(Illuminate\\Http\\Request))
#30 /Volumes/KHAC QUANG/ELEDEVO ACEDEMY/Project Demo/quangdemo1/vendor/laravel/framework/src/Illuminate/Pipeline/Pipeline.php(163): Illuminate\\Cookie\\Middleware\\AddQueuedCookiesToResponse->handle(Object(Illuminate\\Http\\Request), Object(Closure))
#31 /Volumes/KHAC QUANG/ELEDEVO ACEDEMY/Project Demo/quangdemo1/vendor/laravel/framework/src/Illuminate/Routing/Pipeline.php(53): Illuminate\\Pipeline\\Pipeline->Illuminate\\Pipeline\\{closure}(Object(Illuminate\\Http\\Request))
#32 /Volumes/KHAC QUANG/ELEDEVO ACEDEMY/Project Demo/quangdemo1/vendor/laravel/framework/src/Illuminate/Cookie/Middleware/EncryptCookies.php(66): Illuminate\\Routing\\Pipeline->Illuminate\\Routing\\{closure}(Object(Illuminate\\Http\\Request))
#33 /Volumes/KHAC QUANG/ELEDEVO ACEDEMY/Project Demo/quangdemo1/vendor/laravel/framework/src/Illuminate/Pipeline/Pipeline.php(163): Illuminate\\Cookie\\Middleware\\EncryptCookies->handle(Object(Illuminate\\Http\\Request), Object(Closure))
#34 /Volumes/KHAC QUANG/ELEDEVO ACEDEMY/Project Demo/quangdemo1/vendor/laravel/framework/src/Illuminate/Routing/Pipeline.php(53): Illuminate\\Pipeline\\Pipeline->Illuminate\\Pipeline\\{closure}(Object(Illuminate\\Http\\Request))
#35 /Volumes/KHAC QUANG/ELEDEVO ACEDEMY/Project Demo/quangdemo1/vendor/laravel/framework/src/Illuminate/Pipeline/Pipeline.php(104): Illuminate\\Routing\\Pipeline->Illuminate\\Routing\\{closure}(Object(Illuminate\\Http\\Request))
#36 /Volumes/KHAC QUANG/ELEDEVO ACEDEMY/Project Demo/quangdemo1/vendor/laravel/framework/src/Illuminate/Routing/Router.php(682): Illuminate\\Pipeline\\Pipeline->then(Object(Closure))
#37 /Volumes/KHAC QUANG/ELEDEVO ACEDEMY/Project Demo/quangdemo1/vendor/laravel/framework/src/Illuminate/Routing/Router.php(657): Illuminate\\Routing\\Router->runRouteWithinStack(Object(Illuminate\\Routing\\Route), Object(Illuminate\\Http\\Request))
#38 /Volumes/KHAC QUANG/ELEDEVO ACEDEMY/Project Demo/quangdemo1/vendor/laravel/framework/src/Illuminate/Routing/Router.php(623): Illuminate\\Routing\\Router->runRoute(Object(Illuminate\\Http\\Request), Object(Illuminate\\Routing\\Route))
#39 /Volumes/KHAC QUANG/ELEDEVO ACEDEMY/Project Demo/quangdemo1/vendor/laravel/framework/src/Illuminate/Routing/Router.php(612): Illuminate\\Routing\\Router->dispatchToRoute(Object(Illuminate\\Http\\Request))
#40 /Volumes/KHAC QUANG/ELEDEVO ACEDEMY/Project Demo/quangdemo1/vendor/laravel/framework/src/Illuminate/Foundation/Http/Kernel.php(176): Illuminate\\Routing\\Router->dispatch(Object(Illuminate\\Http\\Request))
#41 /Volumes/KHAC QUANG/ELEDEVO ACEDEMY/Project Demo/quangdemo1/vendor/laravel/framework/src/Illuminate/Routing/Pipeline.php(30): Illuminate\\Foundation\\Http\\Kernel->Illuminate\\Foundation\\Http\\{closure}(Object(Illuminate\\Http\\Request))
#42 /Volumes/KHAC QUANG/ELEDEVO ACEDEMY/Project Demo/quangdemo1/vendor/laravel/framework/src/Illuminate/Foundation/Http/Middleware/TransformsRequest.php(21): Illuminate\\Routing\\Pipeline->Illuminate\\Routing\\{closure}(Object(Illuminate\\Http\\Request))
#43 /Volumes/KHAC QUANG/ELEDEVO ACEDEMY/Project Demo/quangdemo1/vendor/laravel/framework/src/Illuminate/Pipeline/Pipeline.php(163): Illuminate\\Foundation\\Http\\Middleware\\TransformsRequest->handle(Object(Illuminate\\Http\\Request), Object(Closure))
#44 /Volumes/KHAC QUANG/ELEDEVO ACEDEMY/Project Demo/quangdemo1/vendor/laravel/framework/src/Illuminate/Routing/Pipeline.php(53): Illuminate\\Pipeline\\Pipeline->Illuminate\\Pipeline\\{closure}(Object(Illuminate\\Http\\Request))
#45 /Volumes/KHAC QUANG/ELEDEVO ACEDEMY/Project Demo/quangdemo1/vendor/laravel/framework/src/Illuminate/Foundation/Http/Middleware/TransformsRequest.php(21): Illuminate\\Routing\\Pipeline->Illuminate\\Routing\\{closure}(Object(Illuminate\\Http\\Request))
#46 /Volumes/KHAC QUANG/ELEDEVO ACEDEMY/Project Demo/quangdemo1/vendor/laravel/framework/src/Illuminate/Pipeline/Pipeline.php(163): Illuminate\\Foundation\\Http\\Middleware\\TransformsRequest->handle(Object(Illuminate\\Http\\Request), Object(Closure))
#47 /Volumes/KHAC QUANG/ELEDEVO ACEDEMY/Project Demo/quangdemo1/vendor/laravel/framework/src/Illuminate/Routing/Pipeline.php(53): Illuminate\\Pipeline\\Pipeline->Illuminate\\Pipeline\\{closure}(Object(Illuminate\\Http\\Request))
#48 /Volumes/KHAC QUANG/ELEDEVO ACEDEMY/Project Demo/quangdemo1/vendor/laravel/framework/src/Illuminate/Foundation/Http/Middleware/ValidatePostSize.php(27): Illuminate\\Routing\\Pipeline->Illuminate\\Routing\\{closure}(Object(Illuminate\\Http\\Request))
#49 /Volumes/KHAC QUANG/ELEDEVO ACEDEMY/Project Demo/quangdemo1/vendor/laravel/framework/src/Illuminate/Pipeline/Pipeline.php(163): Illuminate\\Foundation\\Http\\Middleware\\ValidatePostSize->handle(Object(Illuminate\\Http\\Request), Object(Closure))
#50 /Volumes/KHAC QUANG/ELEDEVO ACEDEMY/Project Demo/quangdemo1/vendor/laravel/framework/src/Illuminate/Routing/Pipeline.php(53): Illuminate\\Pipeline\\Pipeline->Illuminate\\Pipeline\\{closure}(Object(Illuminate\\Http\\Request))
#51 /Volumes/KHAC QUANG/ELEDEVO ACEDEMY/Project Demo/quangdemo1/vendor/laravel/framework/src/Illuminate/Foundation/Http/Middleware/CheckForMaintenanceMode.php(62): Illuminate\\Routing\\Pipeline->Illuminate\\Routing\\{closure}(Object(Illuminate\\Http\\Request))
#52 /Volumes/KHAC QUANG/ELEDEVO ACEDEMY/Project Demo/quangdemo1/vendor/laravel/framework/src/Illuminate/Pipeline/Pipeline.php(163): Illuminate\\Foundation\\Http\\Middleware\\CheckForMaintenanceMode->handle(Object(Illuminate\\Http\\Request), Object(Closure))
#53 /Volumes/KHAC QUANG/ELEDEVO ACEDEMY/Project Demo/quangdemo1/vendor/laravel/framework/src/Illuminate/Routing/Pipeline.php(53): Illuminate\\Pipeline\\Pipeline->Illuminate\\Pipeline\\{closure}(Object(Illuminate\\Http\\Request))
#54 /Volumes/KHAC QUANG/ELEDEVO ACEDEMY/Project Demo/quangdemo1/vendor/fideloper/proxy/src/TrustProxies.php(57): Illuminate\\Routing\\Pipeline->Illuminate\\Routing\\{closure}(Object(Illuminate\\Http\\Request))
#55 /Volumes/KHAC QUANG/ELEDEVO ACEDEMY/Project Demo/quangdemo1/vendor/laravel/framework/src/Illuminate/Pipeline/Pipeline.php(163): Fideloper\\Proxy\\TrustProxies->handle(Object(Illuminate\\Http\\Request), Object(Closure))
#56 /Volumes/KHAC QUANG/ELEDEVO ACEDEMY/Project Demo/quangdemo1/vendor/laravel/framework/src/Illuminate/Routing/Pipeline.php(53): Illuminate\\Pipeline\\Pipeline->Illuminate\\Pipeline\\{closure}(Object(Illuminate\\Http\\Request))
#57 /Volumes/KHAC QUANG/ELEDEVO ACEDEMY/Project Demo/quangdemo1/vendor/laravel/framework/src/Illuminate/Pipeline/Pipeline.php(104): Illuminate\\Routing\\Pipeline->Illuminate\\Routing\\{closure}(Object(Illuminate\\Http\\Request))
#58 /Volumes/KHAC QUANG/ELEDEVO ACEDEMY/Project Demo/quangdemo1/vendor/laravel/framework/src/Illuminate/Foundation/Http/Kernel.php(151): Illuminate\\Pipeline\\Pipeline->then(Object(Closure))
#59 /Volumes/KHAC QUANG/ELEDEVO ACEDEMY/Project Demo/quangdemo1/vendor/laravel/framework/src/Illuminate/Foundation/Http/Kernel.php(116): Illuminate\\Foundation\\Http\\Kernel->sendRequestThroughRouter(Object(Illuminate\\Http\\Request))
#60 /Volumes/KHAC QUANG/ELEDEVO ACEDEMY/Project Demo/quangdemo1/public/index.php(54): Illuminate\\Foundation\\Http\\Kernel->handle(Object(Illuminate\\Http\\Request))
#61 /Volumes/KHAC QUANG/ELEDEVO ACEDEMY/Project Demo/quangdemo1/server.php(21): require_once('/Volumes/KHAC Q...')
#62 {main}
"} 
[2020-01-07 11:52:25] local.ERROR: SQLSTATE[42S01]: Base table or view already exists: 1050 Table 'productxs' already exists (SQL: create table `productxs` (`id` bigint unsigned not null auto_increment primary key, `name` varchar(255) not null, `price` bigint not null, `description` varchar(255) not null, `img` varchar(255) not null, `quantity` int not null, `expired` date not null, `created_at` timestamp null, `updated_at` timestamp null) default character set utf8mb4 collate 'utf8mb4_unicode_ci') {"exception":"[object] (Illuminate\\Database\\QueryException(code: 42S01): SQLSTATE[42S01]: Base table or view already exists: 1050 Table 'productxs' already exists (SQL: create table `productxs` (`id` bigint unsigned not null auto_increment primary key, `name` varchar(255) not null, `price` bigint not null, `description` varchar(255) not null, `img` varchar(255) not null, `quantity` int not null, `expired` date not null, `created_at` timestamp null, `updated_at` timestamp null) default character set utf8mb4 collate 'utf8mb4_unicode_ci') at /Volumes/KHAC QUANG/ELEDEVO ACEDEMY/Project Demo/quangdemo1/vendor/laravel/framework/src/Illuminate/Database/Connection.php:664, PDOException(code: 42S01): SQLSTATE[42S01]: Base table or view already exists: 1050 Table 'productxs' already exists at /Volumes/KHAC QUANG/ELEDEVO ACEDEMY/Project Demo/quangdemo1/vendor/laravel/framework/src/Illuminate/Database/Connection.php:458)
[stacktrace]
#0 /Volumes/KHAC QUANG/ELEDEVO ACEDEMY/Project Demo/quangdemo1/vendor/laravel/framework/src/Illuminate/Database/Connection.php(624): Illuminate\\Database\\Connection->runQueryCallback('create table `p...', Array, Object(Closure))
#1 /Volumes/KHAC QUANG/ELEDEVO ACEDEMY/Project Demo/quangdemo1/vendor/laravel/framework/src/Illuminate/Database/Connection.php(459): Illuminate\\Database\\Connection->run('create table `p...', Array, Object(Closure))
#2 /Volumes/KHAC QUANG/ELEDEVO ACEDEMY/Project Demo/quangdemo1/vendor/laravel/framework/src/Illuminate/Database/Schema/Blueprint.php(97): Illuminate\\Database\\Connection->statement('create table `p...')
#3 /Volumes/KHAC QUANG/ELEDEVO ACEDEMY/Project Demo/quangdemo1/vendor/laravel/framework/src/Illuminate/Database/Schema/Builder.php(278): Illuminate\\Database\\Schema\\Blueprint->build(Object(Illuminate\\Database\\MySqlConnection), Object(Illuminate\\Database\\Schema\\Grammars\\MySqlGrammar))
#4 /Volumes/KHAC QUANG/ELEDEVO ACEDEMY/Project Demo/quangdemo1/vendor/laravel/framework/src/Illuminate/Database/Schema/Builder.php(167): Illuminate\\Database\\Schema\\Builder->build(Object(Illuminate\\Database\\Schema\\Blueprint))
#5 /Volumes/KHAC QUANG/ELEDEVO ACEDEMY/Project Demo/quangdemo1/vendor/laravel/framework/src/Illuminate/Support/Facades/Facade.php(239): Illuminate\\Database\\Schema\\Builder->create('productxs', Object(Closure))
#6 /Volumes/KHAC QUANG/ELEDEVO ACEDEMY/Project Demo/quangdemo1/database/migrations/2019_12_31_121839_create_table_products_table.php(25): Illuminate\\Support\\Facades\\Facade::__callStatic('create', Array)
#7 /Volumes/KHAC QUANG/ELEDEVO ACEDEMY/Project Demo/quangdemo1/vendor/laravel/framework/src/Illuminate/Database/Migrations/Migrator.php(387): CreateTableProductsTable->up()
#8 /Volumes/KHAC QUANG/ELEDEVO ACEDEMY/Project Demo/quangdemo1/vendor/laravel/framework/src/Illuminate/Database/Migrations/Migrator.php(396): Illuminate\\Database\\Migrations\\Migrator->Illuminate\\Database\\Migrations\\{closure}()
#9 /Volumes/KHAC QUANG/ELEDEVO ACEDEMY/Project Demo/quangdemo1/vendor/laravel/framework/src/Illuminate/Database/Migrations/Migrator.php(197): Illuminate\\Database\\Migrations\\Migrator->runMigration(Object(CreateTableProductsTable), 'up')
#10 /Volumes/KHAC QUANG/ELEDEVO ACEDEMY/Project Demo/quangdemo1/vendor/laravel/framework/src/Illuminate/Database/Migrations/Migrator.php(162): Illuminate\\Database\\Migrations\\Migrator->runUp('/Volumes/KHAC Q...', 3, false)
#11 /Volumes/KHAC QUANG/ELEDEVO ACEDEMY/Project Demo/quangdemo1/vendor/laravel/framework/src/Illuminate/Database/Migrations/Migrator.php(109): Illuminate\\Database\\Migrations\\Migrator->runPending(Array, Array)
#12 /Volumes/KHAC QUANG/ELEDEVO ACEDEMY/Project Demo/quangdemo1/vendor/laravel/framework/src/Illuminate/Database/Console/Migrations/MigrateCommand.php(71): Illuminate\\Database\\Migrations\\Migrator->run(Array, Array)
#13 [internal function]: Illuminate\\Database\\Console\\Migrations\\MigrateCommand->handle()
#14 /Volumes/KHAC QUANG/ELEDEVO ACEDEMY/Project Demo/quangdemo1/vendor/laravel/framework/src/Illuminate/Container/BoundMethod.php(32): call_user_func_array(Array, Array)
#15 /Volumes/KHAC QUANG/ELEDEVO ACEDEMY/Project Demo/quangdemo1/vendor/laravel/framework/src/Illuminate/Container/BoundMethod.php(90): Illuminate\\Container\\BoundMethod::Illuminate\\Container\\{closure}()
#16 /Volumes/KHAC QUANG/ELEDEVO ACEDEMY/Project Demo/quangdemo1/vendor/laravel/framework/src/Illuminate/Container/BoundMethod.php(34): Illuminate\\Container\\BoundMethod::callBoundMethod(Object(Illuminate\\Foundation\\Application), Array, Object(Closure))
#17 /Volumes/KHAC QUANG/ELEDEVO ACEDEMY/Project Demo/quangdemo1/vendor/laravel/framework/src/Illuminate/Container/Container.php(576): Illuminate\\Container\\BoundMethod::call(Object(Illuminate\\Foundation\\Application), Array, Array, NULL)
#18 /Volumes/KHAC QUANG/ELEDEVO ACEDEMY/Project Demo/quangdemo1/vendor/laravel/framework/src/Illuminate/Console/Command.php(183): Illuminate\\Container\\Container->call(Array)
#19 /Volumes/KHAC QUANG/ELEDEVO ACEDEMY/Project Demo/quangdemo1/vendor/symfony/console/Command/Command.php(255): Illuminate\\Console\\Command->execute(Object(Symfony\\Component\\Console\\Input\\ArrayInput), Object(Illuminate\\Console\\OutputStyle))
#20 /Volumes/KHAC QUANG/ELEDEVO ACEDEMY/Project Demo/quangdemo1/vendor/laravel/framework/src/Illuminate/Console/Command.php(170): Symfony\\Component\\Console\\Command\\Command->run(Object(Symfony\\Component\\Console\\Input\\ArrayInput), Object(Illuminate\\Console\\OutputStyle))
#21 /Volumes/KHAC QUANG/ELEDEVO ACEDEMY/Project Demo/quangdemo1/vendor/laravel/framework/src/Illuminate/Console/Command.php(198): Illuminate\\Console\\Command->run(Object(Symfony\\Component\\Console\\Input\\ArrayInput), Object(Illuminate\\Console\\OutputStyle))
#22 /Volumes/KHAC QUANG/ELEDEVO ACEDEMY/Project Demo/quangdemo1/vendor/laravel/framework/src/Illuminate/Database/Console/Migrations/RefreshCommand.php(60): Illuminate\\Console\\Command->call('migrate', Array)
#23 [internal function]: Illuminate\\Database\\Console\\Migrations\\RefreshCommand->handle()
#24 /Volumes/KHAC QUANG/ELEDEVO ACEDEMY/Project Demo/quangdemo1/vendor/laravel/framework/src/Illuminate/Container/BoundMethod.php(32): call_user_func_array(Array, Array)
#25 /Volumes/KHAC QUANG/ELEDEVO ACEDEMY/Project Demo/quangdemo1/vendor/laravel/framework/src/Illuminate/Container/BoundMethod.php(90): Illuminate\\Container\\BoundMethod::Illuminate\\Container\\{closure}()
#26 /Volumes/KHAC QUANG/ELEDEVO ACEDEMY/Project Demo/quangdemo1/vendor/laravel/framework/src/Illuminate/Container/BoundMethod.php(34): Illuminate\\Container\\BoundMethod::callBoundMethod(Object(Illuminate\\Foundation\\Application), Array, Object(Closure))
#27 /Volumes/KHAC QUANG/ELEDEVO ACEDEMY/Project Demo/quangdemo1/vendor/laravel/framework/src/Illuminate/Container/Container.php(576): Illuminate\\Container\\BoundMethod::call(Object(Illuminate\\Foundation\\Application), Array, Array, NULL)
#28 /Volumes/KHAC QUANG/ELEDEVO ACEDEMY/Project Demo/quangdemo1/vendor/laravel/framework/src/Illuminate/Console/Command.php(183): Illuminate\\Container\\Container->call(Array)
#29 /Volumes/KHAC QUANG/ELEDEVO ACEDEMY/Project Demo/quangdemo1/vendor/symfony/console/Command/Command.php(255): Illuminate\\Console\\Command->execute(Object(Symfony\\Component\\Console\\Input\\ArgvInput), Object(Illuminate\\Console\\OutputStyle))
#30 /Volumes/KHAC QUANG/ELEDEVO ACEDEMY/Project Demo/quangdemo1/vendor/laravel/framework/src/Illuminate/Console/Command.php(170): Symfony\\Component\\Console\\Command\\Command->run(Object(Symfony\\Component\\Console\\Input\\ArgvInput), Object(Illuminate\\Console\\OutputStyle))
#31 /Volumes/KHAC QUANG/ELEDEVO ACEDEMY/Project Demo/quangdemo1/vendor/symfony/console/Application.php(1011): Illuminate\\Console\\Command->run(Object(Symfony\\Component\\Console\\Input\\ArgvInput), Object(Symfony\\Component\\Console\\Output\\ConsoleOutput))
#32 /Volumes/KHAC QUANG/ELEDEVO ACEDEMY/Project Demo/quangdemo1/vendor/symfony/console/Application.php(272): Symfony\\Component\\Console\\Application->doRunCommand(Object(Illuminate\\Database\\Console\\Migrations\\RefreshCommand), Object(Symfony\\Component\\Console\\Input\\ArgvInput), Object(Symfony\\Component\\Console\\Output\\ConsoleOutput))
#33 /Volumes/KHAC QUANG/ELEDEVO ACEDEMY/Project Demo/quangdemo1/vendor/symfony/console/Application.php(148): Symfony\\Component\\Console\\Application->doRun(Object(Symfony\\Component\\Console\\Input\\ArgvInput), Object(Symfony\\Component\\Console\\Output\\ConsoleOutput))
#34 /Volumes/KHAC QUANG/ELEDEVO ACEDEMY/Project Demo/quangdemo1/vendor/laravel/framework/src/Illuminate/Console/Application.php(90): Symfony\\Component\\Console\\Application->run(Object(Symfony\\Component\\Console\\Input\\ArgvInput), Object(Symfony\\Component\\Console\\Output\\ConsoleOutput))
#35 /Volumes/KHAC QUANG/ELEDEVO ACEDEMY/Project Demo/quangdemo1/vendor/laravel/framework/src/Illuminate/Foundation/Console/Kernel.php(133): Illuminate\\Console\\Application->run(Object(Symfony\\Component\\Console\\Input\\ArgvInput), Object(Symfony\\Component\\Console\\Output\\ConsoleOutput))
#36 /Volumes/KHAC QUANG/ELEDEVO ACEDEMY/Project Demo/quangdemo1/artisan(37): Illuminate\\Foundation\\Console\\Kernel->handle(Object(Symfony\\Component\\Console\\Input\\ArgvInput), Object(Symfony\\Component\\Console\\Output\\ConsoleOutput))
#37 {main}
"} 
[2020-01-07 11:53:30] local.ERROR: SQLSTATE[42S01]: Base table or view already exists: 1050 Table 'productxs' already exists (SQL: create table `productxs` (`id` bigint unsigned not null auto_increment primary key, `name` varchar(255) not null, `price` bigint not null, `description` varchar(255) not null, `img` varchar(255) not null, `quantity` int not null, `expired` date not null, `created_at` timestamp null, `updated_at` timestamp null) default character set utf8mb4 collate 'utf8mb4_unicode_ci') {"exception":"[object] (Illuminate\\Database\\QueryException(code: 42S01): SQLSTATE[42S01]: Base table or view already exists: 1050 Table 'productxs' already exists (SQL: create table `productxs` (`id` bigint unsigned not null auto_increment primary key, `name` varchar(255) not null, `price` bigint not null, `description` varchar(255) not null, `img` varchar(255) not null, `quantity` int not null, `expired` date not null, `created_at` timestamp null, `updated_at` timestamp null) default character set utf8mb4 collate 'utf8mb4_unicode_ci') at /Volumes/KHAC QUANG/ELEDEVO ACEDEMY/Project Demo/quangdemo1/vendor/laravel/framework/src/Illuminate/Database/Connection.php:664, PDOException(code: 42S01): SQLSTATE[42S01]: Base table or view already exists: 1050 Table 'productxs' already exists at /Volumes/KHAC QUANG/ELEDEVO ACEDEMY/Project Demo/quangdemo1/vendor/laravel/framework/src/Illuminate/Database/Connection.php:458)
[stacktrace]
#0 /Volumes/KHAC QUANG/ELEDEVO ACEDEMY/Project Demo/quangdemo1/vendor/laravel/framework/src/Illuminate/Database/Connection.php(624): Illuminate\\Database\\Connection->runQueryCallback('create table `p...', Array, Object(Closure))
#1 /Volumes/KHAC QUANG/ELEDEVO ACEDEMY/Project Demo/quangdemo1/vendor/laravel/framework/src/Illuminate/Database/Connection.php(459): Illuminate\\Database\\Connection->run('create table `p...', Array, Object(Closure))
#2 /Volumes/KHAC QUANG/ELEDEVO ACEDEMY/Project Demo/quangdemo1/vendor/laravel/framework/src/Illuminate/Database/Schema/Blueprint.php(97): Illuminate\\Database\\Connection->statement('create table `p...')
#3 /Volumes/KHAC QUANG/ELEDEVO ACEDEMY/Project Demo/quangdemo1/vendor/laravel/framework/src/Illuminate/Database/Schema/Builder.php(278): Illuminate\\Database\\Schema\\Blueprint->build(Object(Illuminate\\Database\\MySqlConnection), Object(Illuminate\\Database\\Schema\\Grammars\\MySqlGrammar))
#4 /Volumes/KHAC QUANG/ELEDEVO ACEDEMY/Project Demo/quangdemo1/vendor/laravel/framework/src/Illuminate/Database/Schema/Builder.php(167): Illuminate\\Database\\Schema\\Builder->build(Object(Illuminate\\Database\\Schema\\Blueprint))
#5 /Volumes/KHAC QUANG/ELEDEVO ACEDEMY/Project Demo/quangdemo1/vendor/laravel/framework/src/Illuminate/Support/Facades/Facade.php(239): Illuminate\\Database\\Schema\\Builder->create('productxs', Object(Closure))
#6 /Volumes/KHAC QUANG/ELEDEVO ACEDEMY/Project Demo/quangdemo1/database/migrations/2019_12_31_121839_create_table_products_table.php(25): Illuminate\\Support\\Facades\\Facade::__callStatic('create', Array)
#7 /Volumes/KHAC QUANG/ELEDEVO ACEDEMY/Project Demo/quangdemo1/vendor/laravel/framework/src/Illuminate/Database/Migrations/Migrator.php(387): CreateTableProductsTable->up()
#8 /Volumes/KHAC QUANG/ELEDEVO ACEDEMY/Project Demo/quangdemo1/vendor/laravel/framework/src/Illuminate/Database/Migrations/Migrator.php(396): Illuminate\\Database\\Migrations\\Migrator->Illuminate\\Database\\Migrations\\{closure}()
#9 /Volumes/KHAC QUANG/ELEDEVO ACEDEMY/Project Demo/quangdemo1/vendor/laravel/framework/src/Illuminate/Database/Migrations/Migrator.php(197): Illuminate\\Database\\Migrations\\Migrator->runMigration(Object(CreateTableProductsTable), 'up')
#10 /Volumes/KHAC QUANG/ELEDEVO ACEDEMY/Project Demo/quangdemo1/vendor/laravel/framework/src/Illuminate/Database/Migrations/Migrator.php(162): Illuminate\\Database\\Migrations\\Migrator->runUp('/Volumes/KHAC Q...', 3, false)
#11 /Volumes/KHAC QUANG/ELEDEVO ACEDEMY/Project Demo/quangdemo1/vendor/laravel/framework/src/Illuminate/Database/Migrations/Migrator.php(109): Illuminate\\Database\\Migrations\\Migrator->runPending(Array, Array)
#12 /Volumes/KHAC QUANG/ELEDEVO ACEDEMY/Project Demo/quangdemo1/vendor/laravel/framework/src/Illuminate/Database/Console/Migrations/MigrateCommand.php(71): Illuminate\\Database\\Migrations\\Migrator->run(Array, Array)
#13 [internal function]: Illuminate\\Database\\Console\\Migrations\\MigrateCommand->handle()
#14 /Volumes/KHAC QUANG/ELEDEVO ACEDEMY/Project Demo/quangdemo1/vendor/laravel/framework/src/Illuminate/Container/BoundMethod.php(32): call_user_func_array(Array, Array)
#15 /Volumes/KHAC QUANG/ELEDEVO ACEDEMY/Project Demo/quangdemo1/vendor/laravel/framework/src/Illuminate/Container/BoundMethod.php(90): Illuminate\\Container\\BoundMethod::Illuminate\\Container\\{closure}()
#16 /Volumes/KHAC QUANG/ELEDEVO ACEDEMY/Project Demo/quangdemo1/vendor/laravel/framework/src/Illuminate/Container/BoundMethod.php(34): Illuminate\\Container\\BoundMethod::callBoundMethod(Object(Illuminate\\Foundation\\Application), Array, Object(Closure))
#17 /Volumes/KHAC QUANG/ELEDEVO ACEDEMY/Project Demo/quangdemo1/vendor/laravel/framework/src/Illuminate/Container/Container.php(576): Illuminate\\Container\\BoundMethod::call(Object(Illuminate\\Foundation\\Application), Array, Array, NULL)
#18 /Volumes/KHAC QUANG/ELEDEVO ACEDEMY/Project Demo/quangdemo1/vendor/laravel/framework/src/Illuminate/Console/Command.php(183): Illuminate\\Container\\Container->call(Array)
#19 /Volumes/KHAC QUANG/ELEDEVO ACEDEMY/Project Demo/quangdemo1/vendor/symfony/console/Command/Command.php(255): Illuminate\\Console\\Command->execute(Object(Symfony\\Component\\Console\\Input\\ArrayInput), Object(Illuminate\\Console\\OutputStyle))
#20 /Volumes/KHAC QUANG/ELEDEVO ACEDEMY/Project Demo/quangdemo1/vendor/laravel/framework/src/Illuminate/Console/Command.php(170): Symfony\\Component\\Console\\Command\\Command->run(Object(Symfony\\Component\\Console\\Input\\ArrayInput), Object(Illuminate\\Console\\OutputStyle))
#21 /Volumes/KHAC QUANG/ELEDEVO ACEDEMY/Project Demo/quangdemo1/vendor/laravel/framework/src/Illuminate/Console/Command.php(198): Illuminate\\Console\\Command->run(Object(Symfony\\Component\\Console\\Input\\ArrayInput), Object(Illuminate\\Console\\OutputStyle))
#22 /Volumes/KHAC QUANG/ELEDEVO ACEDEMY/Project Demo/quangdemo1/vendor/laravel/framework/src/Illuminate/Database/Console/Migrations/RefreshCommand.php(60): Illuminate\\Console\\Command->call('migrate', Array)
#23 [internal function]: Illuminate\\Database\\Console\\Migrations\\RefreshCommand->handle()
#24 /Volumes/KHAC QUANG/ELEDEVO ACEDEMY/Project Demo/quangdemo1/vendor/laravel/framework/src/Illuminate/Container/BoundMethod.php(32): call_user_func_array(Array, Array)
#25 /Volumes/KHAC QUANG/ELEDEVO ACEDEMY/Project Demo/quangdemo1/vendor/laravel/framework/src/Illuminate/Container/BoundMethod.php(90): Illuminate\\Container\\BoundMethod::Illuminate\\Container\\{closure}()
#26 /Volumes/KHAC QUANG/ELEDEVO ACEDEMY/Project Demo/quangdemo1/vendor/laravel/framework/src/Illuminate/Container/BoundMethod.php(34): Illuminate\\Container\\BoundMethod::callBoundMethod(Object(Illuminate\\Foundation\\Application), Array, Object(Closure))
#27 /Volumes/KHAC QUANG/ELEDEVO ACEDEMY/Project Demo/quangdemo1/vendor/laravel/framework/src/Illuminate/Container/Container.php(576): Illuminate\\Container\\BoundMethod::call(Object(Illuminate\\Foundation\\Application), Array, Array, NULL)
#28 /Volumes/KHAC QUANG/ELEDEVO ACEDEMY/Project Demo/quangdemo1/vendor/laravel/framework/src/Illuminate/Console/Command.php(183): Illuminate\\Container\\Container->call(Array)
#29 /Volumes/KHAC QUANG/ELEDEVO ACEDEMY/Project Demo/quangdemo1/vendor/symfony/console/Command/Command.php(255): Illuminate\\Console\\Command->execute(Object(Symfony\\Component\\Console\\Input\\ArgvInput), Object(Illuminate\\Console\\OutputStyle))
#30 /Volumes/KHAC QUANG/ELEDEVO ACEDEMY/Project Demo/quangdemo1/vendor/laravel/framework/src/Illuminate/Console/Command.php(170): Symfony\\Component\\Console\\Command\\Command->run(Object(Symfony\\Component\\Console\\Input\\ArgvInput), Object(Illuminate\\Console\\OutputStyle))
#31 /Volumes/KHAC QUANG/ELEDEVO ACEDEMY/Project Demo/quangdemo1/vendor/symfony/console/Application.php(1011): Illuminate\\Console\\Command->run(Object(Symfony\\Component\\Console\\Input\\ArgvInput), Object(Symfony\\Component\\Console\\Output\\ConsoleOutput))
#32 /Volumes/KHAC QUANG/ELEDEVO ACEDEMY/Project Demo/quangdemo1/vendor/symfony/console/Application.php(272): Symfony\\Component\\Console\\Application->doRunCommand(Object(Illuminate\\Database\\Console\\Migrations\\RefreshCommand), Object(Symfony\\Component\\Console\\Input\\ArgvInput), Object(Symfony\\Component\\Console\\Output\\ConsoleOutput))
#33 /Volumes/KHAC QUANG/ELEDEVO ACEDEMY/Project Demo/quangdemo1/vendor/symfony/console/Application.php(148): Symfony\\Component\\Console\\Application->doRun(Object(Symfony\\Component\\Console\\Input\\ArgvInput), Object(Symfony\\Component\\Console\\Output\\ConsoleOutput))
#34 /Volumes/KHAC QUANG/ELEDEVO ACEDEMY/Project Demo/quangdemo1/vendor/laravel/framework/src/Illuminate/Console/Application.php(90): Symfony\\Component\\Console\\Application->run(Object(Symfony\\Component\\Console\\Input\\ArgvInput), Object(Symfony\\Component\\Console\\Output\\ConsoleOutput))
#35 /Volumes/KHAC QUANG/ELEDEVO ACEDEMY/Project Demo/quangdemo1/vendor/laravel/framework/src/Illuminate/Foundation/Console/Kernel.php(133): Illuminate\\Console\\Application->run(Object(Symfony\\Component\\Console\\Input\\ArgvInput), Object(Symfony\\Component\\Console\\Output\\ConsoleOutput))
#36 /Volumes/KHAC QUANG/ELEDEVO ACEDEMY/Project Demo/quangdemo1/artisan(37): Illuminate\\Foundation\\Console\\Kernel->handle(Object(Symfony\\Component\\Console\\Input\\ArgvInput), Object(Symfony\\Component\\Console\\Output\\ConsoleOutput))
#37 {main}
"} 
[2020-01-07 11:54:17] local.ERROR: SQLSTATE[HY000]: General error: 1364 Field 'img' doesn't have a default value (SQL: insert into `products` (`name`, `price`, `quantity`, `description`, `expired`, `updated_at`, `created_at`) values (product39tcTZ7P6W, 100000, 90, descriptionRrpocCvrdL, 2019-01-01, 2020-01-07 11:54:17, 2020-01-07 11:54:17)) {"exception":"[object] (Illuminate\\Database\\QueryException(code: HY000): SQLSTATE[HY000]: General error: 1364 Field 'img' doesn't have a default value (SQL: insert into `products` (`name`, `price`, `quantity`, `description`, `expired`, `updated_at`, `created_at`) values (product39tcTZ7P6W, 100000, 90, descriptionRrpocCvrdL, 2019-01-01, 2020-01-07 11:54:17, 2020-01-07 11:54:17)) at /Volumes/KHAC QUANG/ELEDEVO ACEDEMY/Project Demo/quangdemo1/vendor/laravel/framework/src/Illuminate/Database/Connection.php:664, PDOException(code: HY000): SQLSTATE[HY000]: General error: 1364 Field 'img' doesn't have a default value at /Volumes/KHAC QUANG/ELEDEVO ACEDEMY/Project Demo/quangdemo1/vendor/laravel/framework/src/Illuminate/Database/Connection.php:458)
[stacktrace]
#0 /Volumes/KHAC QUANG/ELEDEVO ACEDEMY/Project Demo/quangdemo1/vendor/laravel/framework/src/Illuminate/Database/Connection.php(624): Illuminate\\Database\\Connection->runQueryCallback('insert into `pr...', Array, Object(Closure))
#1 /Volumes/KHAC QUANG/ELEDEVO ACEDEMY/Project Demo/quangdemo1/vendor/laravel/framework/src/Illuminate/Database/Connection.php(459): Illuminate\\Database\\Connection->run('insert into `pr...', Array, Object(Closure))
#2 /Volumes/KHAC QUANG/ELEDEVO ACEDEMY/Project Demo/quangdemo1/vendor/laravel/framework/src/Illuminate/Database/Connection.php(411): Illuminate\\Database\\Connection->statement('insert into `pr...', Array)
#3 /Volumes/KHAC QUANG/ELEDEVO ACEDEMY/Project Demo/quangdemo1/vendor/laravel/framework/src/Illuminate/Database/Query/Processors/Processor.php(32): Illuminate\\Database\\Connection->insert('insert into `pr...', Array)
#4 /Volumes/KHAC QUANG/ELEDEVO ACEDEMY/Project Demo/quangdemo1/vendor/laravel/framework/src/Illuminate/Database/Query/Builder.php(2690): Illuminate\\Database\\Query\\Processors\\Processor->processInsertGetId(Object(Illuminate\\Database\\Query\\Builder), 'insert into `pr...', Array, 'id')
#5 /Volumes/KHAC QUANG/ELEDEVO ACEDEMY/Project Demo/quangdemo1/vendor/laravel/framework/src/Illuminate/Database/Eloquent/Builder.php(1353): Illuminate\\Database\\Query\\Builder->insertGetId(Array, 'id')
#6 /Volumes/KHAC QUANG/ELEDEVO ACEDEMY/Project Demo/quangdemo1/vendor/laravel/framework/src/Illuminate/Database/Eloquent/Model.php(839): Illuminate\\Database\\Eloquent\\Builder->__call('insertGetId', Array)
#7 /Volumes/KHAC QUANG/ELEDEVO ACEDEMY/Project Demo/quangdemo1/vendor/laravel/framework/src/Illuminate/Database/Eloquent/Model.php(804): Illuminate\\Database\\Eloquent\\Model->insertAndSetId(Object(Illuminate\\Database\\Eloquent\\Builder), Array)
#8 /Volumes/KHAC QUANG/ELEDEVO ACEDEMY/Project Demo/quangdemo1/vendor/laravel/framework/src/Illuminate/Database/Eloquent/Model.php(667): Illuminate\\Database\\Eloquent\\Model->performInsert(Object(Illuminate\\Database\\Eloquent\\Builder))
#9 /Volumes/KHAC QUANG/ELEDEVO ACEDEMY/Project Demo/quangdemo1/vendor/laravel/framework/src/Illuminate/Database/Eloquent/FactoryBuilder.php(206): Illuminate\\Database\\Eloquent\\Model->save()
#10 /Volumes/KHAC QUANG/ELEDEVO ACEDEMY/Project Demo/quangdemo1/vendor/laravel/framework/src/Illuminate/Support/Collection.php(475): Illuminate\\Database\\Eloquent\\FactoryBuilder->Illuminate\\Database\\Eloquent\\{closure}(Object(App\\Product), 0)
#11 /Volumes/KHAC QUANG/ELEDEVO ACEDEMY/Project Demo/quangdemo1/vendor/laravel/framework/src/Illuminate/Database/Eloquent/FactoryBuilder.php(207): Illuminate\\Support\\Collection->each(Object(Closure))
#12 /Volumes/KHAC QUANG/ELEDEVO ACEDEMY/Project Demo/quangdemo1/vendor/laravel/framework/src/Illuminate/Database/Eloquent/FactoryBuilder.php(185): Illuminate\\Database\\Eloquent\\FactoryBuilder->store(Object(Illuminate\\Database\\Eloquent\\Collection))
#13 /Volumes/KHAC QUANG/ELEDEVO ACEDEMY/Project Demo/quangdemo1/database/seeds/ProductTableSeeder.php(22): Illuminate\\Database\\Eloquent\\FactoryBuilder->create()
#14 [internal function]: ProductTableSeeder->run()
#15 /Volumes/KHAC QUANG/ELEDEVO ACEDEMY/Project Demo/quangdemo1/vendor/laravel/framework/src/Illuminate/Container/BoundMethod.php(32): call_user_func_array(Array, Array)
#16 /Volumes/KHAC QUANG/ELEDEVO ACEDEMY/Project Demo/quangdemo1/vendor/laravel/framework/src/Illuminate/Container/BoundMethod.php(90): Illuminate\\Container\\BoundMethod::Illuminate\\Container\\{closure}()
#17 /Volumes/KHAC QUANG/ELEDEVO ACEDEMY/Project Demo/quangdemo1/vendor/laravel/framework/src/Illuminate/Container/BoundMethod.php(34): Illuminate\\Container\\BoundMethod::callBoundMethod(Object(Illuminate\\Foundation\\Application), Array, Object(Closure))
#18 /Volumes/KHAC QUANG/ELEDEVO ACEDEMY/Project Demo/quangdemo1/vendor/laravel/framework/src/Illuminate/Container/Container.php(576): Illuminate\\Container\\BoundMethod::call(Object(Illuminate\\Foundation\\Application), Array, Array, NULL)
#19 /Volumes/KHAC QUANG/ELEDEVO ACEDEMY/Project Demo/quangdemo1/vendor/laravel/framework/src/Illuminate/Database/Seeder.php(124): Illuminate\\Container\\Container->call(Array)
#20 /Volumes/KHAC QUANG/ELEDEVO ACEDEMY/Project Demo/quangdemo1/vendor/laravel/framework/src/Illuminate/Database/Seeder.php(44): Illuminate\\Database\\Seeder->__invoke()
#21 /Volumes/KHAC QUANG/ELEDEVO ACEDEMY/Project Demo/quangdemo1/database/seeds/DatabaseSeeder.php(14): Illuminate\\Database\\Seeder->call('ProductTableSee...')
#22 [internal function]: DatabaseSeeder->run()
#23 /Volumes/KHAC QUANG/ELEDEVO ACEDEMY/Project Demo/quangdemo1/vendor/laravel/framework/src/Illuminate/Container/BoundMethod.php(32): call_user_func_array(Array, Array)
#24 /Volumes/KHAC QUANG/ELEDEVO ACEDEMY/Project Demo/quangdemo1/vendor/laravel/framework/src/Illuminate/Container/BoundMethod.php(90): Illuminate\\Container\\BoundMethod::Illuminate\\Container\\{closure}()
#25 /Volumes/KHAC QUANG/ELEDEVO ACEDEMY/Project Demo/quangdemo1/vendor/laravel/framework/src/Illuminate/Container/BoundMethod.php(34): Illuminate\\Container\\BoundMethod::callBoundMethod(Object(Illuminate\\Foundation\\Application), Array, Object(Closure))
#26 /Volumes/KHAC QUANG/ELEDEVO ACEDEMY/Project Demo/quangdemo1/vendor/laravel/framework/src/Illuminate/Container/Container.php(576): Illuminate\\Container\\BoundMethod::call(Object(Illuminate\\Foundation\\Application), Array, Array, NULL)
#27 /Volumes/KHAC QUANG/ELEDEVO ACEDEMY/Project Demo/quangdemo1/vendor/laravel/framework/src/Illuminate/Database/Seeder.php(124): Illuminate\\Container\\Container->call(Array)
#28 /Volumes/KHAC QUANG/ELEDEVO ACEDEMY/Project Demo/quangdemo1/vendor/laravel/framework/src/Illuminate/Database/Console/Seeds/SeedCommand.php(63): Illuminate\\Database\\Seeder->__invoke()
#29 /Volumes/KHAC QUANG/ELEDEVO ACEDEMY/Project Demo/quangdemo1/vendor/laravel/framework/src/Illuminate/Database/Eloquent/Concerns/GuardsAttributes.php(122): Illuminate\\Database\\Console\\Seeds\\SeedCommand->Illuminate\\Database\\Console\\Seeds\\{closure}()
#30 /Volumes/KHAC QUANG/ELEDEVO ACEDEMY/Project Demo/quangdemo1/vendor/laravel/framework/src/Illuminate/Database/Console/Seeds/SeedCommand.php(64): Illuminate\\Database\\Eloquent\\Model::unguarded(Object(Closure))
#31 [internal function]: Illuminate\\Database\\Console\\Seeds\\SeedCommand->handle()
#32 /Volumes/KHAC QUANG/ELEDEVO ACEDEMY/Project Demo/quangdemo1/vendor/laravel/framework/src/Illuminate/Container/BoundMethod.php(32): call_user_func_array(Array, Array)
#33 /Volumes/KHAC QUANG/ELEDEVO ACEDEMY/Project Demo/quangdemo1/vendor/laravel/framework/src/Illuminate/Container/BoundMethod.php(90): Illuminate\\Container\\BoundMethod::Illuminate\\Container\\{closure}()
#34 /Volumes/KHAC QUANG/ELEDEVO ACEDEMY/Project Demo/quangdemo1/vendor/laravel/framework/src/Illuminate/Container/BoundMethod.php(34): Illuminate\\Container\\BoundMethod::callBoundMethod(Object(Illuminate\\Foundation\\Application), Array, Object(Closure))
#35 /Volumes/KHAC QUANG/ELEDEVO ACEDEMY/Project Demo/quangdemo1/vendor/laravel/framework/src/Illuminate/Container/Container.php(576): Illuminate\\Container\\BoundMethod::call(Object(Illuminate\\Foundation\\Application), Array, Array, NULL)
#36 /Volumes/KHAC QUANG/ELEDEVO ACEDEMY/Project Demo/quangdemo1/vendor/laravel/framework/src/Illuminate/Console/Command.php(183): Illuminate\\Container\\Container->call(Array)
#37 /Volumes/KHAC QUANG/ELEDEVO ACEDEMY/Project Demo/quangdemo1/vendor/symfony/console/Command/Command.php(255): Illuminate\\Console\\Command->execute(Object(Symfony\\Component\\Console\\Input\\ArgvInput), Object(Illuminate\\Console\\OutputStyle))
#38 /Volumes/KHAC QUANG/ELEDEVO ACEDEMY/Project Demo/quangdemo1/vendor/laravel/framework/src/Illuminate/Console/Command.php(170): Symfony\\Component\\Console\\Command\\Command->run(Object(Symfony\\Component\\Console\\Input\\ArgvInput), Object(Illuminate\\Console\\OutputStyle))
#39 /Volumes/KHAC QUANG/ELEDEVO ACEDEMY/Project Demo/quangdemo1/vendor/symfony/console/Application.php(1011): Illuminate\\Console\\Command->run(Object(Symfony\\Component\\Console\\Input\\ArgvInput), Object(Symfony\\Component\\Console\\Output\\ConsoleOutput))
#40 /Volumes/KHAC QUANG/ELEDEVO ACEDEMY/Project Demo/quangdemo1/vendor/symfony/console/Application.php(272): Symfony\\Component\\Console\\Application->doRunCommand(Object(Illuminate\\Database\\Console\\Seeds\\SeedCommand), Object(Symfony\\Component\\Console\\Input\\ArgvInput), Object(Symfony\\Component\\Console\\Output\\ConsoleOutput))
#41 /Volumes/KHAC QUANG/ELEDEVO ACEDEMY/Project Demo/quangdemo1/vendor/symfony/console/Application.php(148): Symfony\\Component\\Console\\Application->doRun(Object(Symfony\\Component\\Console\\Input\\ArgvInput), Object(Symfony\\Component\\Console\\Output\\ConsoleOutput))
#42 /Volumes/KHAC QUANG/ELEDEVO ACEDEMY/Project Demo/quangdemo1/vendor/laravel/framework/src/Illuminate/Console/Application.php(90): Symfony\\Component\\Console\\Application->run(Object(Symfony\\Component\\Console\\Input\\ArgvInput), Object(Symfony\\Component\\Console\\Output\\ConsoleOutput))
#43 /Volumes/KHAC QUANG/ELEDEVO ACEDEMY/Project Demo/quangdemo1/vendor/laravel/framework/src/Illuminate/Foundation/Console/Kernel.php(133): Illuminate\\Console\\Application->run(Object(Symfony\\Component\\Console\\Input\\ArgvInput), Object(Symfony\\Component\\Console\\Output\\ConsoleOutput))
#44 /Volumes/KHAC QUANG/ELEDEVO ACEDEMY/Project Demo/quangdemo1/artisan(37): Illuminate\\Foundation\\Console\\Kernel->handle(Object(Symfony\\Component\\Console\\Input\\ArgvInput), Object(Symfony\\Component\\Console\\Output\\ConsoleOutput))
#45 {main}
"} 
