[2020-01-14 09:51:09] local.ERROR: SQLSTATE[HY000]: General error: 1364 Field 'img' doesn't have a default value (SQL: insert into `products` (`name`, `price`, `quantity`, `description`, `expired`) values (sdfsdf, 1, 1, desc1, 2019-01-01)) {"exception":"[object] (Illuminate\\Database\\QueryException(code: HY000): SQLSTATE[HY000]: General error: 1364 Field 'img' doesn't have a default value (SQL: insert into `products` (`name`, `price`, `quantity`, `description`, `expired`) values (sdfsdf, 1, 1, desc1, 2019-01-01)) at /Volumes/KHAC QUANG/ELEDEVO ACEDEMY/Project Demo/quangdemo1/vendor/laravel/framework/src/Illuminate/Database/Connection.php:664, PDOException(code: HY000): SQLSTATE[HY000]: General error: 1364 Field 'img' doesn't have a default value at /Volumes/KHAC QUANG/ELEDEVO ACEDEMY/Project Demo/quangdemo1/vendor/laravel/framework/src/Illuminate/Database/Connection.php:458)
[stacktrace]
#0 /Volumes/KHAC QUANG/ELEDEVO ACEDEMY/Project Demo/quangdemo1/vendor/laravel/framework/src/Illuminate/Database/Connection.php(624): Illuminate\\Database\\Connection->runQueryCallback('insert into `pr...', Array, Object(Closure))
#1 /Volumes/KHAC QUANG/ELEDEVO ACEDEMY/Project Demo/quangdemo1/vendor/laravel/framework/src/Illuminate/Database/Connection.php(459): Illuminate\\Database\\Connection->run('insert into `pr...', Array, Object(Closure))
#2 /Volumes/KHAC QUANG/ELEDEVO ACEDEMY/Project Demo/quangdemo1/vendor/laravel/framework/src/Illuminate/Database/Connection.php(411): Illuminate\\Database\\Connection->statement('insert into `pr...', Array)
#3 /Volumes/KHAC QUANG/ELEDEVO ACEDEMY/Project Demo/quangdemo1/vendor/laravel/framework/src/Illuminate/Database/Query/Builder.php(2646): Illuminate\\Database\\Connection->insert('insert into `pr...', Array)
#4 /Volumes/KHAC QUANG/ELEDEVO ACEDEMY/Project Demo/quangdemo1/app/Http/Controllers/ProductController.php(47): Illuminate\\Database\\Query\\Builder->insert(Array)
#5 [internal function]: App\\Http\\Controllers\\ProductController->create(Object(Illuminate\\Http\\Request))
#6 /Volumes/KHAC QUANG/ELEDEVO ACEDEMY/Project Demo/quangdemo1/vendor/laravel/framework/src/Illuminate/Routing/Controller.php(54): call_user_func_array(Array, Array)
#7 /Volumes/KHAC QUANG/ELEDEVO ACEDEMY/Project Demo/quangdemo1/vendor/laravel/framework/src/Illuminate/Routing/ControllerDispatcher.php(45): Illuminate\\Routing\\Controller->callAction('create', Array)
#8 /Volumes/KHAC QUANG/ELEDEVO ACEDEMY/Project Demo/quangdemo1/vendor/laravel/framework/src/Illuminate/Routing/Route.php(219): Illuminate\\Routing\\ControllerDispatcher->dispatch(Object(Illuminate\\Routing\\Route), Object(App\\Http\\Controllers\\ProductController), 'create')
#9 /Volumes/KHAC QUANG/ELEDEVO ACEDEMY/Project Demo/quangdemo1/vendor/laravel/framework/src/Illuminate/Routing/Route.php(176): Illuminate\\Routing\\Route->runController()
#10 /Volumes/KHAC QUANG/ELEDEVO ACEDEMY/Project Demo/quangdemo1/vendor/laravel/framework/src/Illuminate/Routing/Router.php(680): Illuminate\\Routing\\Route->run()
#11 /Volumes/KHAC QUANG/ELEDEVO ACEDEMY/Project Demo/quangdemo1/vendor/laravel/framework/src/Illuminate/Routing/Pipeline.php(30): Illuminate\\Routing\\Router->Illuminate\\Routing\\{closure}(Object(Illuminate\\Http\\Request))
#12 /Volumes/KHAC QUANG/ELEDEVO ACEDEMY/Project Demo/quangdemo1/vendor/laravel/framework/src/Illuminate/Routing/Middleware/SubstituteBindings.php(41): Illuminate\\Routing\\Pipeline->Illuminate\\Routing\\{closure}(Object(Illuminate\\Http\\Request))
#13 /Volumes/KHAC QUANG/ELEDEVO ACEDEMY/Project Demo/quangdemo1/vendor/laravel/framework/src/Illuminate/Pipeline/Pipeline.php(163): Illuminate\\Routing\\Middleware\\SubstituteBindings->handle(Object(Illuminate\\Http\\Request), Object(Closure))
#14 /Volumes/KHAC QUANG/ELEDEVO ACEDEMY/Project Demo/quangdemo1/vendor/laravel/framework/src/Illuminate/Routing/Pipeline.php(53): Illuminate\\Pipeline\\Pipeline->Illuminate\\Pipeline\\{closure}(Object(Illuminate\\Http\\Request))
#15 /Volumes/KHAC QUANG/ELEDEVO ACEDEMY/Project Demo/quangdemo1/vendor/laravel/framework/src/Illuminate/Foundation/Http/Middleware/VerifyCsrfToken.php(75): Illuminate\\Routing\\Pipeline->Illuminate\\Routing\\{closure}(Object(Illuminate\\Http\\Request))
#16 /Volumes/KHAC QUANG/ELEDEVO ACEDEMY/Project Demo/quangdemo1/vendor/laravel/framework/src/Illuminate/Pipeline/Pipeline.php(163): Illuminate\\Foundation\\Http\\Middleware\\VerifyCsrfToken->handle(Object(Illuminate\\Http\\Request), Object(Closure))
#17 /Volumes/KHAC QUANG/ELEDEVO ACEDEMY/Project Demo/quangdemo1/vendor/laravel/framework/src/Illuminate/Routing/Pipeline.php(53): Illuminate\\Pipeline\\Pipeline->Illuminate\\Pipeline\\{closure}(Object(Illuminate\\Http\\Request))
#18 /Volumes/KHAC QUANG/ELEDEVO ACEDEMY/Project Demo/quangdemo1/vendor/laravel/framework/src/Illuminate/View/Middleware/ShareErrorsFromSession.php(49): Illuminate\\Routing\\Pipeline->Illuminate\\Routing\\{closure}(Object(Illuminate\\Http\\Request))
#19 /Volumes/KHAC QUANG/ELEDEVO ACEDEMY/Project Demo/quangdemo1/vendor/laravel/framework/src/Illuminate/Pipeline/Pipeline.php(163): Illuminate\\View\\Middleware\\ShareErrorsFromSession->handle(Object(Illuminate\\Http\\Request), Object(Closure))
#20 /Volumes/KHAC QUANG/ELEDEVO ACEDEMY/Project Demo/quangdemo1/vendor/laravel/framework/src/Illuminate/Routing/Pipeline.php(53): Illuminate\\Pipeline\\Pipeline->Illuminate\\Pipeline\\{closure}(Object(Illuminate\\Http\\Request))
#21 /Volumes/KHAC QUANG/ELEDEVO ACEDEMY/Project Demo/quangdemo1/vendor/laravel/framework/src/Illuminate/Session/Middleware/StartSession.php(56): Illuminate\\Routing\\Pipeline->Illuminate\\Routing\\{closure}(Object(Illuminate\\Http\\Request))
#22 /Volumes/KHAC QUANG/ELEDEVO ACEDEMY/Project Demo/quangdemo1/vendor/laravel/framework/src/Illuminate/Pipeline/Pipeline.php(163): Illuminate\\Session\\Middleware\\StartSession->handle(Object(Illuminate\\Http\\Request), Object(Closure))
#23 /Volumes/KHAC QUANG/ELEDEVO ACEDEMY/Project Demo/quangdemo1/vendor/laravel/framework/src/Illuminate/Routing/Pipeline.php(53): Illuminate\\Pipeline\\Pipeline->Illuminate\\Pipeline\\{closure}(Object(Illuminate\\Http\\Request))
#24 /Volumes/KHAC QUANG/ELEDEVO ACEDEMY/Project Demo/quangdemo1/vendor/laravel/framework/src/Illuminate/Cookie/Middleware/AddQueuedCookiesToResponse.php(37): Illuminate\\Routing\\Pipeline->Illuminate\\Routing\\{closure}(Object(Illuminate\\Http\\Request))
#25 /Volumes/KHAC QUANG/ELEDEVO ACEDEMY/Project Demo/quangdemo1/vendor/laravel/framework/src/Illuminate/Pipeline/Pipeline.php(163): Illuminate\\Cookie\\Middleware\\AddQueuedCookiesToResponse->handle(Object(Illuminate\\Http\\Request), Object(Closure))
#26 /Volumes/KHAC QUANG/ELEDEVO ACEDEMY/Project Demo/quangdemo1/vendor/laravel/framework/src/Illuminate/Routing/Pipeline.php(53): Illuminate\\Pipeline\\Pipeline->Illuminate\\Pipeline\\{closure}(Object(Illuminate\\Http\\Request))
#27 /Volumes/KHAC QUANG/ELEDEVO ACEDEMY/Project Demo/quangdemo1/vendor/laravel/framework/src/Illuminate/Cookie/Middleware/EncryptCookies.php(66): Illuminate\\Routing\\Pipeline->Illuminate\\Routing\\{closure}(Object(Illuminate\\Http\\Request))
#28 /Volumes/KHAC QUANG/ELEDEVO ACEDEMY/Project Demo/quangdemo1/vendor/laravel/framework/src/Illuminate/Pipeline/Pipeline.php(163): Illuminate\\Cookie\\Middleware\\EncryptCookies->handle(Object(Illuminate\\Http\\Request), Object(Closure))
#29 /Volumes/KHAC QUANG/ELEDEVO ACEDEMY/Project Demo/quangdemo1/vendor/laravel/framework/src/Illuminate/Routing/Pipeline.php(53): Illuminate\\Pipeline\\Pipeline->Illuminate\\Pipeline\\{closure}(Object(Illuminate\\Http\\Request))
#30 /Volumes/KHAC QUANG/ELEDEVO ACEDEMY/Project Demo/quangdemo1/vendor/laravel/framework/src/Illuminate/Pipeline/Pipeline.php(104): Illuminate\\Routing\\Pipeline->Illuminate\\Routing\\{closure}(Object(Illuminate\\Http\\Request))
#31 /Volumes/KHAC QUANG/ELEDEVO ACEDEMY/Project Demo/quangdemo1/vendor/laravel/framework/src/Illuminate/Routing/Router.php(682): Illuminate\\Pipeline\\Pipeline->then(Object(Closure))
#32 /Volumes/KHAC QUANG/ELEDEVO ACEDEMY/Project Demo/quangdemo1/vendor/laravel/framework/src/Illuminate/Routing/Router.php(657): Illuminate\\Routing\\Router->runRouteWithinStack(Object(Illuminate\\Routing\\Route), Object(Illuminate\\Http\\Request))
#33 /Volumes/KHAC QUANG/ELEDEVO ACEDEMY/Project Demo/quangdemo1/vendor/laravel/framework/src/Illuminate/Routing/Router.php(623): Illuminate\\Routing\\Router->runRoute(Object(Illuminate\\Http\\Request), Object(Illuminate\\Routing\\Route))
#34 /Volumes/KHAC QUANG/ELEDEVO ACEDEMY/Project Demo/quangdemo1/vendor/laravel/framework/src/Illuminate/Routing/Router.php(612): Illuminate\\Routing\\Router->dispatchToRoute(Object(Illuminate\\Http\\Request))
#35 /Volumes/KHAC QUANG/ELEDEVO ACEDEMY/Project Demo/quangdemo1/vendor/laravel/framework/src/Illuminate/Foundation/Http/Kernel.php(176): Illuminate\\Routing\\Router->dispatch(Object(Illuminate\\Http\\Request))
#36 /Volumes/KHAC QUANG/ELEDEVO ACEDEMY/Project Demo/quangdemo1/vendor/laravel/framework/src/Illuminate/Routing/Pipeline.php(30): Illuminate\\Foundation\\Http\\Kernel->Illuminate\\Foundation\\Http\\{closure}(Object(Illuminate\\Http\\Request))
#37 /Volumes/KHAC QUANG/ELEDEVO ACEDEMY/Project Demo/quangdemo1/vendor/laravel/framework/src/Illuminate/Foundation/Http/Middleware/TransformsRequest.php(21): Illuminate\\Routing\\Pipeline->Illuminate\\Routing\\{closure}(Object(Illuminate\\Http\\Request))
#38 /Volumes/KHAC QUANG/ELEDEVO ACEDEMY/Project Demo/quangdemo1/vendor/laravel/framework/src/Illuminate/Pipeline/Pipeline.php(163): Illuminate\\Foundation\\Http\\Middleware\\TransformsRequest->handle(Object(Illuminate\\Http\\Request), Object(Closure))
#39 /Volumes/KHAC QUANG/ELEDEVO ACEDEMY/Project Demo/quangdemo1/vendor/laravel/framework/src/Illuminate/Routing/Pipeline.php(53): Illuminate\\Pipeline\\Pipeline->Illuminate\\Pipeline\\{closure}(Object(Illuminate\\Http\\Request))
#40 /Volumes/KHAC QUANG/ELEDEVO ACEDEMY/Project Demo/quangdemo1/vendor/laravel/framework/src/Illuminate/Foundation/Http/Middleware/TransformsRequest.php(21): Illuminate\\Routing\\Pipeline->Illuminate\\Routing\\{closure}(Object(Illuminate\\Http\\Request))
#41 /Volumes/KHAC QUANG/ELEDEVO ACEDEMY/Project Demo/quangdemo1/vendor/laravel/framework/src/Illuminate/Pipeline/Pipeline.php(163): Illuminate\\Foundation\\Http\\Middleware\\TransformsRequest->handle(Object(Illuminate\\Http\\Request), Object(Closure))
#42 /Volumes/KHAC QUANG/ELEDEVO ACEDEMY/Project Demo/quangdemo1/vendor/laravel/framework/src/Illuminate/Routing/Pipeline.php(53): Illuminate\\Pipeline\\Pipeline->Illuminate\\Pipeline\\{closure}(Object(Illuminate\\Http\\Request))
#43 /Volumes/KHAC QUANG/ELEDEVO ACEDEMY/Project Demo/quangdemo1/vendor/laravel/framework/src/Illuminate/Foundation/Http/Middleware/ValidatePostSize.php(27): Illuminate\\Routing\\Pipeline->Illuminate\\Routing\\{closure}(Object(Illuminate\\Http\\Request))
#44 /Volumes/KHAC QUANG/ELEDEVO ACEDEMY/Project Demo/quangdemo1/vendor/laravel/framework/src/Illuminate/Pipeline/Pipeline.php(163): Illuminate\\Foundation\\Http\\Middleware\\ValidatePostSize->handle(Object(Illuminate\\Http\\Request), Object(Closure))
#45 /Volumes/KHAC QUANG/ELEDEVO ACEDEMY/Project Demo/quangdemo1/vendor/laravel/framework/src/Illuminate/Routing/Pipeline.php(53): Illuminate\\Pipeline\\Pipeline->Illuminate\\Pipeline\\{closure}(Object(Illuminate\\Http\\Request))
#46 /Volumes/KHAC QUANG/ELEDEVO ACEDEMY/Project Demo/quangdemo1/vendor/laravel/framework/src/Illuminate/Foundation/Http/Middleware/CheckForMaintenanceMode.php(62): Illuminate\\Routing\\Pipeline->Illuminate\\Routing\\{closure}(Object(Illuminate\\Http\\Request))
#47 /Volumes/KHAC QUANG/ELEDEVO ACEDEMY/Project Demo/quangdemo1/vendor/laravel/framework/src/Illuminate/Pipeline/Pipeline.php(163): Illuminate\\Foundation\\Http\\Middleware\\CheckForMaintenanceMode->handle(Object(Illuminate\\Http\\Request), Object(Closure))
#48 /Volumes/KHAC QUANG/ELEDEVO ACEDEMY/Project Demo/quangdemo1/vendor/laravel/framework/src/Illuminate/Routing/Pipeline.php(53): Illuminate\\Pipeline\\Pipeline->Illuminate\\Pipeline\\{closure}(Object(Illuminate\\Http\\Request))
#49 /Volumes/KHAC QUANG/ELEDEVO ACEDEMY/Project Demo/quangdemo1/vendor/fideloper/proxy/src/TrustProxies.php(57): Illuminate\\Routing\\Pipeline->Illuminate\\Routing\\{closure}(Object(Illuminate\\Http\\Request))
#50 /Volumes/KHAC QUANG/ELEDEVO ACEDEMY/Project Demo/quangdemo1/vendor/laravel/framework/src/Illuminate/Pipeline/Pipeline.php(163): Fideloper\\Proxy\\TrustProxies->handle(Object(Illuminate\\Http\\Request), Object(Closure))
#51 /Volumes/KHAC QUANG/ELEDEVO ACEDEMY/Project Demo/quangdemo1/vendor/laravel/framework/src/Illuminate/Routing/Pipeline.php(53): Illuminate\\Pipeline\\Pipeline->Illuminate\\Pipeline\\{closure}(Object(Illuminate\\Http\\Request))
#52 /Volumes/KHAC QUANG/ELEDEVO ACEDEMY/Project Demo/quangdemo1/vendor/laravel/framework/src/Illuminate/Pipeline/Pipeline.php(104): Illuminate\\Routing\\Pipeline->Illuminate\\Routing\\{closure}(Object(Illuminate\\Http\\Request))
#53 /Volumes/KHAC QUANG/ELEDEVO ACEDEMY/Project Demo/quangdemo1/vendor/laravel/framework/src/Illuminate/Foundation/Http/Kernel.php(151): Illuminate\\Pipeline\\Pipeline->then(Object(Closure))
#54 /Volumes/KHAC QUANG/ELEDEVO ACEDEMY/Project Demo/quangdemo1/vendor/laravel/framework/src/Illuminate/Foundation/Http/Kernel.php(116): Illuminate\\Foundation\\Http\\Kernel->sendRequestThroughRouter(Object(Illuminate\\Http\\Request))
#55 /Volumes/KHAC QUANG/ELEDEVO ACEDEMY/Project Demo/quangdemo1/public/index.php(54): Illuminate\\Foundation\\Http\\Kernel->handle(Object(Illuminate\\Http\\Request))
#56 /Volumes/KHAC QUANG/ELEDEVO ACEDEMY/Project Demo/quangdemo1/server.php(21): require_once('/Volumes/KHAC Q...')
#57 {main}
"} 
[2020-01-14 10:00:12] local.ERROR: Class Illuminate\Http\Requests\Product does not exist {"exception":"[object] (ReflectionException(code: 0): Class Illuminate\\Http\\Requests\\Product does not exist at /Volumes/KHAC QUANG/ELEDEVO ACEDEMY/Project Demo/quangdemo1/vendor/laravel/framework/src/Illuminate/Routing/RouteSignatureParameters.php:25)
[stacktrace]
#0 /Volumes/KHAC QUANG/ELEDEVO ACEDEMY/Project Demo/quangdemo1/vendor/laravel/framework/src/Illuminate/Routing/RouteSignatureParameters.php(25): ReflectionParameter->getClass()
#1 [internal function]: Illuminate\\Routing\\RouteSignatureParameters::Illuminate\\Routing\\{closure}(Object(ReflectionParameter))
#2 /Volumes/KHAC QUANG/ELEDEVO ACEDEMY/Project Demo/quangdemo1/vendor/laravel/framework/src/Illuminate/Routing/RouteSignatureParameters.php(26): array_filter(Array, Object(Closure))
#3 /Volumes/KHAC QUANG/ELEDEVO ACEDEMY/Project Demo/quangdemo1/vendor/laravel/framework/src/Illuminate/Routing/Route.php(471): Illuminate\\Routing\\RouteSignatureParameters::fromAction(Array, 'Illuminate\\\\Cont...')
#4 /Volumes/KHAC QUANG/ELEDEVO ACEDEMY/Project Demo/quangdemo1/vendor/laravel/framework/src/Illuminate/Routing/ImplicitRouteBinding.php(24): Illuminate\\Routing\\Route->signatureParameters('Illuminate\\\\Cont...')
#5 /Volumes/KHAC QUANG/ELEDEVO ACEDEMY/Project Demo/quangdemo1/vendor/laravel/framework/src/Illuminate/Routing/Router.php(787): Illuminate\\Routing\\ImplicitRouteBinding::resolveForRoute(Object(Illuminate\\Foundation\\Application), Object(Illuminate\\Routing\\Route))
#6 /Volumes/KHAC QUANG/ELEDEVO ACEDEMY/Project Demo/quangdemo1/vendor/laravel/framework/src/Illuminate/Routing/Middleware/SubstituteBindings.php(39): Illuminate\\Routing\\Router->substituteImplicitBindings(Object(Illuminate\\Routing\\Route))
#7 /Volumes/KHAC QUANG/ELEDEVO ACEDEMY/Project Demo/quangdemo1/vendor/laravel/framework/src/Illuminate/Pipeline/Pipeline.php(163): Illuminate\\Routing\\Middleware\\SubstituteBindings->handle(Object(Illuminate\\Http\\Request), Object(Closure))
#8 /Volumes/KHAC QUANG/ELEDEVO ACEDEMY/Project Demo/quangdemo1/vendor/laravel/framework/src/Illuminate/Routing/Pipeline.php(53): Illuminate\\Pipeline\\Pipeline->Illuminate\\Pipeline\\{closure}(Object(Illuminate\\Http\\Request))
#9 /Volumes/KHAC QUANG/ELEDEVO ACEDEMY/Project Demo/quangdemo1/vendor/laravel/framework/src/Illuminate/Foundation/Http/Middleware/VerifyCsrfToken.php(75): Illuminate\\Routing\\Pipeline->Illuminate\\Routing\\{closure}(Object(Illuminate\\Http\\Request))
#10 /Volumes/KHAC QUANG/ELEDEVO ACEDEMY/Project Demo/quangdemo1/vendor/laravel/framework/src/Illuminate/Pipeline/Pipeline.php(163): Illuminate\\Foundation\\Http\\Middleware\\VerifyCsrfToken->handle(Object(Illuminate\\Http\\Request), Object(Closure))
#11 /Volumes/KHAC QUANG/ELEDEVO ACEDEMY/Project Demo/quangdemo1/vendor/laravel/framework/src/Illuminate/Routing/Pipeline.php(53): Illuminate\\Pipeline\\Pipeline->Illuminate\\Pipeline\\{closure}(Object(Illuminate\\Http\\Request))
#12 /Volumes/KHAC QUANG/ELEDEVO ACEDEMY/Project Demo/quangdemo1/vendor/laravel/framework/src/Illuminate/View/Middleware/ShareErrorsFromSession.php(49): Illuminate\\Routing\\Pipeline->Illuminate\\Routing\\{closure}(Object(Illuminate\\Http\\Request))
#13 /Volumes/KHAC QUANG/ELEDEVO ACEDEMY/Project Demo/quangdemo1/vendor/laravel/framework/src/Illuminate/Pipeline/Pipeline.php(163): Illuminate\\View\\Middleware\\ShareErrorsFromSession->handle(Object(Illuminate\\Http\\Request), Object(Closure))
#14 /Volumes/KHAC QUANG/ELEDEVO ACEDEMY/Project Demo/quangdemo1/vendor/laravel/framework/src/Illuminate/Routing/Pipeline.php(53): Illuminate\\Pipeline\\Pipeline->Illuminate\\Pipeline\\{closure}(Object(Illuminate\\Http\\Request))
#15 /Volumes/KHAC QUANG/ELEDEVO ACEDEMY/Project Demo/quangdemo1/vendor/laravel/framework/src/Illuminate/Session/Middleware/StartSession.php(56): Illuminate\\Routing\\Pipeline->Illuminate\\Routing\\{closure}(Object(Illuminate\\Http\\Request))
#16 /Volumes/KHAC QUANG/ELEDEVO ACEDEMY/Project Demo/quangdemo1/vendor/laravel/framework/src/Illuminate/Pipeline/Pipeline.php(163): Illuminate\\Session\\Middleware\\StartSession->handle(Object(Illuminate\\Http\\Request), Object(Closure))
#17 /Volumes/KHAC QUANG/ELEDEVO ACEDEMY/Project Demo/quangdemo1/vendor/laravel/framework/src/Illuminate/Routing/Pipeline.php(53): Illuminate\\Pipeline\\Pipeline->Illuminate\\Pipeline\\{closure}(Object(Illuminate\\Http\\Request))
#18 /Volumes/KHAC QUANG/ELEDEVO ACEDEMY/Project Demo/quangdemo1/vendor/laravel/framework/src/Illuminate/Cookie/Middleware/AddQueuedCookiesToResponse.php(37): Illuminate\\Routing\\Pipeline->Illuminate\\Routing\\{closure}(Object(Illuminate\\Http\\Request))
#19 /Volumes/KHAC QUANG/ELEDEVO ACEDEMY/Project Demo/quangdemo1/vendor/laravel/framework/src/Illuminate/Pipeline/Pipeline.php(163): Illuminate\\Cookie\\Middleware\\AddQueuedCookiesToResponse->handle(Object(Illuminate\\Http\\Request), Object(Closure))
#20 /Volumes/KHAC QUANG/ELEDEVO ACEDEMY/Project Demo/quangdemo1/vendor/laravel/framework/src/Illuminate/Routing/Pipeline.php(53): Illuminate\\Pipeline\\Pipeline->Illuminate\\Pipeline\\{closure}(Object(Illuminate\\Http\\Request))
#21 /Volumes/KHAC QUANG/ELEDEVO ACEDEMY/Project Demo/quangdemo1/vendor/laravel/framework/src/Illuminate/Cookie/Middleware/EncryptCookies.php(66): Illuminate\\Routing\\Pipeline->Illuminate\\Routing\\{closure}(Object(Illuminate\\Http\\Request))
#22 /Volumes/KHAC QUANG/ELEDEVO ACEDEMY/Project Demo/quangdemo1/vendor/laravel/framework/src/Illuminate/Pipeline/Pipeline.php(163): Illuminate\\Cookie\\Middleware\\EncryptCookies->handle(Object(Illuminate\\Http\\Request), Object(Closure))
#23 /Volumes/KHAC QUANG/ELEDEVO ACEDEMY/Project Demo/quangdemo1/vendor/laravel/framework/src/Illuminate/Routing/Pipeline.php(53): Illuminate\\Pipeline\\Pipeline->Illuminate\\Pipeline\\{closure}(Object(Illuminate\\Http\\Request))
#24 /Volumes/KHAC QUANG/ELEDEVO ACEDEMY/Project Demo/quangdemo1/vendor/laravel/framework/src/Illuminate/Pipeline/Pipeline.php(104): Illuminate\\Routing\\Pipeline->Illuminate\\Routing\\{closure}(Object(Illuminate\\Http\\Request))
#25 /Volumes/KHAC QUANG/ELEDEVO ACEDEMY/Project Demo/quangdemo1/vendor/laravel/framework/src/Illuminate/Routing/Router.php(682): Illuminate\\Pipeline\\Pipeline->then(Object(Closure))
#26 /Volumes/KHAC QUANG/ELEDEVO ACEDEMY/Project Demo/quangdemo1/vendor/laravel/framework/src/Illuminate/Routing/Router.php(657): Illuminate\\Routing\\Router->runRouteWithinStack(Object(Illuminate\\Routing\\Route), Object(Illuminate\\Http\\Request))
#27 /Volumes/KHAC QUANG/ELEDEVO ACEDEMY/Project Demo/quangdemo1/vendor/laravel/framework/src/Illuminate/Routing/Router.php(623): Illuminate\\Routing\\Router->runRoute(Object(Illuminate\\Http\\Request), Object(Illuminate\\Routing\\Route))
#28 /Volumes/KHAC QUANG/ELEDEVO ACEDEMY/Project Demo/quangdemo1/vendor/laravel/framework/src/Illuminate/Routing/Router.php(612): Illuminate\\Routing\\Router->dispatchToRoute(Object(Illuminate\\Http\\Request))
#29 /Volumes/KHAC QUANG/ELEDEVO ACEDEMY/Project Demo/quangdemo1/vendor/laravel/framework/src/Illuminate/Foundation/Http/Kernel.php(176): Illuminate\\Routing\\Router->dispatch(Object(Illuminate\\Http\\Request))
#30 /Volumes/KHAC QUANG/ELEDEVO ACEDEMY/Project Demo/quangdemo1/vendor/laravel/framework/src/Illuminate/Routing/Pipeline.php(30): Illuminate\\Foundation\\Http\\Kernel->Illuminate\\Foundation\\Http\\{closure}(Object(Illuminate\\Http\\Request))
#31 /Volumes/KHAC QUANG/ELEDEVO ACEDEMY/Project Demo/quangdemo1/vendor/laravel/framework/src/Illuminate/Foundation/Http/Middleware/TransformsRequest.php(21): Illuminate\\Routing\\Pipeline->Illuminate\\Routing\\{closure}(Object(Illuminate\\Http\\Request))
#32 /Volumes/KHAC QUANG/ELEDEVO ACEDEMY/Project Demo/quangdemo1/vendor/laravel/framework/src/Illuminate/Pipeline/Pipeline.php(163): Illuminate\\Foundation\\Http\\Middleware\\TransformsRequest->handle(Object(Illuminate\\Http\\Request), Object(Closure))
#33 /Volumes/KHAC QUANG/ELEDEVO ACEDEMY/Project Demo/quangdemo1/vendor/laravel/framework/src/Illuminate/Routing/Pipeline.php(53): Illuminate\\Pipeline\\Pipeline->Illuminate\\Pipeline\\{closure}(Object(Illuminate\\Http\\Request))
#34 /Volumes/KHAC QUANG/ELEDEVO ACEDEMY/Project Demo/quangdemo1/vendor/laravel/framework/src/Illuminate/Foundation/Http/Middleware/TransformsRequest.php(21): Illuminate\\Routing\\Pipeline->Illuminate\\Routing\\{closure}(Object(Illuminate\\Http\\Request))
#35 /Volumes/KHAC QUANG/ELEDEVO ACEDEMY/Project Demo/quangdemo1/vendor/laravel/framework/src/Illuminate/Pipeline/Pipeline.php(163): Illuminate\\Foundation\\Http\\Middleware\\TransformsRequest->handle(Object(Illuminate\\Http\\Request), Object(Closure))
#36 /Volumes/KHAC QUANG/ELEDEVO ACEDEMY/Project Demo/quangdemo1/vendor/laravel/framework/src/Illuminate/Routing/Pipeline.php(53): Illuminate\\Pipeline\\Pipeline->Illuminate\\Pipeline\\{closure}(Object(Illuminate\\Http\\Request))
#37 /Volumes/KHAC QUANG/ELEDEVO ACEDEMY/Project Demo/quangdemo1/vendor/laravel/framework/src/Illuminate/Foundation/Http/Middleware/ValidatePostSize.php(27): Illuminate\\Routing\\Pipeline->Illuminate\\Routing\\{closure}(Object(Illuminate\\Http\\Request))
#38 /Volumes/KHAC QUANG/ELEDEVO ACEDEMY/Project Demo/quangdemo1/vendor/laravel/framework/src/Illuminate/Pipeline/Pipeline.php(163): Illuminate\\Foundation\\Http\\Middleware\\ValidatePostSize->handle(Object(Illuminate\\Http\\Request), Object(Closure))
#39 /Volumes/KHAC QUANG/ELEDEVO ACEDEMY/Project Demo/quangdemo1/vendor/laravel/framework/src/Illuminate/Routing/Pipeline.php(53): Illuminate\\Pipeline\\Pipeline->Illuminate\\Pipeline\\{closure}(Object(Illuminate\\Http\\Request))
#40 /Volumes/KHAC QUANG/ELEDEVO ACEDEMY/Project Demo/quangdemo1/vendor/laravel/framework/src/Illuminate/Foundation/Http/Middleware/CheckForMaintenanceMode.php(62): Illuminate\\Routing\\Pipeline->Illuminate\\Routing\\{closure}(Object(Illuminate\\Http\\Request))
#41 /Volumes/KHAC QUANG/ELEDEVO ACEDEMY/Project Demo/quangdemo1/vendor/laravel/framework/src/Illuminate/Pipeline/Pipeline.php(163): Illuminate\\Foundation\\Http\\Middleware\\CheckForMaintenanceMode->handle(Object(Illuminate\\Http\\Request), Object(Closure))
#42 /Volumes/KHAC QUANG/ELEDEVO ACEDEMY/Project Demo/quangdemo1/vendor/laravel/framework/src/Illuminate/Routing/Pipeline.php(53): Illuminate\\Pipeline\\Pipeline->Illuminate\\Pipeline\\{closure}(Object(Illuminate\\Http\\Request))
#43 /Volumes/KHAC QUANG/ELEDEVO ACEDEMY/Project Demo/quangdemo1/vendor/fideloper/proxy/src/TrustProxies.php(57): Illuminate\\Routing\\Pipeline->Illuminate\\Routing\\{closure}(Object(Illuminate\\Http\\Request))
#44 /Volumes/KHAC QUANG/ELEDEVO ACEDEMY/Project Demo/quangdemo1/vendor/laravel/framework/src/Illuminate/Pipeline/Pipeline.php(163): Fideloper\\Proxy\\TrustProxies->handle(Object(Illuminate\\Http\\Request), Object(Closure))
#45 /Volumes/KHAC QUANG/ELEDEVO ACEDEMY/Project Demo/quangdemo1/vendor/laravel/framework/src/Illuminate/Routing/Pipeline.php(53): Illuminate\\Pipeline\\Pipeline->Illuminate\\Pipeline\\{closure}(Object(Illuminate\\Http\\Request))
#46 /Volumes/KHAC QUANG/ELEDEVO ACEDEMY/Project Demo/quangdemo1/vendor/laravel/framework/src/Illuminate/Pipeline/Pipeline.php(104): Illuminate\\Routing\\Pipeline->Illuminate\\Routing\\{closure}(Object(Illuminate\\Http\\Request))
#47 /Volumes/KHAC QUANG/ELEDEVO ACEDEMY/Project Demo/quangdemo1/vendor/laravel/framework/src/Illuminate/Foundation/Http/Kernel.php(151): Illuminate\\Pipeline\\Pipeline->then(Object(Closure))
#48 /Volumes/KHAC QUANG/ELEDEVO ACEDEMY/Project Demo/quangdemo1/vendor/laravel/framework/src/Illuminate/Foundation/Http/Kernel.php(116): Illuminate\\Foundation\\Http\\Kernel->sendRequestThroughRouter(Object(Illuminate\\Http\\Request))
#49 /Volumes/KHAC QUANG/ELEDEVO ACEDEMY/Project Demo/quangdemo1/public/index.php(54): Illuminate\\Foundation\\Http\\Kernel->handle(Object(Illuminate\\Http\\Request))
#50 /Volumes/KHAC QUANG/ELEDEVO ACEDEMY/Project Demo/quangdemo1/server.php(21): require_once('/Volumes/KHAC Q...')
#51 {main}
"} 
[2020-01-14 10:01:12] local.ERROR: Class App\Http\Controllers\Product does not exist {"exception":"[object] (ReflectionException(code: 0): Class App\\Http\\Controllers\\Product does not exist at /Volumes/KHAC QUANG/ELEDEVO ACEDEMY/Project Demo/quangdemo1/vendor/laravel/framework/src/Illuminate/Routing/RouteSignatureParameters.php:25)
[stacktrace]
#0 /Volumes/KHAC QUANG/ELEDEVO ACEDEMY/Project Demo/quangdemo1/vendor/laravel/framework/src/Illuminate/Routing/RouteSignatureParameters.php(25): ReflectionParameter->getClass()
#1 [internal function]: Illuminate\\Routing\\RouteSignatureParameters::Illuminate\\Routing\\{closure}(Object(ReflectionParameter))
#2 /Volumes/KHAC QUANG/ELEDEVO ACEDEMY/Project Demo/quangdemo1/vendor/laravel/framework/src/Illuminate/Routing/RouteSignatureParameters.php(26): array_filter(Array, Object(Closure))
#3 /Volumes/KHAC QUANG/ELEDEVO ACEDEMY/Project Demo/quangdemo1/vendor/laravel/framework/src/Illuminate/Routing/Route.php(471): Illuminate\\Routing\\RouteSignatureParameters::fromAction(Array, 'Illuminate\\\\Cont...')
#4 /Volumes/KHAC QUANG/ELEDEVO ACEDEMY/Project Demo/quangdemo1/vendor/laravel/framework/src/Illuminate/Routing/ImplicitRouteBinding.php(24): Illuminate\\Routing\\Route->signatureParameters('Illuminate\\\\Cont...')
#5 /Volumes/KHAC QUANG/ELEDEVO ACEDEMY/Project Demo/quangdemo1/vendor/laravel/framework/src/Illuminate/Routing/Router.php(787): Illuminate\\Routing\\ImplicitRouteBinding::resolveForRoute(Object(Illuminate\\Foundation\\Application), Object(Illuminate\\Routing\\Route))
#6 /Volumes/KHAC QUANG/ELEDEVO ACEDEMY/Project Demo/quangdemo1/vendor/laravel/framework/src/Illuminate/Routing/Middleware/SubstituteBindings.php(39): Illuminate\\Routing\\Router->substituteImplicitBindings(Object(Illuminate\\Routing\\Route))
#7 /Volumes/KHAC QUANG/ELEDEVO ACEDEMY/Project Demo/quangdemo1/vendor/laravel/framework/src/Illuminate/Pipeline/Pipeline.php(163): Illuminate\\Routing\\Middleware\\SubstituteBindings->handle(Object(Illuminate\\Http\\Request), Object(Closure))
#8 /Volumes/KHAC QUANG/ELEDEVO ACEDEMY/Project Demo/quangdemo1/vendor/laravel/framework/src/Illuminate/Routing/Pipeline.php(53): Illuminate\\Pipeline\\Pipeline->Illuminate\\Pipeline\\{closure}(Object(Illuminate\\Http\\Request))
#9 /Volumes/KHAC QUANG/ELEDEVO ACEDEMY/Project Demo/quangdemo1/vendor/laravel/framework/src/Illuminate/Foundation/Http/Middleware/VerifyCsrfToken.php(75): Illuminate\\Routing\\Pipeline->Illuminate\\Routing\\{closure}(Object(Illuminate\\Http\\Request))
#10 /Volumes/KHAC QUANG/ELEDEVO ACEDEMY/Project Demo/quangdemo1/vendor/laravel/framework/src/Illuminate/Pipeline/Pipeline.php(163): Illuminate\\Foundation\\Http\\Middleware\\VerifyCsrfToken->handle(Object(Illuminate\\Http\\Request), Object(Closure))
#11 /Volumes/KHAC QUANG/ELEDEVO ACEDEMY/Project Demo/quangdemo1/vendor/laravel/framework/src/Illuminate/Routing/Pipeline.php(53): Illuminate\\Pipeline\\Pipeline->Illuminate\\Pipeline\\{closure}(Object(Illuminate\\Http\\Request))
#12 /Volumes/KHAC QUANG/ELEDEVO ACEDEMY/Project Demo/quangdemo1/vendor/laravel/framework/src/Illuminate/View/Middleware/ShareErrorsFromSession.php(49): Illuminate\\Routing\\Pipeline->Illuminate\\Routing\\{closure}(Object(Illuminate\\Http\\Request))
#13 /Volumes/KHAC QUANG/ELEDEVO ACEDEMY/Project Demo/quangdemo1/vendor/laravel/framework/src/Illuminate/Pipeline/Pipeline.php(163): Illuminate\\View\\Middleware\\ShareErrorsFromSession->handle(Object(Illuminate\\Http\\Request), Object(Closure))
#14 /Volumes/KHAC QUANG/ELEDEVO ACEDEMY/Project Demo/quangdemo1/vendor/laravel/framework/src/Illuminate/Routing/Pipeline.php(53): Illuminate\\Pipeline\\Pipeline->Illuminate\\Pipeline\\{closure}(Object(Illuminate\\Http\\Request))
#15 /Volumes/KHAC QUANG/ELEDEVO ACEDEMY/Project Demo/quangdemo1/vendor/laravel/framework/src/Illuminate/Session/Middleware/StartSession.php(56): Illuminate\\Routing\\Pipeline->Illuminate\\Routing\\{closure}(Object(Illuminate\\Http\\Request))
#16 /Volumes/KHAC QUANG/ELEDEVO ACEDEMY/Project Demo/quangdemo1/vendor/laravel/framework/src/Illuminate/Pipeline/Pipeline.php(163): Illuminate\\Session\\Middleware\\StartSession->handle(Object(Illuminate\\Http\\Request), Object(Closure))
#17 /Volumes/KHAC QUANG/ELEDEVO ACEDEMY/Project Demo/quangdemo1/vendor/laravel/framework/src/Illuminate/Routing/Pipeline.php(53): Illuminate\\Pipeline\\Pipeline->Illuminate\\Pipeline\\{closure}(Object(Illuminate\\Http\\Request))
#18 /Volumes/KHAC QUANG/ELEDEVO ACEDEMY/Project Demo/quangdemo1/vendor/laravel/framework/src/Illuminate/Cookie/Middleware/AddQueuedCookiesToResponse.php(37): Illuminate\\Routing\\Pipeline->Illuminate\\Routing\\{closure}(Object(Illuminate\\Http\\Request))
#19 /Volumes/KHAC QUANG/ELEDEVO ACEDEMY/Project Demo/quangdemo1/vendor/laravel/framework/src/Illuminate/Pipeline/Pipeline.php(163): Illuminate\\Cookie\\Middleware\\AddQueuedCookiesToResponse->handle(Object(Illuminate\\Http\\Request), Object(Closure))
#20 /Volumes/KHAC QUANG/ELEDEVO ACEDEMY/Project Demo/quangdemo1/vendor/laravel/framework/src/Illuminate/Routing/Pipeline.php(53): Illuminate\\Pipeline\\Pipeline->Illuminate\\Pipeline\\{closure}(Object(Illuminate\\Http\\Request))
#21 /Volumes/KHAC QUANG/ELEDEVO ACEDEMY/Project Demo/quangdemo1/vendor/laravel/framework/src/Illuminate/Cookie/Middleware/EncryptCookies.php(66): Illuminate\\Routing\\Pipeline->Illuminate\\Routing\\{closure}(Object(Illuminate\\Http\\Request))
#22 /Volumes/KHAC QUANG/ELEDEVO ACEDEMY/Project Demo/quangdemo1/vendor/laravel/framework/src/Illuminate/Pipeline/Pipeline.php(163): Illuminate\\Cookie\\Middleware\\EncryptCookies->handle(Object(Illuminate\\Http\\Request), Object(Closure))
#23 /Volumes/KHAC QUANG/ELEDEVO ACEDEMY/Project Demo/quangdemo1/vendor/laravel/framework/src/Illuminate/Routing/Pipeline.php(53): Illuminate\\Pipeline\\Pipeline->Illuminate\\Pipeline\\{closure}(Object(Illuminate\\Http\\Request))
#24 /Volumes/KHAC QUANG/ELEDEVO ACEDEMY/Project Demo/quangdemo1/vendor/laravel/framework/src/Illuminate/Pipeline/Pipeline.php(104): Illuminate\\Routing\\Pipeline->Illuminate\\Routing\\{closure}(Object(Illuminate\\Http\\Request))
#25 /Volumes/KHAC QUANG/ELEDEVO ACEDEMY/Project Demo/quangdemo1/vendor/laravel/framework/src/Illuminate/Routing/Router.php(682): Illuminate\\Pipeline\\Pipeline->then(Object(Closure))
#26 /Volumes/KHAC QUANG/ELEDEVO ACEDEMY/Project Demo/quangdemo1/vendor/laravel/framework/src/Illuminate/Routing/Router.php(657): Illuminate\\Routing\\Router->runRouteWithinStack(Object(Illuminate\\Routing\\Route), Object(Illuminate\\Http\\Request))
#27 /Volumes/KHAC QUANG/ELEDEVO ACEDEMY/Project Demo/quangdemo1/vendor/laravel/framework/src/Illuminate/Routing/Router.php(623): Illuminate\\Routing\\Router->runRoute(Object(Illuminate\\Http\\Request), Object(Illuminate\\Routing\\Route))
#28 /Volumes/KHAC QUANG/ELEDEVO ACEDEMY/Project Demo/quangdemo1/vendor/laravel/framework/src/Illuminate/Routing/Router.php(612): Illuminate\\Routing\\Router->dispatchToRoute(Object(Illuminate\\Http\\Request))
#29 /Volumes/KHAC QUANG/ELEDEVO ACEDEMY/Project Demo/quangdemo1/vendor/laravel/framework/src/Illuminate/Foundation/Http/Kernel.php(176): Illuminate\\Routing\\Router->dispatch(Object(Illuminate\\Http\\Request))
#30 /Volumes/KHAC QUANG/ELEDEVO ACEDEMY/Project Demo/quangdemo1/vendor/laravel/framework/src/Illuminate/Routing/Pipeline.php(30): Illuminate\\Foundation\\Http\\Kernel->Illuminate\\Foundation\\Http\\{closure}(Object(Illuminate\\Http\\Request))
#31 /Volumes/KHAC QUANG/ELEDEVO ACEDEMY/Project Demo/quangdemo1/vendor/laravel/framework/src/Illuminate/Foundation/Http/Middleware/TransformsRequest.php(21): Illuminate\\Routing\\Pipeline->Illuminate\\Routing\\{closure}(Object(Illuminate\\Http\\Request))
#32 /Volumes/KHAC QUANG/ELEDEVO ACEDEMY/Project Demo/quangdemo1/vendor/laravel/framework/src/Illuminate/Pipeline/Pipeline.php(163): Illuminate\\Foundation\\Http\\Middleware\\TransformsRequest->handle(Object(Illuminate\\Http\\Request), Object(Closure))
#33 /Volumes/KHAC QUANG/ELEDEVO ACEDEMY/Project Demo/quangdemo1/vendor/laravel/framework/src/Illuminate/Routing/Pipeline.php(53): Illuminate\\Pipeline\\Pipeline->Illuminate\\Pipeline\\{closure}(Object(Illuminate\\Http\\Request))
#34 /Volumes/KHAC QUANG/ELEDEVO ACEDEMY/Project Demo/quangdemo1/vendor/laravel/framework/src/Illuminate/Foundation/Http/Middleware/TransformsRequest.php(21): Illuminate\\Routing\\Pipeline->Illuminate\\Routing\\{closure}(Object(Illuminate\\Http\\Request))
#35 /Volumes/KHAC QUANG/ELEDEVO ACEDEMY/Project Demo/quangdemo1/vendor/laravel/framework/src/Illuminate/Pipeline/Pipeline.php(163): Illuminate\\Foundation\\Http\\Middleware\\TransformsRequest->handle(Object(Illuminate\\Http\\Request), Object(Closure))
#36 /Volumes/KHAC QUANG/ELEDEVO ACEDEMY/Project Demo/quangdemo1/vendor/laravel/framework/src/Illuminate/Routing/Pipeline.php(53): Illuminate\\Pipeline\\Pipeline->Illuminate\\Pipeline\\{closure}(Object(Illuminate\\Http\\Request))
#37 /Volumes/KHAC QUANG/ELEDEVO ACEDEMY/Project Demo/quangdemo1/vendor/laravel/framework/src/Illuminate/Foundation/Http/Middleware/ValidatePostSize.php(27): Illuminate\\Routing\\Pipeline->Illuminate\\Routing\\{closure}(Object(Illuminate\\Http\\Request))
#38 /Volumes/KHAC QUANG/ELEDEVO ACEDEMY/Project Demo/quangdemo1/vendor/laravel/framework/src/Illuminate/Pipeline/Pipeline.php(163): Illuminate\\Foundation\\Http\\Middleware\\ValidatePostSize->handle(Object(Illuminate\\Http\\Request), Object(Closure))
#39 /Volumes/KHAC QUANG/ELEDEVO ACEDEMY/Project Demo/quangdemo1/vendor/laravel/framework/src/Illuminate/Routing/Pipeline.php(53): Illuminate\\Pipeline\\Pipeline->Illuminate\\Pipeline\\{closure}(Object(Illuminate\\Http\\Request))
#40 /Volumes/KHAC QUANG/ELEDEVO ACEDEMY/Project Demo/quangdemo1/vendor/laravel/framework/src/Illuminate/Foundation/Http/Middleware/CheckForMaintenanceMode.php(62): Illuminate\\Routing\\Pipeline->Illuminate\\Routing\\{closure}(Object(Illuminate\\Http\\Request))
#41 /Volumes/KHAC QUANG/ELEDEVO ACEDEMY/Project Demo/quangdemo1/vendor/laravel/framework/src/Illuminate/Pipeline/Pipeline.php(163): Illuminate\\Foundation\\Http\\Middleware\\CheckForMaintenanceMode->handle(Object(Illuminate\\Http\\Request), Object(Closure))
#42 /Volumes/KHAC QUANG/ELEDEVO ACEDEMY/Project Demo/quangdemo1/vendor/laravel/framework/src/Illuminate/Routing/Pipeline.php(53): Illuminate\\Pipeline\\Pipeline->Illuminate\\Pipeline\\{closure}(Object(Illuminate\\Http\\Request))
#43 /Volumes/KHAC QUANG/ELEDEVO ACEDEMY/Project Demo/quangdemo1/vendor/fideloper/proxy/src/TrustProxies.php(57): Illuminate\\Routing\\Pipeline->Illuminate\\Routing\\{closure}(Object(Illuminate\\Http\\Request))
#44 /Volumes/KHAC QUANG/ELEDEVO ACEDEMY/Project Demo/quangdemo1/vendor/laravel/framework/src/Illuminate/Pipeline/Pipeline.php(163): Fideloper\\Proxy\\TrustProxies->handle(Object(Illuminate\\Http\\Request), Object(Closure))
#45 /Volumes/KHAC QUANG/ELEDEVO ACEDEMY/Project Demo/quangdemo1/vendor/laravel/framework/src/Illuminate/Routing/Pipeline.php(53): Illuminate\\Pipeline\\Pipeline->Illuminate\\Pipeline\\{closure}(Object(Illuminate\\Http\\Request))
#46 /Volumes/KHAC QUANG/ELEDEVO ACEDEMY/Project Demo/quangdemo1/vendor/laravel/framework/src/Illuminate/Pipeline/Pipeline.php(104): Illuminate\\Routing\\Pipeline->Illuminate\\Routing\\{closure}(Object(Illuminate\\Http\\Request))
#47 /Volumes/KHAC QUANG/ELEDEVO ACEDEMY/Project Demo/quangdemo1/vendor/laravel/framework/src/Illuminate/Foundation/Http/Kernel.php(151): Illuminate\\Pipeline\\Pipeline->then(Object(Closure))
#48 /Volumes/KHAC QUANG/ELEDEVO ACEDEMY/Project Demo/quangdemo1/vendor/laravel/framework/src/Illuminate/Foundation/Http/Kernel.php(116): Illuminate\\Foundation\\Http\\Kernel->sendRequestThroughRouter(Object(Illuminate\\Http\\Request))
#49 /Volumes/KHAC QUANG/ELEDEVO ACEDEMY/Project Demo/quangdemo1/public/index.php(54): Illuminate\\Foundation\\Http\\Kernel->handle(Object(Illuminate\\Http\\Request))
#50 /Volumes/KHAC QUANG/ELEDEVO ACEDEMY/Project Demo/quangdemo1/server.php(21): require_once('/Volumes/KHAC Q...')
#51 {main}
"} 
[2020-01-14 10:03:28] local.ERROR: Class App\Http\Requests\ProuductRequest does not exist {"exception":"[object] (ReflectionException(code: 0): Class App\\Http\\Requests\\ProuductRequest does not exist at /Volumes/KHAC QUANG/ELEDEVO ACEDEMY/Project Demo/quangdemo1/vendor/laravel/framework/src/Illuminate/Routing/RouteSignatureParameters.php:25)
[stacktrace]
#0 /Volumes/KHAC QUANG/ELEDEVO ACEDEMY/Project Demo/quangdemo1/vendor/laravel/framework/src/Illuminate/Routing/RouteSignatureParameters.php(25): ReflectionParameter->getClass()
#1 [internal function]: Illuminate\\Routing\\RouteSignatureParameters::Illuminate\\Routing\\{closure}(Object(ReflectionParameter))
#2 /Volumes/KHAC QUANG/ELEDEVO ACEDEMY/Project Demo/quangdemo1/vendor/laravel/framework/src/Illuminate/Routing/RouteSignatureParameters.php(26): array_filter(Array, Object(Closure))
#3 /Volumes/KHAC QUANG/ELEDEVO ACEDEMY/Project Demo/quangdemo1/vendor/laravel/framework/src/Illuminate/Routing/Route.php(471): Illuminate\\Routing\\RouteSignatureParameters::fromAction(Array, 'Illuminate\\\\Cont...')
#4 /Volumes/KHAC QUANG/ELEDEVO ACEDEMY/Project Demo/quangdemo1/vendor/laravel/framework/src/Illuminate/Routing/ImplicitRouteBinding.php(24): Illuminate\\Routing\\Route->signatureParameters('Illuminate\\\\Cont...')
#5 /Volumes/KHAC QUANG/ELEDEVO ACEDEMY/Project Demo/quangdemo1/vendor/laravel/framework/src/Illuminate/Routing/Router.php(787): Illuminate\\Routing\\ImplicitRouteBinding::resolveForRoute(Object(Illuminate\\Foundation\\Application), Object(Illuminate\\Routing\\Route))
#6 /Volumes/KHAC QUANG/ELEDEVO ACEDEMY/Project Demo/quangdemo1/vendor/laravel/framework/src/Illuminate/Routing/Middleware/SubstituteBindings.php(39): Illuminate\\Routing\\Router->substituteImplicitBindings(Object(Illuminate\\Routing\\Route))
#7 /Volumes/KHAC QUANG/ELEDEVO ACEDEMY/Project Demo/quangdemo1/vendor/laravel/framework/src/Illuminate/Pipeline/Pipeline.php(163): Illuminate\\Routing\\Middleware\\SubstituteBindings->handle(Object(Illuminate\\Http\\Request), Object(Closure))
#8 /Volumes/KHAC QUANG/ELEDEVO ACEDEMY/Project Demo/quangdemo1/vendor/laravel/framework/src/Illuminate/Routing/Pipeline.php(53): Illuminate\\Pipeline\\Pipeline->Illuminate\\Pipeline\\{closure}(Object(Illuminate\\Http\\Request))
#9 /Volumes/KHAC QUANG/ELEDEVO ACEDEMY/Project Demo/quangdemo1/vendor/laravel/framework/src/Illuminate/Foundation/Http/Middleware/VerifyCsrfToken.php(75): Illuminate\\Routing\\Pipeline->Illuminate\\Routing\\{closure}(Object(Illuminate\\Http\\Request))
#10 /Volumes/KHAC QUANG/ELEDEVO ACEDEMY/Project Demo/quangdemo1/vendor/laravel/framework/src/Illuminate/Pipeline/Pipeline.php(163): Illuminate\\Foundation\\Http\\Middleware\\VerifyCsrfToken->handle(Object(Illuminate\\Http\\Request), Object(Closure))
#11 /Volumes/KHAC QUANG/ELEDEVO ACEDEMY/Project Demo/quangdemo1/vendor/laravel/framework/src/Illuminate/Routing/Pipeline.php(53): Illuminate\\Pipeline\\Pipeline->Illuminate\\Pipeline\\{closure}(Object(Illuminate\\Http\\Request))
#12 /Volumes/KHAC QUANG/ELEDEVO ACEDEMY/Project Demo/quangdemo1/vendor/laravel/framework/src/Illuminate/View/Middleware/ShareErrorsFromSession.php(49): Illuminate\\Routing\\Pipeline->Illuminate\\Routing\\{closure}(Object(Illuminate\\Http\\Request))
#13 /Volumes/KHAC QUANG/ELEDEVO ACEDEMY/Project Demo/quangdemo1/vendor/laravel/framework/src/Illuminate/Pipeline/Pipeline.php(163): Illuminate\\View\\Middleware\\ShareErrorsFromSession->handle(Object(Illuminate\\Http\\Request), Object(Closure))
#14 /Volumes/KHAC QUANG/ELEDEVO ACEDEMY/Project Demo/quangdemo1/vendor/laravel/framework/src/Illuminate/Routing/Pipeline.php(53): Illuminate\\Pipeline\\Pipeline->Illuminate\\Pipeline\\{closure}(Object(Illuminate\\Http\\Request))
#15 /Volumes/KHAC QUANG/ELEDEVO ACEDEMY/Project Demo/quangdemo1/vendor/laravel/framework/src/Illuminate/Session/Middleware/StartSession.php(56): Illuminate\\Routing\\Pipeline->Illuminate\\Routing\\{closure}(Object(Illuminate\\Http\\Request))
#16 /Volumes/KHAC QUANG/ELEDEVO ACEDEMY/Project Demo/quangdemo1/vendor/laravel/framework/src/Illuminate/Pipeline/Pipeline.php(163): Illuminate\\Session\\Middleware\\StartSession->handle(Object(Illuminate\\Http\\Request), Object(Closure))
#17 /Volumes/KHAC QUANG/ELEDEVO ACEDEMY/Project Demo/quangdemo1/vendor/laravel/framework/src/Illuminate/Routing/Pipeline.php(53): Illuminate\\Pipeline\\Pipeline->Illuminate\\Pipeline\\{closure}(Object(Illuminate\\Http\\Request))
#18 /Volumes/KHAC QUANG/ELEDEVO ACEDEMY/Project Demo/quangdemo1/vendor/laravel/framework/src/Illuminate/Cookie/Middleware/AddQueuedCookiesToResponse.php(37): Illuminate\\Routing\\Pipeline->Illuminate\\Routing\\{closure}(Object(Illuminate\\Http\\Request))
#19 /Volumes/KHAC QUANG/ELEDEVO ACEDEMY/Project Demo/quangdemo1/vendor/laravel/framework/src/Illuminate/Pipeline/Pipeline.php(163): Illuminate\\Cookie\\Middleware\\AddQueuedCookiesToResponse->handle(Object(Illuminate\\Http\\Request), Object(Closure))
#20 /Volumes/KHAC QUANG/ELEDEVO ACEDEMY/Project Demo/quangdemo1/vendor/laravel/framework/src/Illuminate/Routing/Pipeline.php(53): Illuminate\\Pipeline\\Pipeline->Illuminate\\Pipeline\\{closure}(Object(Illuminate\\Http\\Request))
#21 /Volumes/KHAC QUANG/ELEDEVO ACEDEMY/Project Demo/quangdemo1/vendor/laravel/framework/src/Illuminate/Cookie/Middleware/EncryptCookies.php(66): Illuminate\\Routing\\Pipeline->Illuminate\\Routing\\{closure}(Object(Illuminate\\Http\\Request))
#22 /Volumes/KHAC QUANG/ELEDEVO ACEDEMY/Project Demo/quangdemo1/vendor/laravel/framework/src/Illuminate/Pipeline/Pipeline.php(163): Illuminate\\Cookie\\Middleware\\EncryptCookies->handle(Object(Illuminate\\Http\\Request), Object(Closure))
#23 /Volumes/KHAC QUANG/ELEDEVO ACEDEMY/Project Demo/quangdemo1/vendor/laravel/framework/src/Illuminate/Routing/Pipeline.php(53): Illuminate\\Pipeline\\Pipeline->Illuminate\\Pipeline\\{closure}(Object(Illuminate\\Http\\Request))
#24 /Volumes/KHAC QUANG/ELEDEVO ACEDEMY/Project Demo/quangdemo1/vendor/laravel/framework/src/Illuminate/Pipeline/Pipeline.php(104): Illuminate\\Routing\\Pipeline->Illuminate\\Routing\\{closure}(Object(Illuminate\\Http\\Request))
#25 /Volumes/KHAC QUANG/ELEDEVO ACEDEMY/Project Demo/quangdemo1/vendor/laravel/framework/src/Illuminate/Routing/Router.php(682): Illuminate\\Pipeline\\Pipeline->then(Object(Closure))
#26 /Volumes/KHAC QUANG/ELEDEVO ACEDEMY/Project Demo/quangdemo1/vendor/laravel/framework/src/Illuminate/Routing/Router.php(657): Illuminate\\Routing\\Router->runRouteWithinStack(Object(Illuminate\\Routing\\Route), Object(Illuminate\\Http\\Request))
#27 /Volumes/KHAC QUANG/ELEDEVO ACEDEMY/Project Demo/quangdemo1/vendor/laravel/framework/src/Illuminate/Routing/Router.php(623): Illuminate\\Routing\\Router->runRoute(Object(Illuminate\\Http\\Request), Object(Illuminate\\Routing\\Route))
#28 /Volumes/KHAC QUANG/ELEDEVO ACEDEMY/Project Demo/quangdemo1/vendor/laravel/framework/src/Illuminate/Routing/Router.php(612): Illuminate\\Routing\\Router->dispatchToRoute(Object(Illuminate\\Http\\Request))
#29 /Volumes/KHAC QUANG/ELEDEVO ACEDEMY/Project Demo/quangdemo1/vendor/laravel/framework/src/Illuminate/Foundation/Http/Kernel.php(176): Illuminate\\Routing\\Router->dispatch(Object(Illuminate\\Http\\Request))
#30 /Volumes/KHAC QUANG/ELEDEVO ACEDEMY/Project Demo/quangdemo1/vendor/laravel/framework/src/Illuminate/Routing/Pipeline.php(30): Illuminate\\Foundation\\Http\\Kernel->Illuminate\\Foundation\\Http\\{closure}(Object(Illuminate\\Http\\Request))
#31 /Volumes/KHAC QUANG/ELEDEVO ACEDEMY/Project Demo/quangdemo1/vendor/laravel/framework/src/Illuminate/Foundation/Http/Middleware/TransformsRequest.php(21): Illuminate\\Routing\\Pipeline->Illuminate\\Routing\\{closure}(Object(Illuminate\\Http\\Request))
#32 /Volumes/KHAC QUANG/ELEDEVO ACEDEMY/Project Demo/quangdemo1/vendor/laravel/framework/src/Illuminate/Pipeline/Pipeline.php(163): Illuminate\\Foundation\\Http\\Middleware\\TransformsRequest->handle(Object(Illuminate\\Http\\Request), Object(Closure))
#33 /Volumes/KHAC QUANG/ELEDEVO ACEDEMY/Project Demo/quangdemo1/vendor/laravel/framework/src/Illuminate/Routing/Pipeline.php(53): Illuminate\\Pipeline\\Pipeline->Illuminate\\Pipeline\\{closure}(Object(Illuminate\\Http\\Request))
#34 /Volumes/KHAC QUANG/ELEDEVO ACEDEMY/Project Demo/quangdemo1/vendor/laravel/framework/src/Illuminate/Foundation/Http/Middleware/TransformsRequest.php(21): Illuminate\\Routing\\Pipeline->Illuminate\\Routing\\{closure}(Object(Illuminate\\Http\\Request))
#35 /Volumes/KHAC QUANG/ELEDEVO ACEDEMY/Project Demo/quangdemo1/vendor/laravel/framework/src/Illuminate/Pipeline/Pipeline.php(163): Illuminate\\Foundation\\Http\\Middleware\\TransformsRequest->handle(Object(Illuminate\\Http\\Request), Object(Closure))
#36 /Volumes/KHAC QUANG/ELEDEVO ACEDEMY/Project Demo/quangdemo1/vendor/laravel/framework/src/Illuminate/Routing/Pipeline.php(53): Illuminate\\Pipeline\\Pipeline->Illuminate\\Pipeline\\{closure}(Object(Illuminate\\Http\\Request))
#37 /Volumes/KHAC QUANG/ELEDEVO ACEDEMY/Project Demo/quangdemo1/vendor/laravel/framework/src/Illuminate/Foundation/Http/Middleware/ValidatePostSize.php(27): Illuminate\\Routing\\Pipeline->Illuminate\\Routing\\{closure}(Object(Illuminate\\Http\\Request))
#38 /Volumes/KHAC QUANG/ELEDEVO ACEDEMY/Project Demo/quangdemo1/vendor/laravel/framework/src/Illuminate/Pipeline/Pipeline.php(163): Illuminate\\Foundation\\Http\\Middleware\\ValidatePostSize->handle(Object(Illuminate\\Http\\Request), Object(Closure))
#39 /Volumes/KHAC QUANG/ELEDEVO ACEDEMY/Project Demo/quangdemo1/vendor/laravel/framework/src/Illuminate/Routing/Pipeline.php(53): Illuminate\\Pipeline\\Pipeline->Illuminate\\Pipeline\\{closure}(Object(Illuminate\\Http\\Request))
#40 /Volumes/KHAC QUANG/ELEDEVO ACEDEMY/Project Demo/quangdemo1/vendor/laravel/framework/src/Illuminate/Foundation/Http/Middleware/CheckForMaintenanceMode.php(62): Illuminate\\Routing\\Pipeline->Illuminate\\Routing\\{closure}(Object(Illuminate\\Http\\Request))
#41 /Volumes/KHAC QUANG/ELEDEVO ACEDEMY/Project Demo/quangdemo1/vendor/laravel/framework/src/Illuminate/Pipeline/Pipeline.php(163): Illuminate\\Foundation\\Http\\Middleware\\CheckForMaintenanceMode->handle(Object(Illuminate\\Http\\Request), Object(Closure))
#42 /Volumes/KHAC QUANG/ELEDEVO ACEDEMY/Project Demo/quangdemo1/vendor/laravel/framework/src/Illuminate/Routing/Pipeline.php(53): Illuminate\\Pipeline\\Pipeline->Illuminate\\Pipeline\\{closure}(Object(Illuminate\\Http\\Request))
#43 /Volumes/KHAC QUANG/ELEDEVO ACEDEMY/Project Demo/quangdemo1/vendor/fideloper/proxy/src/TrustProxies.php(57): Illuminate\\Routing\\Pipeline->Illuminate\\Routing\\{closure}(Object(Illuminate\\Http\\Request))
#44 /Volumes/KHAC QUANG/ELEDEVO ACEDEMY/Project Demo/quangdemo1/vendor/laravel/framework/src/Illuminate/Pipeline/Pipeline.php(163): Fideloper\\Proxy\\TrustProxies->handle(Object(Illuminate\\Http\\Request), Object(Closure))
#45 /Volumes/KHAC QUANG/ELEDEVO ACEDEMY/Project Demo/quangdemo1/vendor/laravel/framework/src/Illuminate/Routing/Pipeline.php(53): Illuminate\\Pipeline\\Pipeline->Illuminate\\Pipeline\\{closure}(Object(Illuminate\\Http\\Request))
#46 /Volumes/KHAC QUANG/ELEDEVO ACEDEMY/Project Demo/quangdemo1/vendor/laravel/framework/src/Illuminate/Pipeline/Pipeline.php(104): Illuminate\\Routing\\Pipeline->Illuminate\\Routing\\{closure}(Object(Illuminate\\Http\\Request))
#47 /Volumes/KHAC QUANG/ELEDEVO ACEDEMY/Project Demo/quangdemo1/vendor/laravel/framework/src/Illuminate/Foundation/Http/Kernel.php(151): Illuminate\\Pipeline\\Pipeline->then(Object(Closure))
#48 /Volumes/KHAC QUANG/ELEDEVO ACEDEMY/Project Demo/quangdemo1/vendor/laravel/framework/src/Illuminate/Foundation/Http/Kernel.php(116): Illuminate\\Foundation\\Http\\Kernel->sendRequestThroughRouter(Object(Illuminate\\Http\\Request))
#49 /Volumes/KHAC QUANG/ELEDEVO ACEDEMY/Project Demo/quangdemo1/public/index.php(54): Illuminate\\Foundation\\Http\\Kernel->handle(Object(Illuminate\\Http\\Request))
#50 /Volumes/KHAC QUANG/ELEDEVO ACEDEMY/Project Demo/quangdemo1/server.php(21): require_once('/Volumes/KHAC Q...')
#51 {main}
"} 
[2020-01-14 10:05:04] local.ERROR: Class App\Http\Requests\ProuductRequest does not exist {"exception":"[object] (ReflectionException(code: 0): Class App\\Http\\Requests\\ProuductRequest does not exist at /Volumes/KHAC QUANG/ELEDEVO ACEDEMY/Project Demo/quangdemo1/vendor/laravel/framework/src/Illuminate/Routing/RouteSignatureParameters.php:25)
[stacktrace]
#0 /Volumes/KHAC QUANG/ELEDEVO ACEDEMY/Project Demo/quangdemo1/vendor/laravel/framework/src/Illuminate/Routing/RouteSignatureParameters.php(25): ReflectionParameter->getClass()
#1 [internal function]: Illuminate\\Routing\\RouteSignatureParameters::Illuminate\\Routing\\{closure}(Object(ReflectionParameter))
#2 /Volumes/KHAC QUANG/ELEDEVO ACEDEMY/Project Demo/quangdemo1/vendor/laravel/framework/src/Illuminate/Routing/RouteSignatureParameters.php(26): array_filter(Array, Object(Closure))
#3 /Volumes/KHAC QUANG/ELEDEVO ACEDEMY/Project Demo/quangdemo1/vendor/laravel/framework/src/Illuminate/Routing/Route.php(471): Illuminate\\Routing\\RouteSignatureParameters::fromAction(Array, 'Illuminate\\\\Cont...')
#4 /Volumes/KHAC QUANG/ELEDEVO ACEDEMY/Project Demo/quangdemo1/vendor/laravel/framework/src/Illuminate/Routing/ImplicitRouteBinding.php(24): Illuminate\\Routing\\Route->signatureParameters('Illuminate\\\\Cont...')
#5 /Volumes/KHAC QUANG/ELEDEVO ACEDEMY/Project Demo/quangdemo1/vendor/laravel/framework/src/Illuminate/Routing/Router.php(787): Illuminate\\Routing\\ImplicitRouteBinding::resolveForRoute(Object(Illuminate\\Foundation\\Application), Object(Illuminate\\Routing\\Route))
#6 /Volumes/KHAC QUANG/ELEDEVO ACEDEMY/Project Demo/quangdemo1/vendor/laravel/framework/src/Illuminate/Routing/Middleware/SubstituteBindings.php(39): Illuminate\\Routing\\Router->substituteImplicitBindings(Object(Illuminate\\Routing\\Route))
#7 /Volumes/KHAC QUANG/ELEDEVO ACEDEMY/Project Demo/quangdemo1/vendor/laravel/framework/src/Illuminate/Pipeline/Pipeline.php(163): Illuminate\\Routing\\Middleware\\SubstituteBindings->handle(Object(Illuminate\\Http\\Request), Object(Closure))
#8 /Volumes/KHAC QUANG/ELEDEVO ACEDEMY/Project Demo/quangdemo1/vendor/laravel/framework/src/Illuminate/Routing/Pipeline.php(53): Illuminate\\Pipeline\\Pipeline->Illuminate\\Pipeline\\{closure}(Object(Illuminate\\Http\\Request))
#9 /Volumes/KHAC QUANG/ELEDEVO ACEDEMY/Project Demo/quangdemo1/vendor/laravel/framework/src/Illuminate/Foundation/Http/Middleware/VerifyCsrfToken.php(75): Illuminate\\Routing\\Pipeline->Illuminate\\Routing\\{closure}(Object(Illuminate\\Http\\Request))
#10 /Volumes/KHAC QUANG/ELEDEVO ACEDEMY/Project Demo/quangdemo1/vendor/laravel/framework/src/Illuminate/Pipeline/Pipeline.php(163): Illuminate\\Foundation\\Http\\Middleware\\VerifyCsrfToken->handle(Object(Illuminate\\Http\\Request), Object(Closure))
#11 /Volumes/KHAC QUANG/ELEDEVO ACEDEMY/Project Demo/quangdemo1/vendor/laravel/framework/src/Illuminate/Routing/Pipeline.php(53): Illuminate\\Pipeline\\Pipeline->Illuminate\\Pipeline\\{closure}(Object(Illuminate\\Http\\Request))
#12 /Volumes/KHAC QUANG/ELEDEVO ACEDEMY/Project Demo/quangdemo1/vendor/laravel/framework/src/Illuminate/View/Middleware/ShareErrorsFromSession.php(49): Illuminate\\Routing\\Pipeline->Illuminate\\Routing\\{closure}(Object(Illuminate\\Http\\Request))
#13 /Volumes/KHAC QUANG/ELEDEVO ACEDEMY/Project Demo/quangdemo1/vendor/laravel/framework/src/Illuminate/Pipeline/Pipeline.php(163): Illuminate\\View\\Middleware\\ShareErrorsFromSession->handle(Object(Illuminate\\Http\\Request), Object(Closure))
#14 /Volumes/KHAC QUANG/ELEDEVO ACEDEMY/Project Demo/quangdemo1/vendor/laravel/framework/src/Illuminate/Routing/Pipeline.php(53): Illuminate\\Pipeline\\Pipeline->Illuminate\\Pipeline\\{closure}(Object(Illuminate\\Http\\Request))
#15 /Volumes/KHAC QUANG/ELEDEVO ACEDEMY/Project Demo/quangdemo1/vendor/laravel/framework/src/Illuminate/Session/Middleware/StartSession.php(56): Illuminate\\Routing\\Pipeline->Illuminate\\Routing\\{closure}(Object(Illuminate\\Http\\Request))
#16 /Volumes/KHAC QUANG/ELEDEVO ACEDEMY/Project Demo/quangdemo1/vendor/laravel/framework/src/Illuminate/Pipeline/Pipeline.php(163): Illuminate\\Session\\Middleware\\StartSession->handle(Object(Illuminate\\Http\\Request), Object(Closure))
#17 /Volumes/KHAC QUANG/ELEDEVO ACEDEMY/Project Demo/quangdemo1/vendor/laravel/framework/src/Illuminate/Routing/Pipeline.php(53): Illuminate\\Pipeline\\Pipeline->Illuminate\\Pipeline\\{closure}(Object(Illuminate\\Http\\Request))
#18 /Volumes/KHAC QUANG/ELEDEVO ACEDEMY/Project Demo/quangdemo1/vendor/laravel/framework/src/Illuminate/Cookie/Middleware/AddQueuedCookiesToResponse.php(37): Illuminate\\Routing\\Pipeline->Illuminate\\Routing\\{closure}(Object(Illuminate\\Http\\Request))
#19 /Volumes/KHAC QUANG/ELEDEVO ACEDEMY/Project Demo/quangdemo1/vendor/laravel/framework/src/Illuminate/Pipeline/Pipeline.php(163): Illuminate\\Cookie\\Middleware\\AddQueuedCookiesToResponse->handle(Object(Illuminate\\Http\\Request), Object(Closure))
#20 /Volumes/KHAC QUANG/ELEDEVO ACEDEMY/Project Demo/quangdemo1/vendor/laravel/framework/src/Illuminate/Routing/Pipeline.php(53): Illuminate\\Pipeline\\Pipeline->Illuminate\\Pipeline\\{closure}(Object(Illuminate\\Http\\Request))
#21 /Volumes/KHAC QUANG/ELEDEVO ACEDEMY/Project Demo/quangdemo1/vendor/laravel/framework/src/Illuminate/Cookie/Middleware/EncryptCookies.php(66): Illuminate\\Routing\\Pipeline->Illuminate\\Routing\\{closure}(Object(Illuminate\\Http\\Request))
#22 /Volumes/KHAC QUANG/ELEDEVO ACEDEMY/Project Demo/quangdemo1/vendor/laravel/framework/src/Illuminate/Pipeline/Pipeline.php(163): Illuminate\\Cookie\\Middleware\\EncryptCookies->handle(Object(Illuminate\\Http\\Request), Object(Closure))
#23 /Volumes/KHAC QUANG/ELEDEVO ACEDEMY/Project Demo/quangdemo1/vendor/laravel/framework/src/Illuminate/Routing/Pipeline.php(53): Illuminate\\Pipeline\\Pipeline->Illuminate\\Pipeline\\{closure}(Object(Illuminate\\Http\\Request))
#24 /Volumes/KHAC QUANG/ELEDEVO ACEDEMY/Project Demo/quangdemo1/vendor/laravel/framework/src/Illuminate/Pipeline/Pipeline.php(104): Illuminate\\Routing\\Pipeline->Illuminate\\Routing\\{closure}(Object(Illuminate\\Http\\Request))
#25 /Volumes/KHAC QUANG/ELEDEVO ACEDEMY/Project Demo/quangdemo1/vendor/laravel/framework/src/Illuminate/Routing/Router.php(682): Illuminate\\Pipeline\\Pipeline->then(Object(Closure))
#26 /Volumes/KHAC QUANG/ELEDEVO ACEDEMY/Project Demo/quangdemo1/vendor/laravel/framework/src/Illuminate/Routing/Router.php(657): Illuminate\\Routing\\Router->runRouteWithinStack(Object(Illuminate\\Routing\\Route), Object(Illuminate\\Http\\Request))
#27 /Volumes/KHAC QUANG/ELEDEVO ACEDEMY/Project Demo/quangdemo1/vendor/laravel/framework/src/Illuminate/Routing/Router.php(623): Illuminate\\Routing\\Router->runRoute(Object(Illuminate\\Http\\Request), Object(Illuminate\\Routing\\Route))
#28 /Volumes/KHAC QUANG/ELEDEVO ACEDEMY/Project Demo/quangdemo1/vendor/laravel/framework/src/Illuminate/Routing/Router.php(612): Illuminate\\Routing\\Router->dispatchToRoute(Object(Illuminate\\Http\\Request))
#29 /Volumes/KHAC QUANG/ELEDEVO ACEDEMY/Project Demo/quangdemo1/vendor/laravel/framework/src/Illuminate/Foundation/Http/Kernel.php(176): Illuminate\\Routing\\Router->dispatch(Object(Illuminate\\Http\\Request))
#30 /Volumes/KHAC QUANG/ELEDEVO ACEDEMY/Project Demo/quangdemo1/vendor/laravel/framework/src/Illuminate/Routing/Pipeline.php(30): Illuminate\\Foundation\\Http\\Kernel->Illuminate\\Foundation\\Http\\{closure}(Object(Illuminate\\Http\\Request))
#31 /Volumes/KHAC QUANG/ELEDEVO ACEDEMY/Project Demo/quangdemo1/vendor/laravel/framework/src/Illuminate/Foundation/Http/Middleware/TransformsRequest.php(21): Illuminate\\Routing\\Pipeline->Illuminate\\Routing\\{closure}(Object(Illuminate\\Http\\Request))
#32 /Volumes/KHAC QUANG/ELEDEVO ACEDEMY/Project Demo/quangdemo1/vendor/laravel/framework/src/Illuminate/Pipeline/Pipeline.php(163): Illuminate\\Foundation\\Http\\Middleware\\TransformsRequest->handle(Object(Illuminate\\Http\\Request), Object(Closure))
#33 /Volumes/KHAC QUANG/ELEDEVO ACEDEMY/Project Demo/quangdemo1/vendor/laravel/framework/src/Illuminate/Routing/Pipeline.php(53): Illuminate\\Pipeline\\Pipeline->Illuminate\\Pipeline\\{closure}(Object(Illuminate\\Http\\Request))
#34 /Volumes/KHAC QUANG/ELEDEVO ACEDEMY/Project Demo/quangdemo1/vendor/laravel/framework/src/Illuminate/Foundation/Http/Middleware/TransformsRequest.php(21): Illuminate\\Routing\\Pipeline->Illuminate\\Routing\\{closure}(Object(Illuminate\\Http\\Request))
#35 /Volumes/KHAC QUANG/ELEDEVO ACEDEMY/Project Demo/quangdemo1/vendor/laravel/framework/src/Illuminate/Pipeline/Pipeline.php(163): Illuminate\\Foundation\\Http\\Middleware\\TransformsRequest->handle(Object(Illuminate\\Http\\Request), Object(Closure))
#36 /Volumes/KHAC QUANG/ELEDEVO ACEDEMY/Project Demo/quangdemo1/vendor/laravel/framework/src/Illuminate/Routing/Pipeline.php(53): Illuminate\\Pipeline\\Pipeline->Illuminate\\Pipeline\\{closure}(Object(Illuminate\\Http\\Request))
#37 /Volumes/KHAC QUANG/ELEDEVO ACEDEMY/Project Demo/quangdemo1/vendor/laravel/framework/src/Illuminate/Foundation/Http/Middleware/ValidatePostSize.php(27): Illuminate\\Routing\\Pipeline->Illuminate\\Routing\\{closure}(Object(Illuminate\\Http\\Request))
#38 /Volumes/KHAC QUANG/ELEDEVO ACEDEMY/Project Demo/quangdemo1/vendor/laravel/framework/src/Illuminate/Pipeline/Pipeline.php(163): Illuminate\\Foundation\\Http\\Middleware\\ValidatePostSize->handle(Object(Illuminate\\Http\\Request), Object(Closure))
#39 /Volumes/KHAC QUANG/ELEDEVO ACEDEMY/Project Demo/quangdemo1/vendor/laravel/framework/src/Illuminate/Routing/Pipeline.php(53): Illuminate\\Pipeline\\Pipeline->Illuminate\\Pipeline\\{closure}(Object(Illuminate\\Http\\Request))
#40 /Volumes/KHAC QUANG/ELEDEVO ACEDEMY/Project Demo/quangdemo1/vendor/laravel/framework/src/Illuminate/Foundation/Http/Middleware/CheckForMaintenanceMode.php(62): Illuminate\\Routing\\Pipeline->Illuminate\\Routing\\{closure}(Object(Illuminate\\Http\\Request))
#41 /Volumes/KHAC QUANG/ELEDEVO ACEDEMY/Project Demo/quangdemo1/vendor/laravel/framework/src/Illuminate/Pipeline/Pipeline.php(163): Illuminate\\Foundation\\Http\\Middleware\\CheckForMaintenanceMode->handle(Object(Illuminate\\Http\\Request), Object(Closure))
#42 /Volumes/KHAC QUANG/ELEDEVO ACEDEMY/Project Demo/quangdemo1/vendor/laravel/framework/src/Illuminate/Routing/Pipeline.php(53): Illuminate\\Pipeline\\Pipeline->Illuminate\\Pipeline\\{closure}(Object(Illuminate\\Http\\Request))
#43 /Volumes/KHAC QUANG/ELEDEVO ACEDEMY/Project Demo/quangdemo1/vendor/fideloper/proxy/src/TrustProxies.php(57): Illuminate\\Routing\\Pipeline->Illuminate\\Routing\\{closure}(Object(Illuminate\\Http\\Request))
#44 /Volumes/KHAC QUANG/ELEDEVO ACEDEMY/Project Demo/quangdemo1/vendor/laravel/framework/src/Illuminate/Pipeline/Pipeline.php(163): Fideloper\\Proxy\\TrustProxies->handle(Object(Illuminate\\Http\\Request), Object(Closure))
#45 /Volumes/KHAC QUANG/ELEDEVO ACEDEMY/Project Demo/quangdemo1/vendor/laravel/framework/src/Illuminate/Routing/Pipeline.php(53): Illuminate\\Pipeline\\Pipeline->Illuminate\\Pipeline\\{closure}(Object(Illuminate\\Http\\Request))
#46 /Volumes/KHAC QUANG/ELEDEVO ACEDEMY/Project Demo/quangdemo1/vendor/laravel/framework/src/Illuminate/Pipeline/Pipeline.php(104): Illuminate\\Routing\\Pipeline->Illuminate\\Routing\\{closure}(Object(Illuminate\\Http\\Request))
#47 /Volumes/KHAC QUANG/ELEDEVO ACEDEMY/Project Demo/quangdemo1/vendor/laravel/framework/src/Illuminate/Foundation/Http/Kernel.php(151): Illuminate\\Pipeline\\Pipeline->then(Object(Closure))
#48 /Volumes/KHAC QUANG/ELEDEVO ACEDEMY/Project Demo/quangdemo1/vendor/laravel/framework/src/Illuminate/Foundation/Http/Kernel.php(116): Illuminate\\Foundation\\Http\\Kernel->sendRequestThroughRouter(Object(Illuminate\\Http\\Request))
#49 /Volumes/KHAC QUANG/ELEDEVO ACEDEMY/Project Demo/quangdemo1/public/index.php(54): Illuminate\\Foundation\\Http\\Kernel->handle(Object(Illuminate\\Http\\Request))
#50 /Volumes/KHAC QUANG/ELEDEVO ACEDEMY/Project Demo/quangdemo1/server.php(21): require_once('/Volumes/KHAC Q...')
#51 {main}
"} 
[2020-01-14 12:13:33] local.ERROR: Class App\Http\Requests\ProuductRequest does not exist {"exception":"[object] (ReflectionException(code: 0): Class App\\Http\\Requests\\ProuductRequest does not exist at /Volumes/KHAC QUANG/ELEDEVO ACEDEMY/Project Demo/quangdemo1/vendor/laravel/framework/src/Illuminate/Routing/RouteSignatureParameters.php:25)
[stacktrace]
#0 /Volumes/KHAC QUANG/ELEDEVO ACEDEMY/Project Demo/quangdemo1/vendor/laravel/framework/src/Illuminate/Routing/RouteSignatureParameters.php(25): ReflectionParameter->getClass()
#1 [internal function]: Illuminate\\Routing\\RouteSignatureParameters::Illuminate\\Routing\\{closure}(Object(ReflectionParameter))
#2 /Volumes/KHAC QUANG/ELEDEVO ACEDEMY/Project Demo/quangdemo1/vendor/laravel/framework/src/Illuminate/Routing/RouteSignatureParameters.php(26): array_filter(Array, Object(Closure))
#3 /Volumes/KHAC QUANG/ELEDEVO ACEDEMY/Project Demo/quangdemo1/vendor/laravel/framework/src/Illuminate/Routing/Route.php(471): Illuminate\\Routing\\RouteSignatureParameters::fromAction(Array, 'Illuminate\\\\Cont...')
#4 /Volumes/KHAC QUANG/ELEDEVO ACEDEMY/Project Demo/quangdemo1/vendor/laravel/framework/src/Illuminate/Routing/ImplicitRouteBinding.php(24): Illuminate\\Routing\\Route->signatureParameters('Illuminate\\\\Cont...')
#5 /Volumes/KHAC QUANG/ELEDEVO ACEDEMY/Project Demo/quangdemo1/vendor/laravel/framework/src/Illuminate/Routing/Router.php(787): Illuminate\\Routing\\ImplicitRouteBinding::resolveForRoute(Object(Illuminate\\Foundation\\Application), Object(Illuminate\\Routing\\Route))
#6 /Volumes/KHAC QUANG/ELEDEVO ACEDEMY/Project Demo/quangdemo1/vendor/laravel/framework/src/Illuminate/Routing/Middleware/SubstituteBindings.php(39): Illuminate\\Routing\\Router->substituteImplicitBindings(Object(Illuminate\\Routing\\Route))
#7 /Volumes/KHAC QUANG/ELEDEVO ACEDEMY/Project Demo/quangdemo1/vendor/laravel/framework/src/Illuminate/Pipeline/Pipeline.php(163): Illuminate\\Routing\\Middleware\\SubstituteBindings->handle(Object(Illuminate\\Http\\Request), Object(Closure))
#8 /Volumes/KHAC QUANG/ELEDEVO ACEDEMY/Project Demo/quangdemo1/vendor/laravel/framework/src/Illuminate/Routing/Pipeline.php(53): Illuminate\\Pipeline\\Pipeline->Illuminate\\Pipeline\\{closure}(Object(Illuminate\\Http\\Request))
#9 /Volumes/KHAC QUANG/ELEDEVO ACEDEMY/Project Demo/quangdemo1/vendor/laravel/framework/src/Illuminate/Foundation/Http/Middleware/VerifyCsrfToken.php(75): Illuminate\\Routing\\Pipeline->Illuminate\\Routing\\{closure}(Object(Illuminate\\Http\\Request))
#10 /Volumes/KHAC QUANG/ELEDEVO ACEDEMY/Project Demo/quangdemo1/vendor/laravel/framework/src/Illuminate/Pipeline/Pipeline.php(163): Illuminate\\Foundation\\Http\\Middleware\\VerifyCsrfToken->handle(Object(Illuminate\\Http\\Request), Object(Closure))
#11 /Volumes/KHAC QUANG/ELEDEVO ACEDEMY/Project Demo/quangdemo1/vendor/laravel/framework/src/Illuminate/Routing/Pipeline.php(53): Illuminate\\Pipeline\\Pipeline->Illuminate\\Pipeline\\{closure}(Object(Illuminate\\Http\\Request))
#12 /Volumes/KHAC QUANG/ELEDEVO ACEDEMY/Project Demo/quangdemo1/vendor/laravel/framework/src/Illuminate/View/Middleware/ShareErrorsFromSession.php(49): Illuminate\\Routing\\Pipeline->Illuminate\\Routing\\{closure}(Object(Illuminate\\Http\\Request))
#13 /Volumes/KHAC QUANG/ELEDEVO ACEDEMY/Project Demo/quangdemo1/vendor/laravel/framework/src/Illuminate/Pipeline/Pipeline.php(163): Illuminate\\View\\Middleware\\ShareErrorsFromSession->handle(Object(Illuminate\\Http\\Request), Object(Closure))
#14 /Volumes/KHAC QUANG/ELEDEVO ACEDEMY/Project Demo/quangdemo1/vendor/laravel/framework/src/Illuminate/Routing/Pipeline.php(53): Illuminate\\Pipeline\\Pipeline->Illuminate\\Pipeline\\{closure}(Object(Illuminate\\Http\\Request))
#15 /Volumes/KHAC QUANG/ELEDEVO ACEDEMY/Project Demo/quangdemo1/vendor/laravel/framework/src/Illuminate/Session/Middleware/StartSession.php(56): Illuminate\\Routing\\Pipeline->Illuminate\\Routing\\{closure}(Object(Illuminate\\Http\\Request))
#16 /Volumes/KHAC QUANG/ELEDEVO ACEDEMY/Project Demo/quangdemo1/vendor/laravel/framework/src/Illuminate/Pipeline/Pipeline.php(163): Illuminate\\Session\\Middleware\\StartSession->handle(Object(Illuminate\\Http\\Request), Object(Closure))
#17 /Volumes/KHAC QUANG/ELEDEVO ACEDEMY/Project Demo/quangdemo1/vendor/laravel/framework/src/Illuminate/Routing/Pipeline.php(53): Illuminate\\Pipeline\\Pipeline->Illuminate\\Pipeline\\{closure}(Object(Illuminate\\Http\\Request))
#18 /Volumes/KHAC QUANG/ELEDEVO ACEDEMY/Project Demo/quangdemo1/vendor/laravel/framework/src/Illuminate/Cookie/Middleware/AddQueuedCookiesToResponse.php(37): Illuminate\\Routing\\Pipeline->Illuminate\\Routing\\{closure}(Object(Illuminate\\Http\\Request))
#19 /Volumes/KHAC QUANG/ELEDEVO ACEDEMY/Project Demo/quangdemo1/vendor/laravel/framework/src/Illuminate/Pipeline/Pipeline.php(163): Illuminate\\Cookie\\Middleware\\AddQueuedCookiesToResponse->handle(Object(Illuminate\\Http\\Request), Object(Closure))
#20 /Volumes/KHAC QUANG/ELEDEVO ACEDEMY/Project Demo/quangdemo1/vendor/laravel/framework/src/Illuminate/Routing/Pipeline.php(53): Illuminate\\Pipeline\\Pipeline->Illuminate\\Pipeline\\{closure}(Object(Illuminate\\Http\\Request))
#21 /Volumes/KHAC QUANG/ELEDEVO ACEDEMY/Project Demo/quangdemo1/vendor/laravel/framework/src/Illuminate/Cookie/Middleware/EncryptCookies.php(66): Illuminate\\Routing\\Pipeline->Illuminate\\Routing\\{closure}(Object(Illuminate\\Http\\Request))
#22 /Volumes/KHAC QUANG/ELEDEVO ACEDEMY/Project Demo/quangdemo1/vendor/laravel/framework/src/Illuminate/Pipeline/Pipeline.php(163): Illuminate\\Cookie\\Middleware\\EncryptCookies->handle(Object(Illuminate\\Http\\Request), Object(Closure))
#23 /Volumes/KHAC QUANG/ELEDEVO ACEDEMY/Project Demo/quangdemo1/vendor/laravel/framework/src/Illuminate/Routing/Pipeline.php(53): Illuminate\\Pipeline\\Pipeline->Illuminate\\Pipeline\\{closure}(Object(Illuminate\\Http\\Request))
#24 /Volumes/KHAC QUANG/ELEDEVO ACEDEMY/Project Demo/quangdemo1/vendor/laravel/framework/src/Illuminate/Pipeline/Pipeline.php(104): Illuminate\\Routing\\Pipeline->Illuminate\\Routing\\{closure}(Object(Illuminate\\Http\\Request))
#25 /Volumes/KHAC QUANG/ELEDEVO ACEDEMY/Project Demo/quangdemo1/vendor/laravel/framework/src/Illuminate/Routing/Router.php(682): Illuminate\\Pipeline\\Pipeline->then(Object(Closure))
#26 /Volumes/KHAC QUANG/ELEDEVO ACEDEMY/Project Demo/quangdemo1/vendor/laravel/framework/src/Illuminate/Routing/Router.php(657): Illuminate\\Routing\\Router->runRouteWithinStack(Object(Illuminate\\Routing\\Route), Object(Illuminate\\Http\\Request))
#27 /Volumes/KHAC QUANG/ELEDEVO ACEDEMY/Project Demo/quangdemo1/vendor/laravel/framework/src/Illuminate/Routing/Router.php(623): Illuminate\\Routing\\Router->runRoute(Object(Illuminate\\Http\\Request), Object(Illuminate\\Routing\\Route))
#28 /Volumes/KHAC QUANG/ELEDEVO ACEDEMY/Project Demo/quangdemo1/vendor/laravel/framework/src/Illuminate/Routing/Router.php(612): Illuminate\\Routing\\Router->dispatchToRoute(Object(Illuminate\\Http\\Request))
#29 /Volumes/KHAC QUANG/ELEDEVO ACEDEMY/Project Demo/quangdemo1/vendor/laravel/framework/src/Illuminate/Foundation/Http/Kernel.php(176): Illuminate\\Routing\\Router->dispatch(Object(Illuminate\\Http\\Request))
#30 /Volumes/KHAC QUANG/ELEDEVO ACEDEMY/Project Demo/quangdemo1/vendor/laravel/framework/src/Illuminate/Routing/Pipeline.php(30): Illuminate\\Foundation\\Http\\Kernel->Illuminate\\Foundation\\Http\\{closure}(Object(Illuminate\\Http\\Request))
#31 /Volumes/KHAC QUANG/ELEDEVO ACEDEMY/Project Demo/quangdemo1/vendor/laravel/framework/src/Illuminate/Foundation/Http/Middleware/TransformsRequest.php(21): Illuminate\\Routing\\Pipeline->Illuminate\\Routing\\{closure}(Object(Illuminate\\Http\\Request))
#32 /Volumes/KHAC QUANG/ELEDEVO ACEDEMY/Project Demo/quangdemo1/vendor/laravel/framework/src/Illuminate/Pipeline/Pipeline.php(163): Illuminate\\Foundation\\Http\\Middleware\\TransformsRequest->handle(Object(Illuminate\\Http\\Request), Object(Closure))
#33 /Volumes/KHAC QUANG/ELEDEVO ACEDEMY/Project Demo/quangdemo1/vendor/laravel/framework/src/Illuminate/Routing/Pipeline.php(53): Illuminate\\Pipeline\\Pipeline->Illuminate\\Pipeline\\{closure}(Object(Illuminate\\Http\\Request))
#34 /Volumes/KHAC QUANG/ELEDEVO ACEDEMY/Project Demo/quangdemo1/vendor/laravel/framework/src/Illuminate/Foundation/Http/Middleware/TransformsRequest.php(21): Illuminate\\Routing\\Pipeline->Illuminate\\Routing\\{closure}(Object(Illuminate\\Http\\Request))
#35 /Volumes/KHAC QUANG/ELEDEVO ACEDEMY/Project Demo/quangdemo1/vendor/laravel/framework/src/Illuminate/Pipeline/Pipeline.php(163): Illuminate\\Foundation\\Http\\Middleware\\TransformsRequest->handle(Object(Illuminate\\Http\\Request), Object(Closure))
#36 /Volumes/KHAC QUANG/ELEDEVO ACEDEMY/Project Demo/quangdemo1/vendor/laravel/framework/src/Illuminate/Routing/Pipeline.php(53): Illuminate\\Pipeline\\Pipeline->Illuminate\\Pipeline\\{closure}(Object(Illuminate\\Http\\Request))
#37 /Volumes/KHAC QUANG/ELEDEVO ACEDEMY/Project Demo/quangdemo1/vendor/laravel/framework/src/Illuminate/Foundation/Http/Middleware/ValidatePostSize.php(27): Illuminate\\Routing\\Pipeline->Illuminate\\Routing\\{closure}(Object(Illuminate\\Http\\Request))
#38 /Volumes/KHAC QUANG/ELEDEVO ACEDEMY/Project Demo/quangdemo1/vendor/laravel/framework/src/Illuminate/Pipeline/Pipeline.php(163): Illuminate\\Foundation\\Http\\Middleware\\ValidatePostSize->handle(Object(Illuminate\\Http\\Request), Object(Closure))
#39 /Volumes/KHAC QUANG/ELEDEVO ACEDEMY/Project Demo/quangdemo1/vendor/laravel/framework/src/Illuminate/Routing/Pipeline.php(53): Illuminate\\Pipeline\\Pipeline->Illuminate\\Pipeline\\{closure}(Object(Illuminate\\Http\\Request))
#40 /Volumes/KHAC QUANG/ELEDEVO ACEDEMY/Project Demo/quangdemo1/vendor/laravel/framework/src/Illuminate/Foundation/Http/Middleware/CheckForMaintenanceMode.php(62): Illuminate\\Routing\\Pipeline->Illuminate\\Routing\\{closure}(Object(Illuminate\\Http\\Request))
#41 /Volumes/KHAC QUANG/ELEDEVO ACEDEMY/Project Demo/quangdemo1/vendor/laravel/framework/src/Illuminate/Pipeline/Pipeline.php(163): Illuminate\\Foundation\\Http\\Middleware\\CheckForMaintenanceMode->handle(Object(Illuminate\\Http\\Request), Object(Closure))
#42 /Volumes/KHAC QUANG/ELEDEVO ACEDEMY/Project Demo/quangdemo1/vendor/laravel/framework/src/Illuminate/Routing/Pipeline.php(53): Illuminate\\Pipeline\\Pipeline->Illuminate\\Pipeline\\{closure}(Object(Illuminate\\Http\\Request))
#43 /Volumes/KHAC QUANG/ELEDEVO ACEDEMY/Project Demo/quangdemo1/vendor/fideloper/proxy/src/TrustProxies.php(57): Illuminate\\Routing\\Pipeline->Illuminate\\Routing\\{closure}(Object(Illuminate\\Http\\Request))
#44 /Volumes/KHAC QUANG/ELEDEVO ACEDEMY/Project Demo/quangdemo1/vendor/laravel/framework/src/Illuminate/Pipeline/Pipeline.php(163): Fideloper\\Proxy\\TrustProxies->handle(Object(Illuminate\\Http\\Request), Object(Closure))
#45 /Volumes/KHAC QUANG/ELEDEVO ACEDEMY/Project Demo/quangdemo1/vendor/laravel/framework/src/Illuminate/Routing/Pipeline.php(53): Illuminate\\Pipeline\\Pipeline->Illuminate\\Pipeline\\{closure}(Object(Illuminate\\Http\\Request))
#46 /Volumes/KHAC QUANG/ELEDEVO ACEDEMY/Project Demo/quangdemo1/vendor/laravel/framework/src/Illuminate/Pipeline/Pipeline.php(104): Illuminate\\Routing\\Pipeline->Illuminate\\Routing\\{closure}(Object(Illuminate\\Http\\Request))
#47 /Volumes/KHAC QUANG/ELEDEVO ACEDEMY/Project Demo/quangdemo1/vendor/laravel/framework/src/Illuminate/Foundation/Http/Kernel.php(151): Illuminate\\Pipeline\\Pipeline->then(Object(Closure))
#48 /Volumes/KHAC QUANG/ELEDEVO ACEDEMY/Project Demo/quangdemo1/vendor/laravel/framework/src/Illuminate/Foundation/Http/Kernel.php(116): Illuminate\\Foundation\\Http\\Kernel->sendRequestThroughRouter(Object(Illuminate\\Http\\Request))
#49 /Volumes/KHAC QUANG/ELEDEVO ACEDEMY/Project Demo/quangdemo1/public/index.php(54): Illuminate\\Foundation\\Http\\Kernel->handle(Object(Illuminate\\Http\\Request))
#50 /Volumes/KHAC QUANG/ELEDEVO ACEDEMY/Project Demo/quangdemo1/server.php(21): require_once('/Volumes/KHAC Q...')
#51 {main}
"} 
[2020-01-14 12:30:39] local.ERROR: Call to a member function getClientOriginalName() on null {"exception":"[object] (Symfony\\Component\\Debug\\Exception\\FatalThrowableError(code: 0): Call to a member function getClientOriginalName() on null at /Volumes/KHAC QUANG/ELEDEVO ACEDEMY/Project Demo/quangdemo1/app/Http/Controllers/ProductController.php:44)
[stacktrace]
#0 [internal function]: App\\Http\\Controllers\\ProductController->create(Object(Illuminate\\Http\\Request))
#1 /Volumes/KHAC QUANG/ELEDEVO ACEDEMY/Project Demo/quangdemo1/vendor/laravel/framework/src/Illuminate/Routing/Controller.php(54): call_user_func_array(Array, Array)
#2 /Volumes/KHAC QUANG/ELEDEVO ACEDEMY/Project Demo/quangdemo1/vendor/laravel/framework/src/Illuminate/Routing/ControllerDispatcher.php(45): Illuminate\\Routing\\Controller->callAction('create', Array)
#3 /Volumes/KHAC QUANG/ELEDEVO ACEDEMY/Project Demo/quangdemo1/vendor/laravel/framework/src/Illuminate/Routing/Route.php(219): Illuminate\\Routing\\ControllerDispatcher->dispatch(Object(Illuminate\\Routing\\Route), Object(App\\Http\\Controllers\\ProductController), 'create')
#4 /Volumes/KHAC QUANG/ELEDEVO ACEDEMY/Project Demo/quangdemo1/vendor/laravel/framework/src/Illuminate/Routing/Route.php(176): Illuminate\\Routing\\Route->runController()
#5 /Volumes/KHAC QUANG/ELEDEVO ACEDEMY/Project Demo/quangdemo1/vendor/laravel/framework/src/Illuminate/Routing/Router.php(680): Illuminate\\Routing\\Route->run()
#6 /Volumes/KHAC QUANG/ELEDEVO ACEDEMY/Project Demo/quangdemo1/vendor/laravel/framework/src/Illuminate/Routing/Pipeline.php(30): Illuminate\\Routing\\Router->Illuminate\\Routing\\{closure}(Object(Illuminate\\Http\\Request))
#7 /Volumes/KHAC QUANG/ELEDEVO ACEDEMY/Project Demo/quangdemo1/vendor/laravel/framework/src/Illuminate/Routing/Middleware/SubstituteBindings.php(41): Illuminate\\Routing\\Pipeline->Illuminate\\Routing\\{closure}(Object(Illuminate\\Http\\Request))
#8 /Volumes/KHAC QUANG/ELEDEVO ACEDEMY/Project Demo/quangdemo1/vendor/laravel/framework/src/Illuminate/Pipeline/Pipeline.php(163): Illuminate\\Routing\\Middleware\\SubstituteBindings->handle(Object(Illuminate\\Http\\Request), Object(Closure))
#9 /Volumes/KHAC QUANG/ELEDEVO ACEDEMY/Project Demo/quangdemo1/vendor/laravel/framework/src/Illuminate/Routing/Pipeline.php(53): Illuminate\\Pipeline\\Pipeline->Illuminate\\Pipeline\\{closure}(Object(Illuminate\\Http\\Request))
#10 /Volumes/KHAC QUANG/ELEDEVO ACEDEMY/Project Demo/quangdemo1/vendor/laravel/framework/src/Illuminate/Foundation/Http/Middleware/VerifyCsrfToken.php(75): Illuminate\\Routing\\Pipeline->Illuminate\\Routing\\{closure}(Object(Illuminate\\Http\\Request))
#11 /Volumes/KHAC QUANG/ELEDEVO ACEDEMY/Project Demo/quangdemo1/vendor/laravel/framework/src/Illuminate/Pipeline/Pipeline.php(163): Illuminate\\Foundation\\Http\\Middleware\\VerifyCsrfToken->handle(Object(Illuminate\\Http\\Request), Object(Closure))
#12 /Volumes/KHAC QUANG/ELEDEVO ACEDEMY/Project Demo/quangdemo1/vendor/laravel/framework/src/Illuminate/Routing/Pipeline.php(53): Illuminate\\Pipeline\\Pipeline->Illuminate\\Pipeline\\{closure}(Object(Illuminate\\Http\\Request))
#13 /Volumes/KHAC QUANG/ELEDEVO ACEDEMY/Project Demo/quangdemo1/vendor/laravel/framework/src/Illuminate/View/Middleware/ShareErrorsFromSession.php(49): Illuminate\\Routing\\Pipeline->Illuminate\\Routing\\{closure}(Object(Illuminate\\Http\\Request))
#14 /Volumes/KHAC QUANG/ELEDEVO ACEDEMY/Project Demo/quangdemo1/vendor/laravel/framework/src/Illuminate/Pipeline/Pipeline.php(163): Illuminate\\View\\Middleware\\ShareErrorsFromSession->handle(Object(Illuminate\\Http\\Request), Object(Closure))
#15 /Volumes/KHAC QUANG/ELEDEVO ACEDEMY/Project Demo/quangdemo1/vendor/laravel/framework/src/Illuminate/Routing/Pipeline.php(53): Illuminate\\Pipeline\\Pipeline->Illuminate\\Pipeline\\{closure}(Object(Illuminate\\Http\\Request))
#16 /Volumes/KHAC QUANG/ELEDEVO ACEDEMY/Project Demo/quangdemo1/vendor/laravel/framework/src/Illuminate/Session/Middleware/StartSession.php(56): Illuminate\\Routing\\Pipeline->Illuminate\\Routing\\{closure}(Object(Illuminate\\Http\\Request))
#17 /Volumes/KHAC QUANG/ELEDEVO ACEDEMY/Project Demo/quangdemo1/vendor/laravel/framework/src/Illuminate/Pipeline/Pipeline.php(163): Illuminate\\Session\\Middleware\\StartSession->handle(Object(Illuminate\\Http\\Request), Object(Closure))
#18 /Volumes/KHAC QUANG/ELEDEVO ACEDEMY/Project Demo/quangdemo1/vendor/laravel/framework/src/Illuminate/Routing/Pipeline.php(53): Illuminate\\Pipeline\\Pipeline->Illuminate\\Pipeline\\{closure}(Object(Illuminate\\Http\\Request))
#19 /Volumes/KHAC QUANG/ELEDEVO ACEDEMY/Project Demo/quangdemo1/vendor/laravel/framework/src/Illuminate/Cookie/Middleware/AddQueuedCookiesToResponse.php(37): Illuminate\\Routing\\Pipeline->Illuminate\\Routing\\{closure}(Object(Illuminate\\Http\\Request))
#20 /Volumes/KHAC QUANG/ELEDEVO ACEDEMY/Project Demo/quangdemo1/vendor/laravel/framework/src/Illuminate/Pipeline/Pipeline.php(163): Illuminate\\Cookie\\Middleware\\AddQueuedCookiesToResponse->handle(Object(Illuminate\\Http\\Request), Object(Closure))
#21 /Volumes/KHAC QUANG/ELEDEVO ACEDEMY/Project Demo/quangdemo1/vendor/laravel/framework/src/Illuminate/Routing/Pipeline.php(53): Illuminate\\Pipeline\\Pipeline->Illuminate\\Pipeline\\{closure}(Object(Illuminate\\Http\\Request))
#22 /Volumes/KHAC QUANG/ELEDEVO ACEDEMY/Project Demo/quangdemo1/vendor/laravel/framework/src/Illuminate/Cookie/Middleware/EncryptCookies.php(66): Illuminate\\Routing\\Pipeline->Illuminate\\Routing\\{closure}(Object(Illuminate\\Http\\Request))
#23 /Volumes/KHAC QUANG/ELEDEVO ACEDEMY/Project Demo/quangdemo1/vendor/laravel/framework/src/Illuminate/Pipeline/Pipeline.php(163): Illuminate\\Cookie\\Middleware\\EncryptCookies->handle(Object(Illuminate\\Http\\Request), Object(Closure))
#24 /Volumes/KHAC QUANG/ELEDEVO ACEDEMY/Project Demo/quangdemo1/vendor/laravel/framework/src/Illuminate/Routing/Pipeline.php(53): Illuminate\\Pipeline\\Pipeline->Illuminate\\Pipeline\\{closure}(Object(Illuminate\\Http\\Request))
#25 /Volumes/KHAC QUANG/ELEDEVO ACEDEMY/Project Demo/quangdemo1/vendor/laravel/framework/src/Illuminate/Pipeline/Pipeline.php(104): Illuminate\\Routing\\Pipeline->Illuminate\\Routing\\{closure}(Object(Illuminate\\Http\\Request))
#26 /Volumes/KHAC QUANG/ELEDEVO ACEDEMY/Project Demo/quangdemo1/vendor/laravel/framework/src/Illuminate/Routing/Router.php(682): Illuminate\\Pipeline\\Pipeline->then(Object(Closure))
#27 /Volumes/KHAC QUANG/ELEDEVO ACEDEMY/Project Demo/quangdemo1/vendor/laravel/framework/src/Illuminate/Routing/Router.php(657): Illuminate\\Routing\\Router->runRouteWithinStack(Object(Illuminate\\Routing\\Route), Object(Illuminate\\Http\\Request))
#28 /Volumes/KHAC QUANG/ELEDEVO ACEDEMY/Project Demo/quangdemo1/vendor/laravel/framework/src/Illuminate/Routing/Router.php(623): Illuminate\\Routing\\Router->runRoute(Object(Illuminate\\Http\\Request), Object(Illuminate\\Routing\\Route))
#29 /Volumes/KHAC QUANG/ELEDEVO ACEDEMY/Project Demo/quangdemo1/vendor/laravel/framework/src/Illuminate/Routing/Router.php(612): Illuminate\\Routing\\Router->dispatchToRoute(Object(Illuminate\\Http\\Request))
#30 /Volumes/KHAC QUANG/ELEDEVO ACEDEMY/Project Demo/quangdemo1/vendor/laravel/framework/src/Illuminate/Foundation/Http/Kernel.php(176): Illuminate\\Routing\\Router->dispatch(Object(Illuminate\\Http\\Request))
#31 /Volumes/KHAC QUANG/ELEDEVO ACEDEMY/Project Demo/quangdemo1/vendor/laravel/framework/src/Illuminate/Routing/Pipeline.php(30): Illuminate\\Foundation\\Http\\Kernel->Illuminate\\Foundation\\Http\\{closure}(Object(Illuminate\\Http\\Request))
#32 /Volumes/KHAC QUANG/ELEDEVO ACEDEMY/Project Demo/quangdemo1/vendor/laravel/framework/src/Illuminate/Foundation/Http/Middleware/TransformsRequest.php(21): Illuminate\\Routing\\Pipeline->Illuminate\\Routing\\{closure}(Object(Illuminate\\Http\\Request))
#33 /Volumes/KHAC QUANG/ELEDEVO ACEDEMY/Project Demo/quangdemo1/vendor/laravel/framework/src/Illuminate/Pipeline/Pipeline.php(163): Illuminate\\Foundation\\Http\\Middleware\\TransformsRequest->handle(Object(Illuminate\\Http\\Request), Object(Closure))
#34 /Volumes/KHAC QUANG/ELEDEVO ACEDEMY/Project Demo/quangdemo1/vendor/laravel/framework/src/Illuminate/Routing/Pipeline.php(53): Illuminate\\Pipeline\\Pipeline->Illuminate\\Pipeline\\{closure}(Object(Illuminate\\Http\\Request))
#35 /Volumes/KHAC QUANG/ELEDEVO ACEDEMY/Project Demo/quangdemo1/vendor/laravel/framework/src/Illuminate/Foundation/Http/Middleware/TransformsRequest.php(21): Illuminate\\Routing\\Pipeline->Illuminate\\Routing\\{closure}(Object(Illuminate\\Http\\Request))
#36 /Volumes/KHAC QUANG/ELEDEVO ACEDEMY/Project Demo/quangdemo1/vendor/laravel/framework/src/Illuminate/Pipeline/Pipeline.php(163): Illuminate\\Foundation\\Http\\Middleware\\TransformsRequest->handle(Object(Illuminate\\Http\\Request), Object(Closure))
#37 /Volumes/KHAC QUANG/ELEDEVO ACEDEMY/Project Demo/quangdemo1/vendor/laravel/framework/src/Illuminate/Routing/Pipeline.php(53): Illuminate\\Pipeline\\Pipeline->Illuminate\\Pipeline\\{closure}(Object(Illuminate\\Http\\Request))
#38 /Volumes/KHAC QUANG/ELEDEVO ACEDEMY/Project Demo/quangdemo1/vendor/laravel/framework/src/Illuminate/Foundation/Http/Middleware/ValidatePostSize.php(27): Illuminate\\Routing\\Pipeline->Illuminate\\Routing\\{closure}(Object(Illuminate\\Http\\Request))
#39 /Volumes/KHAC QUANG/ELEDEVO ACEDEMY/Project Demo/quangdemo1/vendor/laravel/framework/src/Illuminate/Pipeline/Pipeline.php(163): Illuminate\\Foundation\\Http\\Middleware\\ValidatePostSize->handle(Object(Illuminate\\Http\\Request), Object(Closure))
#40 /Volumes/KHAC QUANG/ELEDEVO ACEDEMY/Project Demo/quangdemo1/vendor/laravel/framework/src/Illuminate/Routing/Pipeline.php(53): Illuminate\\Pipeline\\Pipeline->Illuminate\\Pipeline\\{closure}(Object(Illuminate\\Http\\Request))
#41 /Volumes/KHAC QUANG/ELEDEVO ACEDEMY/Project Demo/quangdemo1/vendor/laravel/framework/src/Illuminate/Foundation/Http/Middleware/CheckForMaintenanceMode.php(62): Illuminate\\Routing\\Pipeline->Illuminate\\Routing\\{closure}(Object(Illuminate\\Http\\Request))
#42 /Volumes/KHAC QUANG/ELEDEVO ACEDEMY/Project Demo/quangdemo1/vendor/laravel/framework/src/Illuminate/Pipeline/Pipeline.php(163): Illuminate\\Foundation\\Http\\Middleware\\CheckForMaintenanceMode->handle(Object(Illuminate\\Http\\Request), Object(Closure))
#43 /Volumes/KHAC QUANG/ELEDEVO ACEDEMY/Project Demo/quangdemo1/vendor/laravel/framework/src/Illuminate/Routing/Pipeline.php(53): Illuminate\\Pipeline\\Pipeline->Illuminate\\Pipeline\\{closure}(Object(Illuminate\\Http\\Request))
#44 /Volumes/KHAC QUANG/ELEDEVO ACEDEMY/Project Demo/quangdemo1/vendor/fideloper/proxy/src/TrustProxies.php(57): Illuminate\\Routing\\Pipeline->Illuminate\\Routing\\{closure}(Object(Illuminate\\Http\\Request))
#45 /Volumes/KHAC QUANG/ELEDEVO ACEDEMY/Project Demo/quangdemo1/vendor/laravel/framework/src/Illuminate/Pipeline/Pipeline.php(163): Fideloper\\Proxy\\TrustProxies->handle(Object(Illuminate\\Http\\Request), Object(Closure))
#46 /Volumes/KHAC QUANG/ELEDEVO ACEDEMY/Project Demo/quangdemo1/vendor/laravel/framework/src/Illuminate/Routing/Pipeline.php(53): Illuminate\\Pipeline\\Pipeline->Illuminate\\Pipeline\\{closure}(Object(Illuminate\\Http\\Request))
#47 /Volumes/KHAC QUANG/ELEDEVO ACEDEMY/Project Demo/quangdemo1/vendor/laravel/framework/src/Illuminate/Pipeline/Pipeline.php(104): Illuminate\\Routing\\Pipeline->Illuminate\\Routing\\{closure}(Object(Illuminate\\Http\\Request))
#48 /Volumes/KHAC QUANG/ELEDEVO ACEDEMY/Project Demo/quangdemo1/vendor/laravel/framework/src/Illuminate/Foundation/Http/Kernel.php(151): Illuminate\\Pipeline\\Pipeline->then(Object(Closure))
#49 /Volumes/KHAC QUANG/ELEDEVO ACEDEMY/Project Demo/quangdemo1/vendor/laravel/framework/src/Illuminate/Foundation/Http/Kernel.php(116): Illuminate\\Foundation\\Http\\Kernel->sendRequestThroughRouter(Object(Illuminate\\Http\\Request))
#50 /Volumes/KHAC QUANG/ELEDEVO ACEDEMY/Project Demo/quangdemo1/public/index.php(54): Illuminate\\Foundation\\Http\\Kernel->handle(Object(Illuminate\\Http\\Request))
#51 /Volumes/KHAC QUANG/ELEDEVO ACEDEMY/Project Demo/quangdemo1/server.php(21): require_once('/Volumes/KHAC Q...')
#52 {main}
"} 
