[2019-11-30 07:38:42] local.ERROR: SQLSTATE[42S01]: Base table or view already exists: 1050 Table 'news' already exists (SQL: create table `news` (`id` bigint unsigned not null auto_increment primary key, `created_at` timestamp null, `updated_at` timestamp null) default character set utf8mb4 collate 'utf8mb4_unicode_ci') {"exception":"[object] (Illuminate\\Database\\QueryException(code: 42S01): SQLSTATE[42S01]: Base table or view already exists: 1050 Table 'news' already exists (SQL: create table `news` (`id` bigint unsigned not null auto_increment primary key, `created_at` timestamp null, `updated_at` timestamp null) default character set utf8mb4 collate 'utf8mb4_unicode_ci') at /Volumes/KHAC QUANG/ELEDEVO ACEDEMY/Project Demo/quangdemo1/vendor/laravel/framework/src/Illuminate/Database/Connection.php:664, PDOException(code: 42S01): SQLSTATE[42S01]: Base table or view already exists: 1050 Table 'news' already exists at /Volumes/KHAC QUANG/ELEDEVO ACEDEMY/Project Demo/quangdemo1/vendor/laravel/framework/src/Illuminate/Database/Connection.php:458)
[stacktrace]
#0 /Volumes/KHAC QUANG/ELEDEVO ACEDEMY/Project Demo/quangdemo1/vendor/laravel/framework/src/Illuminate/Database/Connection.php(624): Illuminate\\Database\\Connection->runQueryCallback('create table `n...', Array, Object(Closure))
#1 /Volumes/KHAC QUANG/ELEDEVO ACEDEMY/Project Demo/quangdemo1/vendor/laravel/framework/src/Illuminate/Database/Connection.php(459): Illuminate\\Database\\Connection->run('create table `n...', Array, Object(Closure))
#2 /Volumes/KHAC QUANG/ELEDEVO ACEDEMY/Project Demo/quangdemo1/vendor/laravel/framework/src/Illuminate/Database/Schema/Blueprint.php(97): Illuminate\\Database\\Connection->statement('create table `n...')
#3 /Volumes/KHAC QUANG/ELEDEVO ACEDEMY/Project Demo/quangdemo1/vendor/laravel/framework/src/Illuminate/Database/Schema/Builder.php(278): Illuminate\\Database\\Schema\\Blueprint->build(Object(Illuminate\\Database\\MySqlConnection), Object(Illuminate\\Database\\Schema\\Grammars\\MySqlGrammar))
#4 /Volumes/KHAC QUANG/ELEDEVO ACEDEMY/Project Demo/quangdemo1/vendor/laravel/framework/src/Illuminate/Database/Schema/Builder.php(167): Illuminate\\Database\\Schema\\Builder->build(Object(Illuminate\\Database\\Schema\\Blueprint))
#5 /Volumes/KHAC QUANG/ELEDEVO ACEDEMY/Project Demo/quangdemo1/vendor/laravel/framework/src/Illuminate/Support/Facades/Facade.php(239): Illuminate\\Database\\Schema\\Builder->create('news', Object(Closure))
#6 /Volumes/KHAC QUANG/ELEDEVO ACEDEMY/Project Demo/quangdemo1/database/migrations/2019_11_26_085958_create_table_news_table.php(19): Illuminate\\Support\\Facades\\Facade::__callStatic('create', Array)
#7 /Volumes/KHAC QUANG/ELEDEVO ACEDEMY/Project Demo/quangdemo1/vendor/laravel/framework/src/Illuminate/Database/Migrations/Migrator.php(387): CreateTableNewsTable->up()
#8 /Volumes/KHAC QUANG/ELEDEVO ACEDEMY/Project Demo/quangdemo1/vendor/laravel/framework/src/Illuminate/Database/Migrations/Migrator.php(396): Illuminate\\Database\\Migrations\\Migrator->Illuminate\\Database\\Migrations\\{closure}()
#9 /Volumes/KHAC QUANG/ELEDEVO ACEDEMY/Project Demo/quangdemo1/vendor/laravel/framework/src/Illuminate/Database/Migrations/Migrator.php(197): Illuminate\\Database\\Migrations\\Migrator->runMigration(Object(CreateTableNewsTable), 'up')
#10 /Volumes/KHAC QUANG/ELEDEVO ACEDEMY/Project Demo/quangdemo1/vendor/laravel/framework/src/Illuminate/Database/Migrations/Migrator.php(162): Illuminate\\Database\\Migrations\\Migrator->runUp('/Volumes/KHAC Q...', 3, false)
#11 /Volumes/KHAC QUANG/ELEDEVO ACEDEMY/Project Demo/quangdemo1/vendor/laravel/framework/src/Illuminate/Database/Migrations/Migrator.php(109): Illuminate\\Database\\Migrations\\Migrator->runPending(Array, Array)
#12 /Volumes/KHAC QUANG/ELEDEVO ACEDEMY/Project Demo/quangdemo1/vendor/laravel/framework/src/Illuminate/Database/Console/Migrations/MigrateCommand.php(71): Illuminate\\Database\\Migrations\\Migrator->run(Array, Array)
#13 [internal function]: Illuminate\\Database\\Console\\Migrations\\MigrateCommand->handle()
#14 /Volumes/KHAC QUANG/ELEDEVO ACEDEMY/Project Demo/quangdemo1/vendor/laravel/framework/src/Illuminate/Container/BoundMethod.php(32): call_user_func_array(Array, Array)
#15 /Volumes/KHAC QUANG/ELEDEVO ACEDEMY/Project Demo/quangdemo1/vendor/laravel/framework/src/Illuminate/Container/BoundMethod.php(90): Illuminate\\Container\\BoundMethod::Illuminate\\Container\\{closure}()
#16 /Volumes/KHAC QUANG/ELEDEVO ACEDEMY/Project Demo/quangdemo1/vendor/laravel/framework/src/Illuminate/Container/BoundMethod.php(34): Illuminate\\Container\\BoundMethod::callBoundMethod(Object(Illuminate\\Foundation\\Application), Array, Object(Closure))
#17 /Volumes/KHAC QUANG/ELEDEVO ACEDEMY/Project Demo/quangdemo1/vendor/laravel/framework/src/Illuminate/Container/Container.php(576): Illuminate\\Container\\BoundMethod::call(Object(Illuminate\\Foundation\\Application), Array, Array, NULL)
#18 /Volumes/KHAC QUANG/ELEDEVO ACEDEMY/Project Demo/quangdemo1/vendor/laravel/framework/src/Illuminate/Console/Command.php(183): Illuminate\\Container\\Container->call(Array)
#19 /Volumes/KHAC QUANG/ELEDEVO ACEDEMY/Project Demo/quangdemo1/vendor/symfony/console/Command/Command.php(255): Illuminate\\Console\\Command->execute(Object(Symfony\\Component\\Console\\Input\\ArgvInput), Object(Illuminate\\Console\\OutputStyle))
#20 /Volumes/KHAC QUANG/ELEDEVO ACEDEMY/Project Demo/quangdemo1/vendor/laravel/framework/src/Illuminate/Console/Command.php(170): Symfony\\Component\\Console\\Command\\Command->run(Object(Symfony\\Component\\Console\\Input\\ArgvInput), Object(Illuminate\\Console\\OutputStyle))
#21 /Volumes/KHAC QUANG/ELEDEVO ACEDEMY/Project Demo/quangdemo1/vendor/symfony/console/Application.php(1011): Illuminate\\Console\\Command->run(Object(Symfony\\Component\\Console\\Input\\ArgvInput), Object(Symfony\\Component\\Console\\Output\\ConsoleOutput))
#22 /Volumes/KHAC QUANG/ELEDEVO ACEDEMY/Project Demo/quangdemo1/vendor/symfony/console/Application.php(272): Symfony\\Component\\Console\\Application->doRunCommand(Object(Illuminate\\Database\\Console\\Migrations\\MigrateCommand), Object(Symfony\\Component\\Console\\Input\\ArgvInput), Object(Symfony\\Component\\Console\\Output\\ConsoleOutput))
#23 /Volumes/KHAC QUANG/ELEDEVO ACEDEMY/Project Demo/quangdemo1/vendor/symfony/console/Application.php(148): Symfony\\Component\\Console\\Application->doRun(Object(Symfony\\Component\\Console\\Input\\ArgvInput), Object(Symfony\\Component\\Console\\Output\\ConsoleOutput))
#24 /Volumes/KHAC QUANG/ELEDEVO ACEDEMY/Project Demo/quangdemo1/vendor/laravel/framework/src/Illuminate/Console/Application.php(90): Symfony\\Component\\Console\\Application->run(Object(Symfony\\Component\\Console\\Input\\ArgvInput), Object(Symfony\\Component\\Console\\Output\\ConsoleOutput))
#25 /Volumes/KHAC QUANG/ELEDEVO ACEDEMY/Project Demo/quangdemo1/vendor/laravel/framework/src/Illuminate/Foundation/Console/Kernel.php(133): Illuminate\\Console\\Application->run(Object(Symfony\\Component\\Console\\Input\\ArgvInput), Object(Symfony\\Component\\Console\\Output\\ConsoleOutput))
#26 /Volumes/KHAC QUANG/ELEDEVO ACEDEMY/Project Demo/quangdemo1/artisan(37): Illuminate\\Foundation\\Console\\Kernel->handle(Object(Symfony\\Component\\Console\\Input\\ArgvInput), Object(Symfony\\Component\\Console\\Output\\ConsoleOutput))
#27 {main}
"} 
[2019-11-30 07:39:40] local.ERROR: SQLSTATE[42S01]: Base table or view already exists: 1050 Table 'news' already exists (SQL: create table `news` (`id` bigint unsigned not null auto_increment primary key, `created_at` timestamp null, `updated_at` timestamp null) default character set utf8mb4 collate 'utf8mb4_unicode_ci') {"exception":"[object] (Illuminate\\Database\\QueryException(code: 42S01): SQLSTATE[42S01]: Base table or view already exists: 1050 Table 'news' already exists (SQL: create table `news` (`id` bigint unsigned not null auto_increment primary key, `created_at` timestamp null, `updated_at` timestamp null) default character set utf8mb4 collate 'utf8mb4_unicode_ci') at /Volumes/KHAC QUANG/ELEDEVO ACEDEMY/Project Demo/quangdemo1/vendor/laravel/framework/src/Illuminate/Database/Connection.php:664, PDOException(code: 42S01): SQLSTATE[42S01]: Base table or view already exists: 1050 Table 'news' already exists at /Volumes/KHAC QUANG/ELEDEVO ACEDEMY/Project Demo/quangdemo1/vendor/laravel/framework/src/Illuminate/Database/Connection.php:458)
[stacktrace]
#0 /Volumes/KHAC QUANG/ELEDEVO ACEDEMY/Project Demo/quangdemo1/vendor/laravel/framework/src/Illuminate/Database/Connection.php(624): Illuminate\\Database\\Connection->runQueryCallback('create table `n...', Array, Object(Closure))
#1 /Volumes/KHAC QUANG/ELEDEVO ACEDEMY/Project Demo/quangdemo1/vendor/laravel/framework/src/Illuminate/Database/Connection.php(459): Illuminate\\Database\\Connection->run('create table `n...', Array, Object(Closure))
#2 /Volumes/KHAC QUANG/ELEDEVO ACEDEMY/Project Demo/quangdemo1/vendor/laravel/framework/src/Illuminate/Database/Schema/Blueprint.php(97): Illuminate\\Database\\Connection->statement('create table `n...')
#3 /Volumes/KHAC QUANG/ELEDEVO ACEDEMY/Project Demo/quangdemo1/vendor/laravel/framework/src/Illuminate/Database/Schema/Builder.php(278): Illuminate\\Database\\Schema\\Blueprint->build(Object(Illuminate\\Database\\MySqlConnection), Object(Illuminate\\Database\\Schema\\Grammars\\MySqlGrammar))
#4 /Volumes/KHAC QUANG/ELEDEVO ACEDEMY/Project Demo/quangdemo1/vendor/laravel/framework/src/Illuminate/Database/Schema/Builder.php(167): Illuminate\\Database\\Schema\\Builder->build(Object(Illuminate\\Database\\Schema\\Blueprint))
#5 /Volumes/KHAC QUANG/ELEDEVO ACEDEMY/Project Demo/quangdemo1/vendor/laravel/framework/src/Illuminate/Support/Facades/Facade.php(239): Illuminate\\Database\\Schema\\Builder->create('news', Object(Closure))
#6 /Volumes/KHAC QUANG/ELEDEVO ACEDEMY/Project Demo/quangdemo1/database/migrations/2019_11_26_085958_create_table_news_table.php(19): Illuminate\\Support\\Facades\\Facade::__callStatic('create', Array)
#7 /Volumes/KHAC QUANG/ELEDEVO ACEDEMY/Project Demo/quangdemo1/vendor/laravel/framework/src/Illuminate/Database/Migrations/Migrator.php(387): CreateTableNewsTable->up()
#8 /Volumes/KHAC QUANG/ELEDEVO ACEDEMY/Project Demo/quangdemo1/vendor/laravel/framework/src/Illuminate/Database/Migrations/Migrator.php(396): Illuminate\\Database\\Migrations\\Migrator->Illuminate\\Database\\Migrations\\{closure}()
#9 /Volumes/KHAC QUANG/ELEDEVO ACEDEMY/Project Demo/quangdemo1/vendor/laravel/framework/src/Illuminate/Database/Migrations/Migrator.php(197): Illuminate\\Database\\Migrations\\Migrator->runMigration(Object(CreateTableNewsTable), 'up')
#10 /Volumes/KHAC QUANG/ELEDEVO ACEDEMY/Project Demo/quangdemo1/vendor/laravel/framework/src/Illuminate/Database/Migrations/Migrator.php(162): Illuminate\\Database\\Migrations\\Migrator->runUp('/Volumes/KHAC Q...', 2, false)
#11 /Volumes/KHAC QUANG/ELEDEVO ACEDEMY/Project Demo/quangdemo1/vendor/laravel/framework/src/Illuminate/Database/Migrations/Migrator.php(109): Illuminate\\Database\\Migrations\\Migrator->runPending(Array, Array)
#12 /Volumes/KHAC QUANG/ELEDEVO ACEDEMY/Project Demo/quangdemo1/vendor/laravel/framework/src/Illuminate/Database/Console/Migrations/MigrateCommand.php(71): Illuminate\\Database\\Migrations\\Migrator->run(Array, Array)
#13 [internal function]: Illuminate\\Database\\Console\\Migrations\\MigrateCommand->handle()
#14 /Volumes/KHAC QUANG/ELEDEVO ACEDEMY/Project Demo/quangdemo1/vendor/laravel/framework/src/Illuminate/Container/BoundMethod.php(32): call_user_func_array(Array, Array)
#15 /Volumes/KHAC QUANG/ELEDEVO ACEDEMY/Project Demo/quangdemo1/vendor/laravel/framework/src/Illuminate/Container/BoundMethod.php(90): Illuminate\\Container\\BoundMethod::Illuminate\\Container\\{closure}()
#16 /Volumes/KHAC QUANG/ELEDEVO ACEDEMY/Project Demo/quangdemo1/vendor/laravel/framework/src/Illuminate/Container/BoundMethod.php(34): Illuminate\\Container\\BoundMethod::callBoundMethod(Object(Illuminate\\Foundation\\Application), Array, Object(Closure))
#17 /Volumes/KHAC QUANG/ELEDEVO ACEDEMY/Project Demo/quangdemo1/vendor/laravel/framework/src/Illuminate/Container/Container.php(576): Illuminate\\Container\\BoundMethod::call(Object(Illuminate\\Foundation\\Application), Array, Array, NULL)
#18 /Volumes/KHAC QUANG/ELEDEVO ACEDEMY/Project Demo/quangdemo1/vendor/laravel/framework/src/Illuminate/Console/Command.php(183): Illuminate\\Container\\Container->call(Array)
#19 /Volumes/KHAC QUANG/ELEDEVO ACEDEMY/Project Demo/quangdemo1/vendor/symfony/console/Command/Command.php(255): Illuminate\\Console\\Command->execute(Object(Symfony\\Component\\Console\\Input\\ArrayInput), Object(Illuminate\\Console\\OutputStyle))
#20 /Volumes/KHAC QUANG/ELEDEVO ACEDEMY/Project Demo/quangdemo1/vendor/laravel/framework/src/Illuminate/Console/Command.php(170): Symfony\\Component\\Console\\Command\\Command->run(Object(Symfony\\Component\\Console\\Input\\ArrayInput), Object(Illuminate\\Console\\OutputStyle))
#21 /Volumes/KHAC QUANG/ELEDEVO ACEDEMY/Project Demo/quangdemo1/vendor/laravel/framework/src/Illuminate/Console/Command.php(198): Illuminate\\Console\\Command->run(Object(Symfony\\Component\\Console\\Input\\ArrayInput), Object(Illuminate\\Console\\OutputStyle))
#22 /Volumes/KHAC QUANG/ELEDEVO ACEDEMY/Project Demo/quangdemo1/vendor/laravel/framework/src/Illuminate/Database/Console/Migrations/RefreshCommand.php(60): Illuminate\\Console\\Command->call('migrate', Array)
#23 [internal function]: Illuminate\\Database\\Console\\Migrations\\RefreshCommand->handle()
#24 /Volumes/KHAC QUANG/ELEDEVO ACEDEMY/Project Demo/quangdemo1/vendor/laravel/framework/src/Illuminate/Container/BoundMethod.php(32): call_user_func_array(Array, Array)
#25 /Volumes/KHAC QUANG/ELEDEVO ACEDEMY/Project Demo/quangdemo1/vendor/laravel/framework/src/Illuminate/Container/BoundMethod.php(90): Illuminate\\Container\\BoundMethod::Illuminate\\Container\\{closure}()
#26 /Volumes/KHAC QUANG/ELEDEVO ACEDEMY/Project Demo/quangdemo1/vendor/laravel/framework/src/Illuminate/Container/BoundMethod.php(34): Illuminate\\Container\\BoundMethod::callBoundMethod(Object(Illuminate\\Foundation\\Application), Array, Object(Closure))
#27 /Volumes/KHAC QUANG/ELEDEVO ACEDEMY/Project Demo/quangdemo1/vendor/laravel/framework/src/Illuminate/Container/Container.php(576): Illuminate\\Container\\BoundMethod::call(Object(Illuminate\\Foundation\\Application), Array, Array, NULL)
#28 /Volumes/KHAC QUANG/ELEDEVO ACEDEMY/Project Demo/quangdemo1/vendor/laravel/framework/src/Illuminate/Console/Command.php(183): Illuminate\\Container\\Container->call(Array)
#29 /Volumes/KHAC QUANG/ELEDEVO ACEDEMY/Project Demo/quangdemo1/vendor/symfony/console/Command/Command.php(255): Illuminate\\Console\\Command->execute(Object(Symfony\\Component\\Console\\Input\\ArgvInput), Object(Illuminate\\Console\\OutputStyle))
#30 /Volumes/KHAC QUANG/ELEDEVO ACEDEMY/Project Demo/quangdemo1/vendor/laravel/framework/src/Illuminate/Console/Command.php(170): Symfony\\Component\\Console\\Command\\Command->run(Object(Symfony\\Component\\Console\\Input\\ArgvInput), Object(Illuminate\\Console\\OutputStyle))
#31 /Volumes/KHAC QUANG/ELEDEVO ACEDEMY/Project Demo/quangdemo1/vendor/symfony/console/Application.php(1011): Illuminate\\Console\\Command->run(Object(Symfony\\Component\\Console\\Input\\ArgvInput), Object(Symfony\\Component\\Console\\Output\\ConsoleOutput))
#32 /Volumes/KHAC QUANG/ELEDEVO ACEDEMY/Project Demo/quangdemo1/vendor/symfony/console/Application.php(272): Symfony\\Component\\Console\\Application->doRunCommand(Object(Illuminate\\Database\\Console\\Migrations\\RefreshCommand), Object(Symfony\\Component\\Console\\Input\\ArgvInput), Object(Symfony\\Component\\Console\\Output\\ConsoleOutput))
#33 /Volumes/KHAC QUANG/ELEDEVO ACEDEMY/Project Demo/quangdemo1/vendor/symfony/console/Application.php(148): Symfony\\Component\\Console\\Application->doRun(Object(Symfony\\Component\\Console\\Input\\ArgvInput), Object(Symfony\\Component\\Console\\Output\\ConsoleOutput))
#34 /Volumes/KHAC QUANG/ELEDEVO ACEDEMY/Project Demo/quangdemo1/vendor/laravel/framework/src/Illuminate/Console/Application.php(90): Symfony\\Component\\Console\\Application->run(Object(Symfony\\Component\\Console\\Input\\ArgvInput), Object(Symfony\\Component\\Console\\Output\\ConsoleOutput))
#35 /Volumes/KHAC QUANG/ELEDEVO ACEDEMY/Project Demo/quangdemo1/vendor/laravel/framework/src/Illuminate/Foundation/Console/Kernel.php(133): Illuminate\\Console\\Application->run(Object(Symfony\\Component\\Console\\Input\\ArgvInput), Object(Symfony\\Component\\Console\\Output\\ConsoleOutput))
#36 /Volumes/KHAC QUANG/ELEDEVO ACEDEMY/Project Demo/quangdemo1/artisan(37): Illuminate\\Foundation\\Console\\Kernel->handle(Object(Symfony\\Component\\Console\\Input\\ArgvInput), Object(Symfony\\Component\\Console\\Output\\ConsoleOutput))
#37 {main}
"} 
[2019-11-30 07:47:30] local.ERROR: Undefined variable: i (View: /Volumes/KHAC QUANG/ELEDEVO ACEDEMY/Project Demo/quangdemo1/resources/views/k3.blade.php) {"exception":"[object] (ErrorException(code: 0): Undefined variable: i (View: /Volumes/KHAC QUANG/ELEDEVO ACEDEMY/Project Demo/quangdemo1/resources/views/k3.blade.php) at /Volumes/KHAC QUANG/ELEDEVO ACEDEMY/Project Demo/quangdemo1/storage/framework/views/a8e22eb95ff80cab6cbf38593bd7ce489c6688ae.php:41, ErrorException(code: 0): Undefined variable: i at /Volumes/KHAC QUANG/ELEDEVO ACEDEMY/Project Demo/quangdemo1/storage/framework/views/a8e22eb95ff80cab6cbf38593bd7ce489c6688ae.php:41)
[stacktrace]
#0 /Volumes/KHAC QUANG/ELEDEVO ACEDEMY/Project Demo/quangdemo1/vendor/laravel/framework/src/Illuminate/View/Engines/PhpEngine.php(45): Illuminate\\View\\Engines\\CompilerEngine->handleViewException(Object(ErrorException), 0)
#1 /Volumes/KHAC QUANG/ELEDEVO ACEDEMY/Project Demo/quangdemo1/vendor/laravel/framework/src/Illuminate/View/Engines/CompilerEngine.php(59): Illuminate\\View\\Engines\\PhpEngine->evaluatePath('/Volumes/KHAC Q...', Array)
#2 /Volumes/KHAC QUANG/ELEDEVO ACEDEMY/Project Demo/quangdemo1/vendor/laravel/framework/src/Illuminate/View/View.php(142): Illuminate\\View\\Engines\\CompilerEngine->get('/Volumes/KHAC Q...', Array)
#3 /Volumes/KHAC QUANG/ELEDEVO ACEDEMY/Project Demo/quangdemo1/vendor/laravel/framework/src/Illuminate/View/View.php(125): Illuminate\\View\\View->getContents()
#4 /Volumes/KHAC QUANG/ELEDEVO ACEDEMY/Project Demo/quangdemo1/vendor/laravel/framework/src/Illuminate/View/View.php(90): Illuminate\\View\\View->renderContents()
#5 /Volumes/KHAC QUANG/ELEDEVO ACEDEMY/Project Demo/quangdemo1/vendor/laravel/framework/src/Illuminate/Http/Response.php(42): Illuminate\\View\\View->render()
#6 /Volumes/KHAC QUANG/ELEDEVO ACEDEMY/Project Demo/quangdemo1/vendor/symfony/http-foundation/Response.php(202): Illuminate\\Http\\Response->setContent(Object(Illuminate\\View\\View))
#7 /Volumes/KHAC QUANG/ELEDEVO ACEDEMY/Project Demo/quangdemo1/vendor/laravel/framework/src/Illuminate/Routing/Router.php(748): Symfony\\Component\\HttpFoundation\\Response->__construct(Object(Illuminate\\View\\View))
#8 /Volumes/KHAC QUANG/ELEDEVO ACEDEMY/Project Demo/quangdemo1/vendor/laravel/framework/src/Illuminate/Routing/Router.php(720): Illuminate\\Routing\\Router::toResponse(Object(Illuminate\\Http\\Request), Object(Illuminate\\View\\View))
#9 /Volumes/KHAC QUANG/ELEDEVO ACEDEMY/Project Demo/quangdemo1/vendor/laravel/framework/src/Illuminate/Routing/Router.php(680): Illuminate\\Routing\\Router->prepareResponse(Object(Illuminate\\Http\\Request), Object(Illuminate\\View\\View))
#10 /Volumes/KHAC QUANG/ELEDEVO ACEDEMY/Project Demo/quangdemo1/vendor/laravel/framework/src/Illuminate/Routing/Pipeline.php(30): Illuminate\\Routing\\Router->Illuminate\\Routing\\{closure}(Object(Illuminate\\Http\\Request))
#11 /Volumes/KHAC QUANG/ELEDEVO ACEDEMY/Project Demo/quangdemo1/vendor/laravel/framework/src/Illuminate/Routing/Middleware/SubstituteBindings.php(41): Illuminate\\Routing\\Pipeline->Illuminate\\Routing\\{closure}(Object(Illuminate\\Http\\Request))
#12 /Volumes/KHAC QUANG/ELEDEVO ACEDEMY/Project Demo/quangdemo1/vendor/laravel/framework/src/Illuminate/Pipeline/Pipeline.php(163): Illuminate\\Routing\\Middleware\\SubstituteBindings->handle(Object(Illuminate\\Http\\Request), Object(Closure))
#13 /Volumes/KHAC QUANG/ELEDEVO ACEDEMY/Project Demo/quangdemo1/vendor/laravel/framework/src/Illuminate/Routing/Pipeline.php(53): Illuminate\\Pipeline\\Pipeline->Illuminate\\Pipeline\\{closure}(Object(Illuminate\\Http\\Request))
#14 /Volumes/KHAC QUANG/ELEDEVO ACEDEMY/Project Demo/quangdemo1/vendor/laravel/framework/src/Illuminate/Foundation/Http/Middleware/VerifyCsrfToken.php(75): Illuminate\\Routing\\Pipeline->Illuminate\\Routing\\{closure}(Object(Illuminate\\Http\\Request))
#15 /Volumes/KHAC QUANG/ELEDEVO ACEDEMY/Project Demo/quangdemo1/vendor/laravel/framework/src/Illuminate/Pipeline/Pipeline.php(163): Illuminate\\Foundation\\Http\\Middleware\\VerifyCsrfToken->handle(Object(Illuminate\\Http\\Request), Object(Closure))
#16 /Volumes/KHAC QUANG/ELEDEVO ACEDEMY/Project Demo/quangdemo1/vendor/laravel/framework/src/Illuminate/Routing/Pipeline.php(53): Illuminate\\Pipeline\\Pipeline->Illuminate\\Pipeline\\{closure}(Object(Illuminate\\Http\\Request))
#17 /Volumes/KHAC QUANG/ELEDEVO ACEDEMY/Project Demo/quangdemo1/vendor/laravel/framework/src/Illuminate/View/Middleware/ShareErrorsFromSession.php(49): Illuminate\\Routing\\Pipeline->Illuminate\\Routing\\{closure}(Object(Illuminate\\Http\\Request))
#18 /Volumes/KHAC QUANG/ELEDEVO ACEDEMY/Project Demo/quangdemo1/vendor/laravel/framework/src/Illuminate/Pipeline/Pipeline.php(163): Illuminate\\View\\Middleware\\ShareErrorsFromSession->handle(Object(Illuminate\\Http\\Request), Object(Closure))
#19 /Volumes/KHAC QUANG/ELEDEVO ACEDEMY/Project Demo/quangdemo1/vendor/laravel/framework/src/Illuminate/Routing/Pipeline.php(53): Illuminate\\Pipeline\\Pipeline->Illuminate\\Pipeline\\{closure}(Object(Illuminate\\Http\\Request))
#20 /Volumes/KHAC QUANG/ELEDEVO ACEDEMY/Project Demo/quangdemo1/vendor/laravel/framework/src/Illuminate/Session/Middleware/StartSession.php(56): Illuminate\\Routing\\Pipeline->Illuminate\\Routing\\{closure}(Object(Illuminate\\Http\\Request))
#21 /Volumes/KHAC QUANG/ELEDEVO ACEDEMY/Project Demo/quangdemo1/vendor/laravel/framework/src/Illuminate/Pipeline/Pipeline.php(163): Illuminate\\Session\\Middleware\\StartSession->handle(Object(Illuminate\\Http\\Request), Object(Closure))
#22 /Volumes/KHAC QUANG/ELEDEVO ACEDEMY/Project Demo/quangdemo1/vendor/laravel/framework/src/Illuminate/Routing/Pipeline.php(53): Illuminate\\Pipeline\\Pipeline->Illuminate\\Pipeline\\{closure}(Object(Illuminate\\Http\\Request))
#23 /Volumes/KHAC QUANG/ELEDEVO ACEDEMY/Project Demo/quangdemo1/vendor/laravel/framework/src/Illuminate/Cookie/Middleware/AddQueuedCookiesToResponse.php(37): Illuminate\\Routing\\Pipeline->Illuminate\\Routing\\{closure}(Object(Illuminate\\Http\\Request))
#24 /Volumes/KHAC QUANG/ELEDEVO ACEDEMY/Project Demo/quangdemo1/vendor/laravel/framework/src/Illuminate/Pipeline/Pipeline.php(163): Illuminate\\Cookie\\Middleware\\AddQueuedCookiesToResponse->handle(Object(Illuminate\\Http\\Request), Object(Closure))
#25 /Volumes/KHAC QUANG/ELEDEVO ACEDEMY/Project Demo/quangdemo1/vendor/laravel/framework/src/Illuminate/Routing/Pipeline.php(53): Illuminate\\Pipeline\\Pipeline->Illuminate\\Pipeline\\{closure}(Object(Illuminate\\Http\\Request))
#26 /Volumes/KHAC QUANG/ELEDEVO ACEDEMY/Project Demo/quangdemo1/vendor/laravel/framework/src/Illuminate/Cookie/Middleware/EncryptCookies.php(66): Illuminate\\Routing\\Pipeline->Illuminate\\Routing\\{closure}(Object(Illuminate\\Http\\Request))
#27 /Volumes/KHAC QUANG/ELEDEVO ACEDEMY/Project Demo/quangdemo1/vendor/laravel/framework/src/Illuminate/Pipeline/Pipeline.php(163): Illuminate\\Cookie\\Middleware\\EncryptCookies->handle(Object(Illuminate\\Http\\Request), Object(Closure))
#28 /Volumes/KHAC QUANG/ELEDEVO ACEDEMY/Project Demo/quangdemo1/vendor/laravel/framework/src/Illuminate/Routing/Pipeline.php(53): Illuminate\\Pipeline\\Pipeline->Illuminate\\Pipeline\\{closure}(Object(Illuminate\\Http\\Request))
#29 /Volumes/KHAC QUANG/ELEDEVO ACEDEMY/Project Demo/quangdemo1/vendor/laravel/framework/src/Illuminate/Pipeline/Pipeline.php(104): Illuminate\\Routing\\Pipeline->Illuminate\\Routing\\{closure}(Object(Illuminate\\Http\\Request))
#30 /Volumes/KHAC QUANG/ELEDEVO ACEDEMY/Project Demo/quangdemo1/vendor/laravel/framework/src/Illuminate/Routing/Router.php(682): Illuminate\\Pipeline\\Pipeline->then(Object(Closure))
#31 /Volumes/KHAC QUANG/ELEDEVO ACEDEMY/Project Demo/quangdemo1/vendor/laravel/framework/src/Illuminate/Routing/Router.php(657): Illuminate\\Routing\\Router->runRouteWithinStack(Object(Illuminate\\Routing\\Route), Object(Illuminate\\Http\\Request))
#32 /Volumes/KHAC QUANG/ELEDEVO ACEDEMY/Project Demo/quangdemo1/vendor/laravel/framework/src/Illuminate/Routing/Router.php(623): Illuminate\\Routing\\Router->runRoute(Object(Illuminate\\Http\\Request), Object(Illuminate\\Routing\\Route))
#33 /Volumes/KHAC QUANG/ELEDEVO ACEDEMY/Project Demo/quangdemo1/vendor/laravel/framework/src/Illuminate/Routing/Router.php(612): Illuminate\\Routing\\Router->dispatchToRoute(Object(Illuminate\\Http\\Request))
#34 /Volumes/KHAC QUANG/ELEDEVO ACEDEMY/Project Demo/quangdemo1/vendor/laravel/framework/src/Illuminate/Foundation/Http/Kernel.php(176): Illuminate\\Routing\\Router->dispatch(Object(Illuminate\\Http\\Request))
#35 /Volumes/KHAC QUANG/ELEDEVO ACEDEMY/Project Demo/quangdemo1/vendor/laravel/framework/src/Illuminate/Routing/Pipeline.php(30): Illuminate\\Foundation\\Http\\Kernel->Illuminate\\Foundation\\Http\\{closure}(Object(Illuminate\\Http\\Request))
#36 /Volumes/KHAC QUANG/ELEDEVO ACEDEMY/Project Demo/quangdemo1/vendor/laravel/framework/src/Illuminate/Foundation/Http/Middleware/TransformsRequest.php(21): Illuminate\\Routing\\Pipeline->Illuminate\\Routing\\{closure}(Object(Illuminate\\Http\\Request))
#37 /Volumes/KHAC QUANG/ELEDEVO ACEDEMY/Project Demo/quangdemo1/vendor/laravel/framework/src/Illuminate/Pipeline/Pipeline.php(163): Illuminate\\Foundation\\Http\\Middleware\\TransformsRequest->handle(Object(Illuminate\\Http\\Request), Object(Closure))
#38 /Volumes/KHAC QUANG/ELEDEVO ACEDEMY/Project Demo/quangdemo1/vendor/laravel/framework/src/Illuminate/Routing/Pipeline.php(53): Illuminate\\Pipeline\\Pipeline->Illuminate\\Pipeline\\{closure}(Object(Illuminate\\Http\\Request))
#39 /Volumes/KHAC QUANG/ELEDEVO ACEDEMY/Project Demo/quangdemo1/vendor/laravel/framework/src/Illuminate/Foundation/Http/Middleware/TransformsRequest.php(21): Illuminate\\Routing\\Pipeline->Illuminate\\Routing\\{closure}(Object(Illuminate\\Http\\Request))
#40 /Volumes/KHAC QUANG/ELEDEVO ACEDEMY/Project Demo/quangdemo1/vendor/laravel/framework/src/Illuminate/Pipeline/Pipeline.php(163): Illuminate\\Foundation\\Http\\Middleware\\TransformsRequest->handle(Object(Illuminate\\Http\\Request), Object(Closure))
#41 /Volumes/KHAC QUANG/ELEDEVO ACEDEMY/Project Demo/quangdemo1/vendor/laravel/framework/src/Illuminate/Routing/Pipeline.php(53): Illuminate\\Pipeline\\Pipeline->Illuminate\\Pipeline\\{closure}(Object(Illuminate\\Http\\Request))
#42 /Volumes/KHAC QUANG/ELEDEVO ACEDEMY/Project Demo/quangdemo1/vendor/laravel/framework/src/Illuminate/Foundation/Http/Middleware/ValidatePostSize.php(27): Illuminate\\Routing\\Pipeline->Illuminate\\Routing\\{closure}(Object(Illuminate\\Http\\Request))
#43 /Volumes/KHAC QUANG/ELEDEVO ACEDEMY/Project Demo/quangdemo1/vendor/laravel/framework/src/Illuminate/Pipeline/Pipeline.php(163): Illuminate\\Foundation\\Http\\Middleware\\ValidatePostSize->handle(Object(Illuminate\\Http\\Request), Object(Closure))
#44 /Volumes/KHAC QUANG/ELEDEVO ACEDEMY/Project Demo/quangdemo1/vendor/laravel/framework/src/Illuminate/Routing/Pipeline.php(53): Illuminate\\Pipeline\\Pipeline->Illuminate\\Pipeline\\{closure}(Object(Illuminate\\Http\\Request))
#45 /Volumes/KHAC QUANG/ELEDEVO ACEDEMY/Project Demo/quangdemo1/vendor/laravel/framework/src/Illuminate/Foundation/Http/Middleware/CheckForMaintenanceMode.php(62): Illuminate\\Routing\\Pipeline->Illuminate\\Routing\\{closure}(Object(Illuminate\\Http\\Request))
#46 /Volumes/KHAC QUANG/ELEDEVO ACEDEMY/Project Demo/quangdemo1/vendor/laravel/framework/src/Illuminate/Pipeline/Pipeline.php(163): Illuminate\\Foundation\\Http\\Middleware\\CheckForMaintenanceMode->handle(Object(Illuminate\\Http\\Request), Object(Closure))
#47 /Volumes/KHAC QUANG/ELEDEVO ACEDEMY/Project Demo/quangdemo1/vendor/laravel/framework/src/Illuminate/Routing/Pipeline.php(53): Illuminate\\Pipeline\\Pipeline->Illuminate\\Pipeline\\{closure}(Object(Illuminate\\Http\\Request))
#48 /Volumes/KHAC QUANG/ELEDEVO ACEDEMY/Project Demo/quangdemo1/vendor/fideloper/proxy/src/TrustProxies.php(57): Illuminate\\Routing\\Pipeline->Illuminate\\Routing\\{closure}(Object(Illuminate\\Http\\Request))
#49 /Volumes/KHAC QUANG/ELEDEVO ACEDEMY/Project Demo/quangdemo1/vendor/laravel/framework/src/Illuminate/Pipeline/Pipeline.php(163): Fideloper\\Proxy\\TrustProxies->handle(Object(Illuminate\\Http\\Request), Object(Closure))
#50 /Volumes/KHAC QUANG/ELEDEVO ACEDEMY/Project Demo/quangdemo1/vendor/laravel/framework/src/Illuminate/Routing/Pipeline.php(53): Illuminate\\Pipeline\\Pipeline->Illuminate\\Pipeline\\{closure}(Object(Illuminate\\Http\\Request))
#51 /Volumes/KHAC QUANG/ELEDEVO ACEDEMY/Project Demo/quangdemo1/vendor/laravel/framework/src/Illuminate/Pipeline/Pipeline.php(104): Illuminate\\Routing\\Pipeline->Illuminate\\Routing\\{closure}(Object(Illuminate\\Http\\Request))
#52 /Volumes/KHAC QUANG/ELEDEVO ACEDEMY/Project Demo/quangdemo1/vendor/laravel/framework/src/Illuminate/Foundation/Http/Kernel.php(151): Illuminate\\Pipeline\\Pipeline->then(Object(Closure))
#53 /Volumes/KHAC QUANG/ELEDEVO ACEDEMY/Project Demo/quangdemo1/vendor/laravel/framework/src/Illuminate/Foundation/Http/Kernel.php(116): Illuminate\\Foundation\\Http\\Kernel->sendRequestThroughRouter(Object(Illuminate\\Http\\Request))
#54 /Volumes/KHAC QUANG/ELEDEVO ACEDEMY/Project Demo/quangdemo1/public/index.php(54): Illuminate\\Foundation\\Http\\Kernel->handle(Object(Illuminate\\Http\\Request))
#55 /Volumes/KHAC QUANG/ELEDEVO ACEDEMY/Project Demo/quangdemo1/server.php(21): require_once('/Volumes/KHAC Q...')
#56 {main}
"} 
[2019-11-30 07:47:39] local.ERROR: Undefined variable: i (View: /Volumes/KHAC QUANG/ELEDEVO ACEDEMY/Project Demo/quangdemo1/resources/views/k3.blade.php) {"exception":"[object] (ErrorException(code: 0): Undefined variable: i (View: /Volumes/KHAC QUANG/ELEDEVO ACEDEMY/Project Demo/quangdemo1/resources/views/k3.blade.php) at /Volumes/KHAC QUANG/ELEDEVO ACEDEMY/Project Demo/quangdemo1/storage/framework/views/a8e22eb95ff80cab6cbf38593bd7ce489c6688ae.php:41, ErrorException(code: 0): Undefined variable: i at /Volumes/KHAC QUANG/ELEDEVO ACEDEMY/Project Demo/quangdemo1/storage/framework/views/a8e22eb95ff80cab6cbf38593bd7ce489c6688ae.php:41)
[stacktrace]
#0 /Volumes/KHAC QUANG/ELEDEVO ACEDEMY/Project Demo/quangdemo1/vendor/laravel/framework/src/Illuminate/View/Engines/PhpEngine.php(45): Illuminate\\View\\Engines\\CompilerEngine->handleViewException(Object(ErrorException), 0)
#1 /Volumes/KHAC QUANG/ELEDEVO ACEDEMY/Project Demo/quangdemo1/vendor/laravel/framework/src/Illuminate/View/Engines/CompilerEngine.php(59): Illuminate\\View\\Engines\\PhpEngine->evaluatePath('/Volumes/KHAC Q...', Array)
#2 /Volumes/KHAC QUANG/ELEDEVO ACEDEMY/Project Demo/quangdemo1/vendor/laravel/framework/src/Illuminate/View/View.php(142): Illuminate\\View\\Engines\\CompilerEngine->get('/Volumes/KHAC Q...', Array)
#3 /Volumes/KHAC QUANG/ELEDEVO ACEDEMY/Project Demo/quangdemo1/vendor/laravel/framework/src/Illuminate/View/View.php(125): Illuminate\\View\\View->getContents()
#4 /Volumes/KHAC QUANG/ELEDEVO ACEDEMY/Project Demo/quangdemo1/vendor/laravel/framework/src/Illuminate/View/View.php(90): Illuminate\\View\\View->renderContents()
#5 /Volumes/KHAC QUANG/ELEDEVO ACEDEMY/Project Demo/quangdemo1/vendor/laravel/framework/src/Illuminate/Http/Response.php(42): Illuminate\\View\\View->render()
#6 /Volumes/KHAC QUANG/ELEDEVO ACEDEMY/Project Demo/quangdemo1/vendor/symfony/http-foundation/Response.php(202): Illuminate\\Http\\Response->setContent(Object(Illuminate\\View\\View))
#7 /Volumes/KHAC QUANG/ELEDEVO ACEDEMY/Project Demo/quangdemo1/vendor/laravel/framework/src/Illuminate/Routing/Router.php(748): Symfony\\Component\\HttpFoundation\\Response->__construct(Object(Illuminate\\View\\View))
#8 /Volumes/KHAC QUANG/ELEDEVO ACEDEMY/Project Demo/quangdemo1/vendor/laravel/framework/src/Illuminate/Routing/Router.php(720): Illuminate\\Routing\\Router::toResponse(Object(Illuminate\\Http\\Request), Object(Illuminate\\View\\View))
#9 /Volumes/KHAC QUANG/ELEDEVO ACEDEMY/Project Demo/quangdemo1/vendor/laravel/framework/src/Illuminate/Routing/Router.php(680): Illuminate\\Routing\\Router->prepareResponse(Object(Illuminate\\Http\\Request), Object(Illuminate\\View\\View))
#10 /Volumes/KHAC QUANG/ELEDEVO ACEDEMY/Project Demo/quangdemo1/vendor/laravel/framework/src/Illuminate/Routing/Pipeline.php(30): Illuminate\\Routing\\Router->Illuminate\\Routing\\{closure}(Object(Illuminate\\Http\\Request))
#11 /Volumes/KHAC QUANG/ELEDEVO ACEDEMY/Project Demo/quangdemo1/vendor/laravel/framework/src/Illuminate/Routing/Middleware/SubstituteBindings.php(41): Illuminate\\Routing\\Pipeline->Illuminate\\Routing\\{closure}(Object(Illuminate\\Http\\Request))
#12 /Volumes/KHAC QUANG/ELEDEVO ACEDEMY/Project Demo/quangdemo1/vendor/laravel/framework/src/Illuminate/Pipeline/Pipeline.php(163): Illuminate\\Routing\\Middleware\\SubstituteBindings->handle(Object(Illuminate\\Http\\Request), Object(Closure))
#13 /Volumes/KHAC QUANG/ELEDEVO ACEDEMY/Project Demo/quangdemo1/vendor/laravel/framework/src/Illuminate/Routing/Pipeline.php(53): Illuminate\\Pipeline\\Pipeline->Illuminate\\Pipeline\\{closure}(Object(Illuminate\\Http\\Request))
#14 /Volumes/KHAC QUANG/ELEDEVO ACEDEMY/Project Demo/quangdemo1/vendor/laravel/framework/src/Illuminate/Foundation/Http/Middleware/VerifyCsrfToken.php(75): Illuminate\\Routing\\Pipeline->Illuminate\\Routing\\{closure}(Object(Illuminate\\Http\\Request))
#15 /Volumes/KHAC QUANG/ELEDEVO ACEDEMY/Project Demo/quangdemo1/vendor/laravel/framework/src/Illuminate/Pipeline/Pipeline.php(163): Illuminate\\Foundation\\Http\\Middleware\\VerifyCsrfToken->handle(Object(Illuminate\\Http\\Request), Object(Closure))
#16 /Volumes/KHAC QUANG/ELEDEVO ACEDEMY/Project Demo/quangdemo1/vendor/laravel/framework/src/Illuminate/Routing/Pipeline.php(53): Illuminate\\Pipeline\\Pipeline->Illuminate\\Pipeline\\{closure}(Object(Illuminate\\Http\\Request))
#17 /Volumes/KHAC QUANG/ELEDEVO ACEDEMY/Project Demo/quangdemo1/vendor/laravel/framework/src/Illuminate/View/Middleware/ShareErrorsFromSession.php(49): Illuminate\\Routing\\Pipeline->Illuminate\\Routing\\{closure}(Object(Illuminate\\Http\\Request))
#18 /Volumes/KHAC QUANG/ELEDEVO ACEDEMY/Project Demo/quangdemo1/vendor/laravel/framework/src/Illuminate/Pipeline/Pipeline.php(163): Illuminate\\View\\Middleware\\ShareErrorsFromSession->handle(Object(Illuminate\\Http\\Request), Object(Closure))
#19 /Volumes/KHAC QUANG/ELEDEVO ACEDEMY/Project Demo/quangdemo1/vendor/laravel/framework/src/Illuminate/Routing/Pipeline.php(53): Illuminate\\Pipeline\\Pipeline->Illuminate\\Pipeline\\{closure}(Object(Illuminate\\Http\\Request))
#20 /Volumes/KHAC QUANG/ELEDEVO ACEDEMY/Project Demo/quangdemo1/vendor/laravel/framework/src/Illuminate/Session/Middleware/StartSession.php(56): Illuminate\\Routing\\Pipeline->Illuminate\\Routing\\{closure}(Object(Illuminate\\Http\\Request))
#21 /Volumes/KHAC QUANG/ELEDEVO ACEDEMY/Project Demo/quangdemo1/vendor/laravel/framework/src/Illuminate/Pipeline/Pipeline.php(163): Illuminate\\Session\\Middleware\\StartSession->handle(Object(Illuminate\\Http\\Request), Object(Closure))
#22 /Volumes/KHAC QUANG/ELEDEVO ACEDEMY/Project Demo/quangdemo1/vendor/laravel/framework/src/Illuminate/Routing/Pipeline.php(53): Illuminate\\Pipeline\\Pipeline->Illuminate\\Pipeline\\{closure}(Object(Illuminate\\Http\\Request))
#23 /Volumes/KHAC QUANG/ELEDEVO ACEDEMY/Project Demo/quangdemo1/vendor/laravel/framework/src/Illuminate/Cookie/Middleware/AddQueuedCookiesToResponse.php(37): Illuminate\\Routing\\Pipeline->Illuminate\\Routing\\{closure}(Object(Illuminate\\Http\\Request))
#24 /Volumes/KHAC QUANG/ELEDEVO ACEDEMY/Project Demo/quangdemo1/vendor/laravel/framework/src/Illuminate/Pipeline/Pipeline.php(163): Illuminate\\Cookie\\Middleware\\AddQueuedCookiesToResponse->handle(Object(Illuminate\\Http\\Request), Object(Closure))
#25 /Volumes/KHAC QUANG/ELEDEVO ACEDEMY/Project Demo/quangdemo1/vendor/laravel/framework/src/Illuminate/Routing/Pipeline.php(53): Illuminate\\Pipeline\\Pipeline->Illuminate\\Pipeline\\{closure}(Object(Illuminate\\Http\\Request))
#26 /Volumes/KHAC QUANG/ELEDEVO ACEDEMY/Project Demo/quangdemo1/vendor/laravel/framework/src/Illuminate/Cookie/Middleware/EncryptCookies.php(66): Illuminate\\Routing\\Pipeline->Illuminate\\Routing\\{closure}(Object(Illuminate\\Http\\Request))
#27 /Volumes/KHAC QUANG/ELEDEVO ACEDEMY/Project Demo/quangdemo1/vendor/laravel/framework/src/Illuminate/Pipeline/Pipeline.php(163): Illuminate\\Cookie\\Middleware\\EncryptCookies->handle(Object(Illuminate\\Http\\Request), Object(Closure))
#28 /Volumes/KHAC QUANG/ELEDEVO ACEDEMY/Project Demo/quangdemo1/vendor/laravel/framework/src/Illuminate/Routing/Pipeline.php(53): Illuminate\\Pipeline\\Pipeline->Illuminate\\Pipeline\\{closure}(Object(Illuminate\\Http\\Request))
#29 /Volumes/KHAC QUANG/ELEDEVO ACEDEMY/Project Demo/quangdemo1/vendor/laravel/framework/src/Illuminate/Pipeline/Pipeline.php(104): Illuminate\\Routing\\Pipeline->Illuminate\\Routing\\{closure}(Object(Illuminate\\Http\\Request))
#30 /Volumes/KHAC QUANG/ELEDEVO ACEDEMY/Project Demo/quangdemo1/vendor/laravel/framework/src/Illuminate/Routing/Router.php(682): Illuminate\\Pipeline\\Pipeline->then(Object(Closure))
#31 /Volumes/KHAC QUANG/ELEDEVO ACEDEMY/Project Demo/quangdemo1/vendor/laravel/framework/src/Illuminate/Routing/Router.php(657): Illuminate\\Routing\\Router->runRouteWithinStack(Object(Illuminate\\Routing\\Route), Object(Illuminate\\Http\\Request))
#32 /Volumes/KHAC QUANG/ELEDEVO ACEDEMY/Project Demo/quangdemo1/vendor/laravel/framework/src/Illuminate/Routing/Router.php(623): Illuminate\\Routing\\Router->runRoute(Object(Illuminate\\Http\\Request), Object(Illuminate\\Routing\\Route))
#33 /Volumes/KHAC QUANG/ELEDEVO ACEDEMY/Project Demo/quangdemo1/vendor/laravel/framework/src/Illuminate/Routing/Router.php(612): Illuminate\\Routing\\Router->dispatchToRoute(Object(Illuminate\\Http\\Request))
#34 /Volumes/KHAC QUANG/ELEDEVO ACEDEMY/Project Demo/quangdemo1/vendor/laravel/framework/src/Illuminate/Foundation/Http/Kernel.php(176): Illuminate\\Routing\\Router->dispatch(Object(Illuminate\\Http\\Request))
#35 /Volumes/KHAC QUANG/ELEDEVO ACEDEMY/Project Demo/quangdemo1/vendor/laravel/framework/src/Illuminate/Routing/Pipeline.php(30): Illuminate\\Foundation\\Http\\Kernel->Illuminate\\Foundation\\Http\\{closure}(Object(Illuminate\\Http\\Request))
#36 /Volumes/KHAC QUANG/ELEDEVO ACEDEMY/Project Demo/quangdemo1/vendor/laravel/framework/src/Illuminate/Foundation/Http/Middleware/TransformsRequest.php(21): Illuminate\\Routing\\Pipeline->Illuminate\\Routing\\{closure}(Object(Illuminate\\Http\\Request))
#37 /Volumes/KHAC QUANG/ELEDEVO ACEDEMY/Project Demo/quangdemo1/vendor/laravel/framework/src/Illuminate/Pipeline/Pipeline.php(163): Illuminate\\Foundation\\Http\\Middleware\\TransformsRequest->handle(Object(Illuminate\\Http\\Request), Object(Closure))
#38 /Volumes/KHAC QUANG/ELEDEVO ACEDEMY/Project Demo/quangdemo1/vendor/laravel/framework/src/Illuminate/Routing/Pipeline.php(53): Illuminate\\Pipeline\\Pipeline->Illuminate\\Pipeline\\{closure}(Object(Illuminate\\Http\\Request))
#39 /Volumes/KHAC QUANG/ELEDEVO ACEDEMY/Project Demo/quangdemo1/vendor/laravel/framework/src/Illuminate/Foundation/Http/Middleware/TransformsRequest.php(21): Illuminate\\Routing\\Pipeline->Illuminate\\Routing\\{closure}(Object(Illuminate\\Http\\Request))
#40 /Volumes/KHAC QUANG/ELEDEVO ACEDEMY/Project Demo/quangdemo1/vendor/laravel/framework/src/Illuminate/Pipeline/Pipeline.php(163): Illuminate\\Foundation\\Http\\Middleware\\TransformsRequest->handle(Object(Illuminate\\Http\\Request), Object(Closure))
#41 /Volumes/KHAC QUANG/ELEDEVO ACEDEMY/Project Demo/quangdemo1/vendor/laravel/framework/src/Illuminate/Routing/Pipeline.php(53): Illuminate\\Pipeline\\Pipeline->Illuminate\\Pipeline\\{closure}(Object(Illuminate\\Http\\Request))
#42 /Volumes/KHAC QUANG/ELEDEVO ACEDEMY/Project Demo/quangdemo1/vendor/laravel/framework/src/Illuminate/Foundation/Http/Middleware/ValidatePostSize.php(27): Illuminate\\Routing\\Pipeline->Illuminate\\Routing\\{closure}(Object(Illuminate\\Http\\Request))
#43 /Volumes/KHAC QUANG/ELEDEVO ACEDEMY/Project Demo/quangdemo1/vendor/laravel/framework/src/Illuminate/Pipeline/Pipeline.php(163): Illuminate\\Foundation\\Http\\Middleware\\ValidatePostSize->handle(Object(Illuminate\\Http\\Request), Object(Closure))
#44 /Volumes/KHAC QUANG/ELEDEVO ACEDEMY/Project Demo/quangdemo1/vendor/laravel/framework/src/Illuminate/Routing/Pipeline.php(53): Illuminate\\Pipeline\\Pipeline->Illuminate\\Pipeline\\{closure}(Object(Illuminate\\Http\\Request))
#45 /Volumes/KHAC QUANG/ELEDEVO ACEDEMY/Project Demo/quangdemo1/vendor/laravel/framework/src/Illuminate/Foundation/Http/Middleware/CheckForMaintenanceMode.php(62): Illuminate\\Routing\\Pipeline->Illuminate\\Routing\\{closure}(Object(Illuminate\\Http\\Request))
#46 /Volumes/KHAC QUANG/ELEDEVO ACEDEMY/Project Demo/quangdemo1/vendor/laravel/framework/src/Illuminate/Pipeline/Pipeline.php(163): Illuminate\\Foundation\\Http\\Middleware\\CheckForMaintenanceMode->handle(Object(Illuminate\\Http\\Request), Object(Closure))
#47 /Volumes/KHAC QUANG/ELEDEVO ACEDEMY/Project Demo/quangdemo1/vendor/laravel/framework/src/Illuminate/Routing/Pipeline.php(53): Illuminate\\Pipeline\\Pipeline->Illuminate\\Pipeline\\{closure}(Object(Illuminate\\Http\\Request))
#48 /Volumes/KHAC QUANG/ELEDEVO ACEDEMY/Project Demo/quangdemo1/vendor/fideloper/proxy/src/TrustProxies.php(57): Illuminate\\Routing\\Pipeline->Illuminate\\Routing\\{closure}(Object(Illuminate\\Http\\Request))
#49 /Volumes/KHAC QUANG/ELEDEVO ACEDEMY/Project Demo/quangdemo1/vendor/laravel/framework/src/Illuminate/Pipeline/Pipeline.php(163): Fideloper\\Proxy\\TrustProxies->handle(Object(Illuminate\\Http\\Request), Object(Closure))
#50 /Volumes/KHAC QUANG/ELEDEVO ACEDEMY/Project Demo/quangdemo1/vendor/laravel/framework/src/Illuminate/Routing/Pipeline.php(53): Illuminate\\Pipeline\\Pipeline->Illuminate\\Pipeline\\{closure}(Object(Illuminate\\Http\\Request))
#51 /Volumes/KHAC QUANG/ELEDEVO ACEDEMY/Project Demo/quangdemo1/vendor/laravel/framework/src/Illuminate/Pipeline/Pipeline.php(104): Illuminate\\Routing\\Pipeline->Illuminate\\Routing\\{closure}(Object(Illuminate\\Http\\Request))
#52 /Volumes/KHAC QUANG/ELEDEVO ACEDEMY/Project Demo/quangdemo1/vendor/laravel/framework/src/Illuminate/Foundation/Http/Kernel.php(151): Illuminate\\Pipeline\\Pipeline->then(Object(Closure))
#53 /Volumes/KHAC QUANG/ELEDEVO ACEDEMY/Project Demo/quangdemo1/vendor/laravel/framework/src/Illuminate/Foundation/Http/Kernel.php(116): Illuminate\\Foundation\\Http\\Kernel->sendRequestThroughRouter(Object(Illuminate\\Http\\Request))
#54 /Volumes/KHAC QUANG/ELEDEVO ACEDEMY/Project Demo/quangdemo1/public/index.php(54): Illuminate\\Foundation\\Http\\Kernel->handle(Object(Illuminate\\Http\\Request))
#55 /Volumes/KHAC QUANG/ELEDEVO ACEDEMY/Project Demo/quangdemo1/server.php(21): require_once('/Volumes/KHAC Q...')
#56 {main}
"} 
[2019-11-30 08:16:22] local.ERROR: syntax error, unexpected end of file (View: /Volumes/KHAC QUANG/ELEDEVO ACEDEMY/Project Demo/quangdemo1/resources/views/welcome.blade.php) {"exception":"[object] (ErrorException(code: 0): syntax error, unexpected end of file (View: /Volumes/KHAC QUANG/ELEDEVO ACEDEMY/Project Demo/quangdemo1/resources/views/welcome.blade.php) at /Volumes/KHAC QUANG/ELEDEVO ACEDEMY/Project Demo/quangdemo1/storage/framework/views/9ca6a86a2df86999584b96dc4668dce02302d2af.php:113, Symfony\\Component\\Debug\\Exception\\FatalThrowableError(code: 0): syntax error, unexpected end of file at /Volumes/KHAC QUANG/ELEDEVO ACEDEMY/Project Demo/quangdemo1/storage/framework/views/9ca6a86a2df86999584b96dc4668dce02302d2af.php:113)
[stacktrace]
#0 /Volumes/KHAC QUANG/ELEDEVO ACEDEMY/Project Demo/quangdemo1/vendor/laravel/framework/src/Illuminate/View/Engines/PhpEngine.php(47): Illuminate\\View\\Engines\\CompilerEngine->handleViewException(Object(Symfony\\Component\\Debug\\Exception\\FatalThrowableError), 0)
#1 /Volumes/KHAC QUANG/ELEDEVO ACEDEMY/Project Demo/quangdemo1/vendor/laravel/framework/src/Illuminate/View/Engines/CompilerEngine.php(59): Illuminate\\View\\Engines\\PhpEngine->evaluatePath('/Volumes/KHAC Q...', Array)
#2 /Volumes/KHAC QUANG/ELEDEVO ACEDEMY/Project Demo/quangdemo1/vendor/laravel/framework/src/Illuminate/View/View.php(142): Illuminate\\View\\Engines\\CompilerEngine->get('/Volumes/KHAC Q...', Array)
#3 /Volumes/KHAC QUANG/ELEDEVO ACEDEMY/Project Demo/quangdemo1/vendor/laravel/framework/src/Illuminate/View/View.php(125): Illuminate\\View\\View->getContents()
#4 /Volumes/KHAC QUANG/ELEDEVO ACEDEMY/Project Demo/quangdemo1/vendor/laravel/framework/src/Illuminate/View/View.php(90): Illuminate\\View\\View->renderContents()
#5 /Volumes/KHAC QUANG/ELEDEVO ACEDEMY/Project Demo/quangdemo1/vendor/laravel/framework/src/Illuminate/Http/Response.php(42): Illuminate\\View\\View->render()
#6 /Volumes/KHAC QUANG/ELEDEVO ACEDEMY/Project Demo/quangdemo1/vendor/symfony/http-foundation/Response.php(202): Illuminate\\Http\\Response->setContent(Object(Illuminate\\View\\View))
#7 /Volumes/KHAC QUANG/ELEDEVO ACEDEMY/Project Demo/quangdemo1/vendor/laravel/framework/src/Illuminate/Routing/Router.php(748): Symfony\\Component\\HttpFoundation\\Response->__construct(Object(Illuminate\\View\\View))
#8 /Volumes/KHAC QUANG/ELEDEVO ACEDEMY/Project Demo/quangdemo1/vendor/laravel/framework/src/Illuminate/Routing/Router.php(720): Illuminate\\Routing\\Router::toResponse(Object(Illuminate\\Http\\Request), Object(Illuminate\\View\\View))
#9 /Volumes/KHAC QUANG/ELEDEVO ACEDEMY/Project Demo/quangdemo1/vendor/laravel/framework/src/Illuminate/Routing/Router.php(680): Illuminate\\Routing\\Router->prepareResponse(Object(Illuminate\\Http\\Request), Object(Illuminate\\View\\View))
#10 /Volumes/KHAC QUANG/ELEDEVO ACEDEMY/Project Demo/quangdemo1/vendor/laravel/framework/src/Illuminate/Routing/Pipeline.php(30): Illuminate\\Routing\\Router->Illuminate\\Routing\\{closure}(Object(Illuminate\\Http\\Request))
#11 /Volumes/KHAC QUANG/ELEDEVO ACEDEMY/Project Demo/quangdemo1/vendor/laravel/framework/src/Illuminate/Routing/Middleware/SubstituteBindings.php(41): Illuminate\\Routing\\Pipeline->Illuminate\\Routing\\{closure}(Object(Illuminate\\Http\\Request))
#12 /Volumes/KHAC QUANG/ELEDEVO ACEDEMY/Project Demo/quangdemo1/vendor/laravel/framework/src/Illuminate/Pipeline/Pipeline.php(163): Illuminate\\Routing\\Middleware\\SubstituteBindings->handle(Object(Illuminate\\Http\\Request), Object(Closure))
#13 /Volumes/KHAC QUANG/ELEDEVO ACEDEMY/Project Demo/quangdemo1/vendor/laravel/framework/src/Illuminate/Routing/Pipeline.php(53): Illuminate\\Pipeline\\Pipeline->Illuminate\\Pipeline\\{closure}(Object(Illuminate\\Http\\Request))
#14 /Volumes/KHAC QUANG/ELEDEVO ACEDEMY/Project Demo/quangdemo1/vendor/laravel/framework/src/Illuminate/Foundation/Http/Middleware/VerifyCsrfToken.php(75): Illuminate\\Routing\\Pipeline->Illuminate\\Routing\\{closure}(Object(Illuminate\\Http\\Request))
#15 /Volumes/KHAC QUANG/ELEDEVO ACEDEMY/Project Demo/quangdemo1/vendor/laravel/framework/src/Illuminate/Pipeline/Pipeline.php(163): Illuminate\\Foundation\\Http\\Middleware\\VerifyCsrfToken->handle(Object(Illuminate\\Http\\Request), Object(Closure))
#16 /Volumes/KHAC QUANG/ELEDEVO ACEDEMY/Project Demo/quangdemo1/vendor/laravel/framework/src/Illuminate/Routing/Pipeline.php(53): Illuminate\\Pipeline\\Pipeline->Illuminate\\Pipeline\\{closure}(Object(Illuminate\\Http\\Request))
#17 /Volumes/KHAC QUANG/ELEDEVO ACEDEMY/Project Demo/quangdemo1/vendor/laravel/framework/src/Illuminate/View/Middleware/ShareErrorsFromSession.php(49): Illuminate\\Routing\\Pipeline->Illuminate\\Routing\\{closure}(Object(Illuminate\\Http\\Request))
#18 /Volumes/KHAC QUANG/ELEDEVO ACEDEMY/Project Demo/quangdemo1/vendor/laravel/framework/src/Illuminate/Pipeline/Pipeline.php(163): Illuminate\\View\\Middleware\\ShareErrorsFromSession->handle(Object(Illuminate\\Http\\Request), Object(Closure))
#19 /Volumes/KHAC QUANG/ELEDEVO ACEDEMY/Project Demo/quangdemo1/vendor/laravel/framework/src/Illuminate/Routing/Pipeline.php(53): Illuminate\\Pipeline\\Pipeline->Illuminate\\Pipeline\\{closure}(Object(Illuminate\\Http\\Request))
#20 /Volumes/KHAC QUANG/ELEDEVO ACEDEMY/Project Demo/quangdemo1/vendor/laravel/framework/src/Illuminate/Session/Middleware/StartSession.php(56): Illuminate\\Routing\\Pipeline->Illuminate\\Routing\\{closure}(Object(Illuminate\\Http\\Request))
#21 /Volumes/KHAC QUANG/ELEDEVO ACEDEMY/Project Demo/quangdemo1/vendor/laravel/framework/src/Illuminate/Pipeline/Pipeline.php(163): Illuminate\\Session\\Middleware\\StartSession->handle(Object(Illuminate\\Http\\Request), Object(Closure))
#22 /Volumes/KHAC QUANG/ELEDEVO ACEDEMY/Project Demo/quangdemo1/vendor/laravel/framework/src/Illuminate/Routing/Pipeline.php(53): Illuminate\\Pipeline\\Pipeline->Illuminate\\Pipeline\\{closure}(Object(Illuminate\\Http\\Request))
#23 /Volumes/KHAC QUANG/ELEDEVO ACEDEMY/Project Demo/quangdemo1/vendor/laravel/framework/src/Illuminate/Cookie/Middleware/AddQueuedCookiesToResponse.php(37): Illuminate\\Routing\\Pipeline->Illuminate\\Routing\\{closure}(Object(Illuminate\\Http\\Request))
#24 /Volumes/KHAC QUANG/ELEDEVO ACEDEMY/Project Demo/quangdemo1/vendor/laravel/framework/src/Illuminate/Pipeline/Pipeline.php(163): Illuminate\\Cookie\\Middleware\\AddQueuedCookiesToResponse->handle(Object(Illuminate\\Http\\Request), Object(Closure))
#25 /Volumes/KHAC QUANG/ELEDEVO ACEDEMY/Project Demo/quangdemo1/vendor/laravel/framework/src/Illuminate/Routing/Pipeline.php(53): Illuminate\\Pipeline\\Pipeline->Illuminate\\Pipeline\\{closure}(Object(Illuminate\\Http\\Request))
#26 /Volumes/KHAC QUANG/ELEDEVO ACEDEMY/Project Demo/quangdemo1/vendor/laravel/framework/src/Illuminate/Cookie/Middleware/EncryptCookies.php(66): Illuminate\\Routing\\Pipeline->Illuminate\\Routing\\{closure}(Object(Illuminate\\Http\\Request))
#27 /Volumes/KHAC QUANG/ELEDEVO ACEDEMY/Project Demo/quangdemo1/vendor/laravel/framework/src/Illuminate/Pipeline/Pipeline.php(163): Illuminate\\Cookie\\Middleware\\EncryptCookies->handle(Object(Illuminate\\Http\\Request), Object(Closure))
#28 /Volumes/KHAC QUANG/ELEDEVO ACEDEMY/Project Demo/quangdemo1/vendor/laravel/framework/src/Illuminate/Routing/Pipeline.php(53): Illuminate\\Pipeline\\Pipeline->Illuminate\\Pipeline\\{closure}(Object(Illuminate\\Http\\Request))
#29 /Volumes/KHAC QUANG/ELEDEVO ACEDEMY/Project Demo/quangdemo1/vendor/laravel/framework/src/Illuminate/Pipeline/Pipeline.php(104): Illuminate\\Routing\\Pipeline->Illuminate\\Routing\\{closure}(Object(Illuminate\\Http\\Request))
#30 /Volumes/KHAC QUANG/ELEDEVO ACEDEMY/Project Demo/quangdemo1/vendor/laravel/framework/src/Illuminate/Routing/Router.php(682): Illuminate\\Pipeline\\Pipeline->then(Object(Closure))
#31 /Volumes/KHAC QUANG/ELEDEVO ACEDEMY/Project Demo/quangdemo1/vendor/laravel/framework/src/Illuminate/Routing/Router.php(657): Illuminate\\Routing\\Router->runRouteWithinStack(Object(Illuminate\\Routing\\Route), Object(Illuminate\\Http\\Request))
#32 /Volumes/KHAC QUANG/ELEDEVO ACEDEMY/Project Demo/quangdemo1/vendor/laravel/framework/src/Illuminate/Routing/Router.php(623): Illuminate\\Routing\\Router->runRoute(Object(Illuminate\\Http\\Request), Object(Illuminate\\Routing\\Route))
#33 /Volumes/KHAC QUANG/ELEDEVO ACEDEMY/Project Demo/quangdemo1/vendor/laravel/framework/src/Illuminate/Routing/Router.php(612): Illuminate\\Routing\\Router->dispatchToRoute(Object(Illuminate\\Http\\Request))
#34 /Volumes/KHAC QUANG/ELEDEVO ACEDEMY/Project Demo/quangdemo1/vendor/laravel/framework/src/Illuminate/Foundation/Http/Kernel.php(176): Illuminate\\Routing\\Router->dispatch(Object(Illuminate\\Http\\Request))
#35 /Volumes/KHAC QUANG/ELEDEVO ACEDEMY/Project Demo/quangdemo1/vendor/laravel/framework/src/Illuminate/Routing/Pipeline.php(30): Illuminate\\Foundation\\Http\\Kernel->Illuminate\\Foundation\\Http\\{closure}(Object(Illuminate\\Http\\Request))
#36 /Volumes/KHAC QUANG/ELEDEVO ACEDEMY/Project Demo/quangdemo1/vendor/laravel/framework/src/Illuminate/Foundation/Http/Middleware/TransformsRequest.php(21): Illuminate\\Routing\\Pipeline->Illuminate\\Routing\\{closure}(Object(Illuminate\\Http\\Request))
#37 /Volumes/KHAC QUANG/ELEDEVO ACEDEMY/Project Demo/quangdemo1/vendor/laravel/framework/src/Illuminate/Pipeline/Pipeline.php(163): Illuminate\\Foundation\\Http\\Middleware\\TransformsRequest->handle(Object(Illuminate\\Http\\Request), Object(Closure))
#38 /Volumes/KHAC QUANG/ELEDEVO ACEDEMY/Project Demo/quangdemo1/vendor/laravel/framework/src/Illuminate/Routing/Pipeline.php(53): Illuminate\\Pipeline\\Pipeline->Illuminate\\Pipeline\\{closure}(Object(Illuminate\\Http\\Request))
#39 /Volumes/KHAC QUANG/ELEDEVO ACEDEMY/Project Demo/quangdemo1/vendor/laravel/framework/src/Illuminate/Foundation/Http/Middleware/TransformsRequest.php(21): Illuminate\\Routing\\Pipeline->Illuminate\\Routing\\{closure}(Object(Illuminate\\Http\\Request))
#40 /Volumes/KHAC QUANG/ELEDEVO ACEDEMY/Project Demo/quangdemo1/vendor/laravel/framework/src/Illuminate/Pipeline/Pipeline.php(163): Illuminate\\Foundation\\Http\\Middleware\\TransformsRequest->handle(Object(Illuminate\\Http\\Request), Object(Closure))
#41 /Volumes/KHAC QUANG/ELEDEVO ACEDEMY/Project Demo/quangdemo1/vendor/laravel/framework/src/Illuminate/Routing/Pipeline.php(53): Illuminate\\Pipeline\\Pipeline->Illuminate\\Pipeline\\{closure}(Object(Illuminate\\Http\\Request))
#42 /Volumes/KHAC QUANG/ELEDEVO ACEDEMY/Project Demo/quangdemo1/vendor/laravel/framework/src/Illuminate/Foundation/Http/Middleware/ValidatePostSize.php(27): Illuminate\\Routing\\Pipeline->Illuminate\\Routing\\{closure}(Object(Illuminate\\Http\\Request))
#43 /Volumes/KHAC QUANG/ELEDEVO ACEDEMY/Project Demo/quangdemo1/vendor/laravel/framework/src/Illuminate/Pipeline/Pipeline.php(163): Illuminate\\Foundation\\Http\\Middleware\\ValidatePostSize->handle(Object(Illuminate\\Http\\Request), Object(Closure))
#44 /Volumes/KHAC QUANG/ELEDEVO ACEDEMY/Project Demo/quangdemo1/vendor/laravel/framework/src/Illuminate/Routing/Pipeline.php(53): Illuminate\\Pipeline\\Pipeline->Illuminate\\Pipeline\\{closure}(Object(Illuminate\\Http\\Request))
#45 /Volumes/KHAC QUANG/ELEDEVO ACEDEMY/Project Demo/quangdemo1/vendor/laravel/framework/src/Illuminate/Foundation/Http/Middleware/CheckForMaintenanceMode.php(62): Illuminate\\Routing\\Pipeline->Illuminate\\Routing\\{closure}(Object(Illuminate\\Http\\Request))
#46 /Volumes/KHAC QUANG/ELEDEVO ACEDEMY/Project Demo/quangdemo1/vendor/laravel/framework/src/Illuminate/Pipeline/Pipeline.php(163): Illuminate\\Foundation\\Http\\Middleware\\CheckForMaintenanceMode->handle(Object(Illuminate\\Http\\Request), Object(Closure))
#47 /Volumes/KHAC QUANG/ELEDEVO ACEDEMY/Project Demo/quangdemo1/vendor/laravel/framework/src/Illuminate/Routing/Pipeline.php(53): Illuminate\\Pipeline\\Pipeline->Illuminate\\Pipeline\\{closure}(Object(Illuminate\\Http\\Request))
#48 /Volumes/KHAC QUANG/ELEDEVO ACEDEMY/Project Demo/quangdemo1/vendor/fideloper/proxy/src/TrustProxies.php(57): Illuminate\\Routing\\Pipeline->Illuminate\\Routing\\{closure}(Object(Illuminate\\Http\\Request))
#49 /Volumes/KHAC QUANG/ELEDEVO ACEDEMY/Project Demo/quangdemo1/vendor/laravel/framework/src/Illuminate/Pipeline/Pipeline.php(163): Fideloper\\Proxy\\TrustProxies->handle(Object(Illuminate\\Http\\Request), Object(Closure))
#50 /Volumes/KHAC QUANG/ELEDEVO ACEDEMY/Project Demo/quangdemo1/vendor/laravel/framework/src/Illuminate/Routing/Pipeline.php(53): Illuminate\\Pipeline\\Pipeline->Illuminate\\Pipeline\\{closure}(Object(Illuminate\\Http\\Request))
#51 /Volumes/KHAC QUANG/ELEDEVO ACEDEMY/Project Demo/quangdemo1/vendor/laravel/framework/src/Illuminate/Pipeline/Pipeline.php(104): Illuminate\\Routing\\Pipeline->Illuminate\\Routing\\{closure}(Object(Illuminate\\Http\\Request))
#52 /Volumes/KHAC QUANG/ELEDEVO ACEDEMY/Project Demo/quangdemo1/vendor/laravel/framework/src/Illuminate/Foundation/Http/Kernel.php(151): Illuminate\\Pipeline\\Pipeline->then(Object(Closure))
#53 /Volumes/KHAC QUANG/ELEDEVO ACEDEMY/Project Demo/quangdemo1/vendor/laravel/framework/src/Illuminate/Foundation/Http/Kernel.php(116): Illuminate\\Foundation\\Http\\Kernel->sendRequestThroughRouter(Object(Illuminate\\Http\\Request))
#54 /Volumes/KHAC QUANG/ELEDEVO ACEDEMY/Project Demo/quangdemo1/public/index.php(54): Illuminate\\Foundation\\Http\\Kernel->handle(Object(Illuminate\\Http\\Request))
#55 /Volumes/KHAC QUANG/ELEDEVO ACEDEMY/Project Demo/quangdemo1/server.php(21): require_once('/Volumes/KHAC Q...')
#56 {main}
"} 
[2019-11-30 09:48:14] local.ERROR: date_format() expects parameter 1 to be DateTimeInterface, string given (View: /Volumes/KHAC QUANG/ELEDEVO ACEDEMY/Project Demo/quangdemo1/resources/views/k3.blade.php) {"exception":"[object] (ErrorException(code: 0): date_format() expects parameter 1 to be DateTimeInterface, string given (View: /Volumes/KHAC QUANG/ELEDEVO ACEDEMY/Project Demo/quangdemo1/resources/views/k3.blade.php) at /Volumes/KHAC QUANG/ELEDEVO ACEDEMY/Project Demo/quangdemo1/storage/framework/views/a8e22eb95ff80cab6cbf38593bd7ce489c6688ae.php:55, ErrorException(code: 0): date_format() expects parameter 1 to be DateTimeInterface, string given at /Volumes/KHAC QUANG/ELEDEVO ACEDEMY/Project Demo/quangdemo1/storage/framework/views/a8e22eb95ff80cab6cbf38593bd7ce489c6688ae.php:55)
[stacktrace]
#0 /Volumes/KHAC QUANG/ELEDEVO ACEDEMY/Project Demo/quangdemo1/vendor/laravel/framework/src/Illuminate/View/Engines/PhpEngine.php(45): Illuminate\\View\\Engines\\CompilerEngine->handleViewException(Object(ErrorException), 0)
#1 /Volumes/KHAC QUANG/ELEDEVO ACEDEMY/Project Demo/quangdemo1/vendor/laravel/framework/src/Illuminate/View/Engines/CompilerEngine.php(59): Illuminate\\View\\Engines\\PhpEngine->evaluatePath('/Volumes/KHAC Q...', Array)
#2 /Volumes/KHAC QUANG/ELEDEVO ACEDEMY/Project Demo/quangdemo1/vendor/laravel/framework/src/Illuminate/View/View.php(142): Illuminate\\View\\Engines\\CompilerEngine->get('/Volumes/KHAC Q...', Array)
#3 /Volumes/KHAC QUANG/ELEDEVO ACEDEMY/Project Demo/quangdemo1/vendor/laravel/framework/src/Illuminate/View/View.php(125): Illuminate\\View\\View->getContents()
#4 /Volumes/KHAC QUANG/ELEDEVO ACEDEMY/Project Demo/quangdemo1/vendor/laravel/framework/src/Illuminate/View/View.php(90): Illuminate\\View\\View->renderContents()
#5 /Volumes/KHAC QUANG/ELEDEVO ACEDEMY/Project Demo/quangdemo1/vendor/laravel/framework/src/Illuminate/Http/Response.php(42): Illuminate\\View\\View->render()
#6 /Volumes/KHAC QUANG/ELEDEVO ACEDEMY/Project Demo/quangdemo1/vendor/symfony/http-foundation/Response.php(202): Illuminate\\Http\\Response->setContent(Object(Illuminate\\View\\View))
#7 /Volumes/KHAC QUANG/ELEDEVO ACEDEMY/Project Demo/quangdemo1/vendor/laravel/framework/src/Illuminate/Routing/Router.php(748): Symfony\\Component\\HttpFoundation\\Response->__construct(Object(Illuminate\\View\\View))
#8 /Volumes/KHAC QUANG/ELEDEVO ACEDEMY/Project Demo/quangdemo1/vendor/laravel/framework/src/Illuminate/Routing/Router.php(720): Illuminate\\Routing\\Router::toResponse(Object(Illuminate\\Http\\Request), Object(Illuminate\\View\\View))
#9 /Volumes/KHAC QUANG/ELEDEVO ACEDEMY/Project Demo/quangdemo1/vendor/laravel/framework/src/Illuminate/Routing/Router.php(680): Illuminate\\Routing\\Router->prepareResponse(Object(Illuminate\\Http\\Request), Object(Illuminate\\View\\View))
#10 /Volumes/KHAC QUANG/ELEDEVO ACEDEMY/Project Demo/quangdemo1/vendor/laravel/framework/src/Illuminate/Routing/Pipeline.php(30): Illuminate\\Routing\\Router->Illuminate\\Routing\\{closure}(Object(Illuminate\\Http\\Request))
#11 /Volumes/KHAC QUANG/ELEDEVO ACEDEMY/Project Demo/quangdemo1/vendor/laravel/framework/src/Illuminate/Routing/Middleware/SubstituteBindings.php(41): Illuminate\\Routing\\Pipeline->Illuminate\\Routing\\{closure}(Object(Illuminate\\Http\\Request))
#12 /Volumes/KHAC QUANG/ELEDEVO ACEDEMY/Project Demo/quangdemo1/vendor/laravel/framework/src/Illuminate/Pipeline/Pipeline.php(163): Illuminate\\Routing\\Middleware\\SubstituteBindings->handle(Object(Illuminate\\Http\\Request), Object(Closure))
#13 /Volumes/KHAC QUANG/ELEDEVO ACEDEMY/Project Demo/quangdemo1/vendor/laravel/framework/src/Illuminate/Routing/Pipeline.php(53): Illuminate\\Pipeline\\Pipeline->Illuminate\\Pipeline\\{closure}(Object(Illuminate\\Http\\Request))
#14 /Volumes/KHAC QUANG/ELEDEVO ACEDEMY/Project Demo/quangdemo1/vendor/laravel/framework/src/Illuminate/Foundation/Http/Middleware/VerifyCsrfToken.php(75): Illuminate\\Routing\\Pipeline->Illuminate\\Routing\\{closure}(Object(Illuminate\\Http\\Request))
#15 /Volumes/KHAC QUANG/ELEDEVO ACEDEMY/Project Demo/quangdemo1/vendor/laravel/framework/src/Illuminate/Pipeline/Pipeline.php(163): Illuminate\\Foundation\\Http\\Middleware\\VerifyCsrfToken->handle(Object(Illuminate\\Http\\Request), Object(Closure))
#16 /Volumes/KHAC QUANG/ELEDEVO ACEDEMY/Project Demo/quangdemo1/vendor/laravel/framework/src/Illuminate/Routing/Pipeline.php(53): Illuminate\\Pipeline\\Pipeline->Illuminate\\Pipeline\\{closure}(Object(Illuminate\\Http\\Request))
#17 /Volumes/KHAC QUANG/ELEDEVO ACEDEMY/Project Demo/quangdemo1/vendor/laravel/framework/src/Illuminate/View/Middleware/ShareErrorsFromSession.php(49): Illuminate\\Routing\\Pipeline->Illuminate\\Routing\\{closure}(Object(Illuminate\\Http\\Request))
#18 /Volumes/KHAC QUANG/ELEDEVO ACEDEMY/Project Demo/quangdemo1/vendor/laravel/framework/src/Illuminate/Pipeline/Pipeline.php(163): Illuminate\\View\\Middleware\\ShareErrorsFromSession->handle(Object(Illuminate\\Http\\Request), Object(Closure))
#19 /Volumes/KHAC QUANG/ELEDEVO ACEDEMY/Project Demo/quangdemo1/vendor/laravel/framework/src/Illuminate/Routing/Pipeline.php(53): Illuminate\\Pipeline\\Pipeline->Illuminate\\Pipeline\\{closure}(Object(Illuminate\\Http\\Request))
#20 /Volumes/KHAC QUANG/ELEDEVO ACEDEMY/Project Demo/quangdemo1/vendor/laravel/framework/src/Illuminate/Session/Middleware/StartSession.php(56): Illuminate\\Routing\\Pipeline->Illuminate\\Routing\\{closure}(Object(Illuminate\\Http\\Request))
#21 /Volumes/KHAC QUANG/ELEDEVO ACEDEMY/Project Demo/quangdemo1/vendor/laravel/framework/src/Illuminate/Pipeline/Pipeline.php(163): Illuminate\\Session\\Middleware\\StartSession->handle(Object(Illuminate\\Http\\Request), Object(Closure))
#22 /Volumes/KHAC QUANG/ELEDEVO ACEDEMY/Project Demo/quangdemo1/vendor/laravel/framework/src/Illuminate/Routing/Pipeline.php(53): Illuminate\\Pipeline\\Pipeline->Illuminate\\Pipeline\\{closure}(Object(Illuminate\\Http\\Request))
#23 /Volumes/KHAC QUANG/ELEDEVO ACEDEMY/Project Demo/quangdemo1/vendor/laravel/framework/src/Illuminate/Cookie/Middleware/AddQueuedCookiesToResponse.php(37): Illuminate\\Routing\\Pipeline->Illuminate\\Routing\\{closure}(Object(Illuminate\\Http\\Request))
#24 /Volumes/KHAC QUANG/ELEDEVO ACEDEMY/Project Demo/quangdemo1/vendor/laravel/framework/src/Illuminate/Pipeline/Pipeline.php(163): Illuminate\\Cookie\\Middleware\\AddQueuedCookiesToResponse->handle(Object(Illuminate\\Http\\Request), Object(Closure))
#25 /Volumes/KHAC QUANG/ELEDEVO ACEDEMY/Project Demo/quangdemo1/vendor/laravel/framework/src/Illuminate/Routing/Pipeline.php(53): Illuminate\\Pipeline\\Pipeline->Illuminate\\Pipeline\\{closure}(Object(Illuminate\\Http\\Request))
#26 /Volumes/KHAC QUANG/ELEDEVO ACEDEMY/Project Demo/quangdemo1/vendor/laravel/framework/src/Illuminate/Cookie/Middleware/EncryptCookies.php(66): Illuminate\\Routing\\Pipeline->Illuminate\\Routing\\{closure}(Object(Illuminate\\Http\\Request))
#27 /Volumes/KHAC QUANG/ELEDEVO ACEDEMY/Project Demo/quangdemo1/vendor/laravel/framework/src/Illuminate/Pipeline/Pipeline.php(163): Illuminate\\Cookie\\Middleware\\EncryptCookies->handle(Object(Illuminate\\Http\\Request), Object(Closure))
#28 /Volumes/KHAC QUANG/ELEDEVO ACEDEMY/Project Demo/quangdemo1/vendor/laravel/framework/src/Illuminate/Routing/Pipeline.php(53): Illuminate\\Pipeline\\Pipeline->Illuminate\\Pipeline\\{closure}(Object(Illuminate\\Http\\Request))
#29 /Volumes/KHAC QUANG/ELEDEVO ACEDEMY/Project Demo/quangdemo1/vendor/laravel/framework/src/Illuminate/Pipeline/Pipeline.php(104): Illuminate\\Routing\\Pipeline->Illuminate\\Routing\\{closure}(Object(Illuminate\\Http\\Request))
#30 /Volumes/KHAC QUANG/ELEDEVO ACEDEMY/Project Demo/quangdemo1/vendor/laravel/framework/src/Illuminate/Routing/Router.php(682): Illuminate\\Pipeline\\Pipeline->then(Object(Closure))
#31 /Volumes/KHAC QUANG/ELEDEVO ACEDEMY/Project Demo/quangdemo1/vendor/laravel/framework/src/Illuminate/Routing/Router.php(657): Illuminate\\Routing\\Router->runRouteWithinStack(Object(Illuminate\\Routing\\Route), Object(Illuminate\\Http\\Request))
#32 /Volumes/KHAC QUANG/ELEDEVO ACEDEMY/Project Demo/quangdemo1/vendor/laravel/framework/src/Illuminate/Routing/Router.php(623): Illuminate\\Routing\\Router->runRoute(Object(Illuminate\\Http\\Request), Object(Illuminate\\Routing\\Route))
#33 /Volumes/KHAC QUANG/ELEDEVO ACEDEMY/Project Demo/quangdemo1/vendor/laravel/framework/src/Illuminate/Routing/Router.php(612): Illuminate\\Routing\\Router->dispatchToRoute(Object(Illuminate\\Http\\Request))
#34 /Volumes/KHAC QUANG/ELEDEVO ACEDEMY/Project Demo/quangdemo1/vendor/laravel/framework/src/Illuminate/Foundation/Http/Kernel.php(176): Illuminate\\Routing\\Router->dispatch(Object(Illuminate\\Http\\Request))
#35 /Volumes/KHAC QUANG/ELEDEVO ACEDEMY/Project Demo/quangdemo1/vendor/laravel/framework/src/Illuminate/Routing/Pipeline.php(30): Illuminate\\Foundation\\Http\\Kernel->Illuminate\\Foundation\\Http\\{closure}(Object(Illuminate\\Http\\Request))
#36 /Volumes/KHAC QUANG/ELEDEVO ACEDEMY/Project Demo/quangdemo1/vendor/laravel/framework/src/Illuminate/Foundation/Http/Middleware/TransformsRequest.php(21): Illuminate\\Routing\\Pipeline->Illuminate\\Routing\\{closure}(Object(Illuminate\\Http\\Request))
#37 /Volumes/KHAC QUANG/ELEDEVO ACEDEMY/Project Demo/quangdemo1/vendor/laravel/framework/src/Illuminate/Pipeline/Pipeline.php(163): Illuminate\\Foundation\\Http\\Middleware\\TransformsRequest->handle(Object(Illuminate\\Http\\Request), Object(Closure))
#38 /Volumes/KHAC QUANG/ELEDEVO ACEDEMY/Project Demo/quangdemo1/vendor/laravel/framework/src/Illuminate/Routing/Pipeline.php(53): Illuminate\\Pipeline\\Pipeline->Illuminate\\Pipeline\\{closure}(Object(Illuminate\\Http\\Request))
#39 /Volumes/KHAC QUANG/ELEDEVO ACEDEMY/Project Demo/quangdemo1/vendor/laravel/framework/src/Illuminate/Foundation/Http/Middleware/TransformsRequest.php(21): Illuminate\\Routing\\Pipeline->Illuminate\\Routing\\{closure}(Object(Illuminate\\Http\\Request))
#40 /Volumes/KHAC QUANG/ELEDEVO ACEDEMY/Project Demo/quangdemo1/vendor/laravel/framework/src/Illuminate/Pipeline/Pipeline.php(163): Illuminate\\Foundation\\Http\\Middleware\\TransformsRequest->handle(Object(Illuminate\\Http\\Request), Object(Closure))
#41 /Volumes/KHAC QUANG/ELEDEVO ACEDEMY/Project Demo/quangdemo1/vendor/laravel/framework/src/Illuminate/Routing/Pipeline.php(53): Illuminate\\Pipeline\\Pipeline->Illuminate\\Pipeline\\{closure}(Object(Illuminate\\Http\\Request))
#42 /Volumes/KHAC QUANG/ELEDEVO ACEDEMY/Project Demo/quangdemo1/vendor/laravel/framework/src/Illuminate/Foundation/Http/Middleware/ValidatePostSize.php(27): Illuminate\\Routing\\Pipeline->Illuminate\\Routing\\{closure}(Object(Illuminate\\Http\\Request))
#43 /Volumes/KHAC QUANG/ELEDEVO ACEDEMY/Project Demo/quangdemo1/vendor/laravel/framework/src/Illuminate/Pipeline/Pipeline.php(163): Illuminate\\Foundation\\Http\\Middleware\\ValidatePostSize->handle(Object(Illuminate\\Http\\Request), Object(Closure))
#44 /Volumes/KHAC QUANG/ELEDEVO ACEDEMY/Project Demo/quangdemo1/vendor/laravel/framework/src/Illuminate/Routing/Pipeline.php(53): Illuminate\\Pipeline\\Pipeline->Illuminate\\Pipeline\\{closure}(Object(Illuminate\\Http\\Request))
#45 /Volumes/KHAC QUANG/ELEDEVO ACEDEMY/Project Demo/quangdemo1/vendor/laravel/framework/src/Illuminate/Foundation/Http/Middleware/CheckForMaintenanceMode.php(62): Illuminate\\Routing\\Pipeline->Illuminate\\Routing\\{closure}(Object(Illuminate\\Http\\Request))
#46 /Volumes/KHAC QUANG/ELEDEVO ACEDEMY/Project Demo/quangdemo1/vendor/laravel/framework/src/Illuminate/Pipeline/Pipeline.php(163): Illuminate\\Foundation\\Http\\Middleware\\CheckForMaintenanceMode->handle(Object(Illuminate\\Http\\Request), Object(Closure))
#47 /Volumes/KHAC QUANG/ELEDEVO ACEDEMY/Project Demo/quangdemo1/vendor/laravel/framework/src/Illuminate/Routing/Pipeline.php(53): Illuminate\\Pipeline\\Pipeline->Illuminate\\Pipeline\\{closure}(Object(Illuminate\\Http\\Request))
#48 /Volumes/KHAC QUANG/ELEDEVO ACEDEMY/Project Demo/quangdemo1/vendor/fideloper/proxy/src/TrustProxies.php(57): Illuminate\\Routing\\Pipeline->Illuminate\\Routing\\{closure}(Object(Illuminate\\Http\\Request))
#49 /Volumes/KHAC QUANG/ELEDEVO ACEDEMY/Project Demo/quangdemo1/vendor/laravel/framework/src/Illuminate/Pipeline/Pipeline.php(163): Fideloper\\Proxy\\TrustProxies->handle(Object(Illuminate\\Http\\Request), Object(Closure))
#50 /Volumes/KHAC QUANG/ELEDEVO ACEDEMY/Project Demo/quangdemo1/vendor/laravel/framework/src/Illuminate/Routing/Pipeline.php(53): Illuminate\\Pipeline\\Pipeline->Illuminate\\Pipeline\\{closure}(Object(Illuminate\\Http\\Request))
#51 /Volumes/KHAC QUANG/ELEDEVO ACEDEMY/Project Demo/quangdemo1/vendor/laravel/framework/src/Illuminate/Pipeline/Pipeline.php(104): Illuminate\\Routing\\Pipeline->Illuminate\\Routing\\{closure}(Object(Illuminate\\Http\\Request))
#52 /Volumes/KHAC QUANG/ELEDEVO ACEDEMY/Project Demo/quangdemo1/vendor/laravel/framework/src/Illuminate/Foundation/Http/Kernel.php(151): Illuminate\\Pipeline\\Pipeline->then(Object(Closure))
#53 /Volumes/KHAC QUANG/ELEDEVO ACEDEMY/Project Demo/quangdemo1/vendor/laravel/framework/src/Illuminate/Foundation/Http/Kernel.php(116): Illuminate\\Foundation\\Http\\Kernel->sendRequestThroughRouter(Object(Illuminate\\Http\\Request))
#54 /Volumes/KHAC QUANG/ELEDEVO ACEDEMY/Project Demo/quangdemo1/public/index.php(54): Illuminate\\Foundation\\Http\\Kernel->handle(Object(Illuminate\\Http\\Request))
#55 /Volumes/KHAC QUANG/ELEDEVO ACEDEMY/Project Demo/quangdemo1/server.php(21): require_once('/Volumes/KHAC Q...')
#56 {main}
"} 
[2019-11-30 09:49:01] local.ERROR: date_format() expects parameter 1 to be DateTimeInterface, string given (View: /Volumes/KHAC QUANG/ELEDEVO ACEDEMY/Project Demo/quangdemo1/resources/views/k3.blade.php) {"exception":"[object] (ErrorException(code: 0): date_format() expects parameter 1 to be DateTimeInterface, string given (View: /Volumes/KHAC QUANG/ELEDEVO ACEDEMY/Project Demo/quangdemo1/resources/views/k3.blade.php) at /Volumes/KHAC QUANG/ELEDEVO ACEDEMY/Project Demo/quangdemo1/storage/framework/views/a8e22eb95ff80cab6cbf38593bd7ce489c6688ae.php:55, ErrorException(code: 0): date_format() expects parameter 1 to be DateTimeInterface, string given at /Volumes/KHAC QUANG/ELEDEVO ACEDEMY/Project Demo/quangdemo1/storage/framework/views/a8e22eb95ff80cab6cbf38593bd7ce489c6688ae.php:55)
[stacktrace]
#0 /Volumes/KHAC QUANG/ELEDEVO ACEDEMY/Project Demo/quangdemo1/vendor/laravel/framework/src/Illuminate/View/Engines/PhpEngine.php(45): Illuminate\\View\\Engines\\CompilerEngine->handleViewException(Object(ErrorException), 0)
#1 /Volumes/KHAC QUANG/ELEDEVO ACEDEMY/Project Demo/quangdemo1/vendor/laravel/framework/src/Illuminate/View/Engines/CompilerEngine.php(59): Illuminate\\View\\Engines\\PhpEngine->evaluatePath('/Volumes/KHAC Q...', Array)
#2 /Volumes/KHAC QUANG/ELEDEVO ACEDEMY/Project Demo/quangdemo1/vendor/laravel/framework/src/Illuminate/View/View.php(142): Illuminate\\View\\Engines\\CompilerEngine->get('/Volumes/KHAC Q...', Array)
#3 /Volumes/KHAC QUANG/ELEDEVO ACEDEMY/Project Demo/quangdemo1/vendor/laravel/framework/src/Illuminate/View/View.php(125): Illuminate\\View\\View->getContents()
#4 /Volumes/KHAC QUANG/ELEDEVO ACEDEMY/Project Demo/quangdemo1/vendor/laravel/framework/src/Illuminate/View/View.php(90): Illuminate\\View\\View->renderContents()
#5 /Volumes/KHAC QUANG/ELEDEVO ACEDEMY/Project Demo/quangdemo1/vendor/laravel/framework/src/Illuminate/Http/Response.php(42): Illuminate\\View\\View->render()
#6 /Volumes/KHAC QUANG/ELEDEVO ACEDEMY/Project Demo/quangdemo1/vendor/symfony/http-foundation/Response.php(202): Illuminate\\Http\\Response->setContent(Object(Illuminate\\View\\View))
#7 /Volumes/KHAC QUANG/ELEDEVO ACEDEMY/Project Demo/quangdemo1/vendor/laravel/framework/src/Illuminate/Routing/Router.php(748): Symfony\\Component\\HttpFoundation\\Response->__construct(Object(Illuminate\\View\\View))
#8 /Volumes/KHAC QUANG/ELEDEVO ACEDEMY/Project Demo/quangdemo1/vendor/laravel/framework/src/Illuminate/Routing/Router.php(720): Illuminate\\Routing\\Router::toResponse(Object(Illuminate\\Http\\Request), Object(Illuminate\\View\\View))
#9 /Volumes/KHAC QUANG/ELEDEVO ACEDEMY/Project Demo/quangdemo1/vendor/laravel/framework/src/Illuminate/Routing/Router.php(680): Illuminate\\Routing\\Router->prepareResponse(Object(Illuminate\\Http\\Request), Object(Illuminate\\View\\View))
#10 /Volumes/KHAC QUANG/ELEDEVO ACEDEMY/Project Demo/quangdemo1/vendor/laravel/framework/src/Illuminate/Routing/Pipeline.php(30): Illuminate\\Routing\\Router->Illuminate\\Routing\\{closure}(Object(Illuminate\\Http\\Request))
#11 /Volumes/KHAC QUANG/ELEDEVO ACEDEMY/Project Demo/quangdemo1/vendor/laravel/framework/src/Illuminate/Routing/Middleware/SubstituteBindings.php(41): Illuminate\\Routing\\Pipeline->Illuminate\\Routing\\{closure}(Object(Illuminate\\Http\\Request))
#12 /Volumes/KHAC QUANG/ELEDEVO ACEDEMY/Project Demo/quangdemo1/vendor/laravel/framework/src/Illuminate/Pipeline/Pipeline.php(163): Illuminate\\Routing\\Middleware\\SubstituteBindings->handle(Object(Illuminate\\Http\\Request), Object(Closure))
#13 /Volumes/KHAC QUANG/ELEDEVO ACEDEMY/Project Demo/quangdemo1/vendor/laravel/framework/src/Illuminate/Routing/Pipeline.php(53): Illuminate\\Pipeline\\Pipeline->Illuminate\\Pipeline\\{closure}(Object(Illuminate\\Http\\Request))
#14 /Volumes/KHAC QUANG/ELEDEVO ACEDEMY/Project Demo/quangdemo1/vendor/laravel/framework/src/Illuminate/Foundation/Http/Middleware/VerifyCsrfToken.php(75): Illuminate\\Routing\\Pipeline->Illuminate\\Routing\\{closure}(Object(Illuminate\\Http\\Request))
#15 /Volumes/KHAC QUANG/ELEDEVO ACEDEMY/Project Demo/quangdemo1/vendor/laravel/framework/src/Illuminate/Pipeline/Pipeline.php(163): Illuminate\\Foundation\\Http\\Middleware\\VerifyCsrfToken->handle(Object(Illuminate\\Http\\Request), Object(Closure))
#16 /Volumes/KHAC QUANG/ELEDEVO ACEDEMY/Project Demo/quangdemo1/vendor/laravel/framework/src/Illuminate/Routing/Pipeline.php(53): Illuminate\\Pipeline\\Pipeline->Illuminate\\Pipeline\\{closure}(Object(Illuminate\\Http\\Request))
#17 /Volumes/KHAC QUANG/ELEDEVO ACEDEMY/Project Demo/quangdemo1/vendor/laravel/framework/src/Illuminate/View/Middleware/ShareErrorsFromSession.php(49): Illuminate\\Routing\\Pipeline->Illuminate\\Routing\\{closure}(Object(Illuminate\\Http\\Request))
#18 /Volumes/KHAC QUANG/ELEDEVO ACEDEMY/Project Demo/quangdemo1/vendor/laravel/framework/src/Illuminate/Pipeline/Pipeline.php(163): Illuminate\\View\\Middleware\\ShareErrorsFromSession->handle(Object(Illuminate\\Http\\Request), Object(Closure))
#19 /Volumes/KHAC QUANG/ELEDEVO ACEDEMY/Project Demo/quangdemo1/vendor/laravel/framework/src/Illuminate/Routing/Pipeline.php(53): Illuminate\\Pipeline\\Pipeline->Illuminate\\Pipeline\\{closure}(Object(Illuminate\\Http\\Request))
#20 /Volumes/KHAC QUANG/ELEDEVO ACEDEMY/Project Demo/quangdemo1/vendor/laravel/framework/src/Illuminate/Session/Middleware/StartSession.php(56): Illuminate\\Routing\\Pipeline->Illuminate\\Routing\\{closure}(Object(Illuminate\\Http\\Request))
#21 /Volumes/KHAC QUANG/ELEDEVO ACEDEMY/Project Demo/quangdemo1/vendor/laravel/framework/src/Illuminate/Pipeline/Pipeline.php(163): Illuminate\\Session\\Middleware\\StartSession->handle(Object(Illuminate\\Http\\Request), Object(Closure))
#22 /Volumes/KHAC QUANG/ELEDEVO ACEDEMY/Project Demo/quangdemo1/vendor/laravel/framework/src/Illuminate/Routing/Pipeline.php(53): Illuminate\\Pipeline\\Pipeline->Illuminate\\Pipeline\\{closure}(Object(Illuminate\\Http\\Request))
#23 /Volumes/KHAC QUANG/ELEDEVO ACEDEMY/Project Demo/quangdemo1/vendor/laravel/framework/src/Illuminate/Cookie/Middleware/AddQueuedCookiesToResponse.php(37): Illuminate\\Routing\\Pipeline->Illuminate\\Routing\\{closure}(Object(Illuminate\\Http\\Request))
#24 /Volumes/KHAC QUANG/ELEDEVO ACEDEMY/Project Demo/quangdemo1/vendor/laravel/framework/src/Illuminate/Pipeline/Pipeline.php(163): Illuminate\\Cookie\\Middleware\\AddQueuedCookiesToResponse->handle(Object(Illuminate\\Http\\Request), Object(Closure))
#25 /Volumes/KHAC QUANG/ELEDEVO ACEDEMY/Project Demo/quangdemo1/vendor/laravel/framework/src/Illuminate/Routing/Pipeline.php(53): Illuminate\\Pipeline\\Pipeline->Illuminate\\Pipeline\\{closure}(Object(Illuminate\\Http\\Request))
#26 /Volumes/KHAC QUANG/ELEDEVO ACEDEMY/Project Demo/quangdemo1/vendor/laravel/framework/src/Illuminate/Cookie/Middleware/EncryptCookies.php(66): Illuminate\\Routing\\Pipeline->Illuminate\\Routing\\{closure}(Object(Illuminate\\Http\\Request))
#27 /Volumes/KHAC QUANG/ELEDEVO ACEDEMY/Project Demo/quangdemo1/vendor/laravel/framework/src/Illuminate/Pipeline/Pipeline.php(163): Illuminate\\Cookie\\Middleware\\EncryptCookies->handle(Object(Illuminate\\Http\\Request), Object(Closure))
#28 /Volumes/KHAC QUANG/ELEDEVO ACEDEMY/Project Demo/quangdemo1/vendor/laravel/framework/src/Illuminate/Routing/Pipeline.php(53): Illuminate\\Pipeline\\Pipeline->Illuminate\\Pipeline\\{closure}(Object(Illuminate\\Http\\Request))
#29 /Volumes/KHAC QUANG/ELEDEVO ACEDEMY/Project Demo/quangdemo1/vendor/laravel/framework/src/Illuminate/Pipeline/Pipeline.php(104): Illuminate\\Routing\\Pipeline->Illuminate\\Routing\\{closure}(Object(Illuminate\\Http\\Request))
#30 /Volumes/KHAC QUANG/ELEDEVO ACEDEMY/Project Demo/quangdemo1/vendor/laravel/framework/src/Illuminate/Routing/Router.php(682): Illuminate\\Pipeline\\Pipeline->then(Object(Closure))
#31 /Volumes/KHAC QUANG/ELEDEVO ACEDEMY/Project Demo/quangdemo1/vendor/laravel/framework/src/Illuminate/Routing/Router.php(657): Illuminate\\Routing\\Router->runRouteWithinStack(Object(Illuminate\\Routing\\Route), Object(Illuminate\\Http\\Request))
#32 /Volumes/KHAC QUANG/ELEDEVO ACEDEMY/Project Demo/quangdemo1/vendor/laravel/framework/src/Illuminate/Routing/Router.php(623): Illuminate\\Routing\\Router->runRoute(Object(Illuminate\\Http\\Request), Object(Illuminate\\Routing\\Route))
#33 /Volumes/KHAC QUANG/ELEDEVO ACEDEMY/Project Demo/quangdemo1/vendor/laravel/framework/src/Illuminate/Routing/Router.php(612): Illuminate\\Routing\\Router->dispatchToRoute(Object(Illuminate\\Http\\Request))
#34 /Volumes/KHAC QUANG/ELEDEVO ACEDEMY/Project Demo/quangdemo1/vendor/laravel/framework/src/Illuminate/Foundation/Http/Kernel.php(176): Illuminate\\Routing\\Router->dispatch(Object(Illuminate\\Http\\Request))
#35 /Volumes/KHAC QUANG/ELEDEVO ACEDEMY/Project Demo/quangdemo1/vendor/laravel/framework/src/Illuminate/Routing/Pipeline.php(30): Illuminate\\Foundation\\Http\\Kernel->Illuminate\\Foundation\\Http\\{closure}(Object(Illuminate\\Http\\Request))
#36 /Volumes/KHAC QUANG/ELEDEVO ACEDEMY/Project Demo/quangdemo1/vendor/laravel/framework/src/Illuminate/Foundation/Http/Middleware/TransformsRequest.php(21): Illuminate\\Routing\\Pipeline->Illuminate\\Routing\\{closure}(Object(Illuminate\\Http\\Request))
#37 /Volumes/KHAC QUANG/ELEDEVO ACEDEMY/Project Demo/quangdemo1/vendor/laravel/framework/src/Illuminate/Pipeline/Pipeline.php(163): Illuminate\\Foundation\\Http\\Middleware\\TransformsRequest->handle(Object(Illuminate\\Http\\Request), Object(Closure))
#38 /Volumes/KHAC QUANG/ELEDEVO ACEDEMY/Project Demo/quangdemo1/vendor/laravel/framework/src/Illuminate/Routing/Pipeline.php(53): Illuminate\\Pipeline\\Pipeline->Illuminate\\Pipeline\\{closure}(Object(Illuminate\\Http\\Request))
#39 /Volumes/KHAC QUANG/ELEDEVO ACEDEMY/Project Demo/quangdemo1/vendor/laravel/framework/src/Illuminate/Foundation/Http/Middleware/TransformsRequest.php(21): Illuminate\\Routing\\Pipeline->Illuminate\\Routing\\{closure}(Object(Illuminate\\Http\\Request))
#40 /Volumes/KHAC QUANG/ELEDEVO ACEDEMY/Project Demo/quangdemo1/vendor/laravel/framework/src/Illuminate/Pipeline/Pipeline.php(163): Illuminate\\Foundation\\Http\\Middleware\\TransformsRequest->handle(Object(Illuminate\\Http\\Request), Object(Closure))
#41 /Volumes/KHAC QUANG/ELEDEVO ACEDEMY/Project Demo/quangdemo1/vendor/laravel/framework/src/Illuminate/Routing/Pipeline.php(53): Illuminate\\Pipeline\\Pipeline->Illuminate\\Pipeline\\{closure}(Object(Illuminate\\Http\\Request))
#42 /Volumes/KHAC QUANG/ELEDEVO ACEDEMY/Project Demo/quangdemo1/vendor/laravel/framework/src/Illuminate/Foundation/Http/Middleware/ValidatePostSize.php(27): Illuminate\\Routing\\Pipeline->Illuminate\\Routing\\{closure}(Object(Illuminate\\Http\\Request))
#43 /Volumes/KHAC QUANG/ELEDEVO ACEDEMY/Project Demo/quangdemo1/vendor/laravel/framework/src/Illuminate/Pipeline/Pipeline.php(163): Illuminate\\Foundation\\Http\\Middleware\\ValidatePostSize->handle(Object(Illuminate\\Http\\Request), Object(Closure))
#44 /Volumes/KHAC QUANG/ELEDEVO ACEDEMY/Project Demo/quangdemo1/vendor/laravel/framework/src/Illuminate/Routing/Pipeline.php(53): Illuminate\\Pipeline\\Pipeline->Illuminate\\Pipeline\\{closure}(Object(Illuminate\\Http\\Request))
#45 /Volumes/KHAC QUANG/ELEDEVO ACEDEMY/Project Demo/quangdemo1/vendor/laravel/framework/src/Illuminate/Foundation/Http/Middleware/CheckForMaintenanceMode.php(62): Illuminate\\Routing\\Pipeline->Illuminate\\Routing\\{closure}(Object(Illuminate\\Http\\Request))
#46 /Volumes/KHAC QUANG/ELEDEVO ACEDEMY/Project Demo/quangdemo1/vendor/laravel/framework/src/Illuminate/Pipeline/Pipeline.php(163): Illuminate\\Foundation\\Http\\Middleware\\CheckForMaintenanceMode->handle(Object(Illuminate\\Http\\Request), Object(Closure))
#47 /Volumes/KHAC QUANG/ELEDEVO ACEDEMY/Project Demo/quangdemo1/vendor/laravel/framework/src/Illuminate/Routing/Pipeline.php(53): Illuminate\\Pipeline\\Pipeline->Illuminate\\Pipeline\\{closure}(Object(Illuminate\\Http\\Request))
#48 /Volumes/KHAC QUANG/ELEDEVO ACEDEMY/Project Demo/quangdemo1/vendor/fideloper/proxy/src/TrustProxies.php(57): Illuminate\\Routing\\Pipeline->Illuminate\\Routing\\{closure}(Object(Illuminate\\Http\\Request))
#49 /Volumes/KHAC QUANG/ELEDEVO ACEDEMY/Project Demo/quangdemo1/vendor/laravel/framework/src/Illuminate/Pipeline/Pipeline.php(163): Fideloper\\Proxy\\TrustProxies->handle(Object(Illuminate\\Http\\Request), Object(Closure))
#50 /Volumes/KHAC QUANG/ELEDEVO ACEDEMY/Project Demo/quangdemo1/vendor/laravel/framework/src/Illuminate/Routing/Pipeline.php(53): Illuminate\\Pipeline\\Pipeline->Illuminate\\Pipeline\\{closure}(Object(Illuminate\\Http\\Request))
#51 /Volumes/KHAC QUANG/ELEDEVO ACEDEMY/Project Demo/quangdemo1/vendor/laravel/framework/src/Illuminate/Pipeline/Pipeline.php(104): Illuminate\\Routing\\Pipeline->Illuminate\\Routing\\{closure}(Object(Illuminate\\Http\\Request))
#52 /Volumes/KHAC QUANG/ELEDEVO ACEDEMY/Project Demo/quangdemo1/vendor/laravel/framework/src/Illuminate/Foundation/Http/Kernel.php(151): Illuminate\\Pipeline\\Pipeline->then(Object(Closure))
#53 /Volumes/KHAC QUANG/ELEDEVO ACEDEMY/Project Demo/quangdemo1/vendor/laravel/framework/src/Illuminate/Foundation/Http/Kernel.php(116): Illuminate\\Foundation\\Http\\Kernel->sendRequestThroughRouter(Object(Illuminate\\Http\\Request))
#54 /Volumes/KHAC QUANG/ELEDEVO ACEDEMY/Project Demo/quangdemo1/public/index.php(54): Illuminate\\Foundation\\Http\\Kernel->handle(Object(Illuminate\\Http\\Request))
#55 /Volumes/KHAC QUANG/ELEDEVO ACEDEMY/Project Demo/quangdemo1/server.php(21): require_once('/Volumes/KHAC Q...')
#56 {main}
"} 
